[src/main/bash/checkoutD4J.sh, Time, 1, tmp/Time-001]
Check out 9a62b06b to /home/serenach/MultiEdit_Experiments/tmp/Time-001/bug OK
Init local repository...................................................... OK
Tag post-fix revision...................................................... OK
Run post-checkout hook..................................................... OK
Initialize fixed program version........................................... OK
Apply patch................................................................ OK
Initialize buggy program version........................................... OK
Diff 9a62b06b:8612f9e5..................................................... OK
Apply patch................................................................ OK
Tag pre-fix revision....................................................... OK
Check out program version: Time-1b......................................... OK
Check out 9a62b06b to /home/serenach/MultiEdit_Experiments/tmp/Time-001/pat OK
Init local repository...................................................... OK
Tag post-fix revision...................................................... OK
Run post-checkout hook..................................................... OK
Initialize fixed program version........................................... OK
Apply patch................................................................ OK
Initialize buggy program version........................................... OK
Diff 9a62b06b:8612f9e5..................................................... OK
Apply patch................................................................ OK
Tag pre-fix revision....................................................... OK
Check out program version: Time-1f......................................... OK
Running ant (compile)...................................................... OK
Running ant (compile.tests)................................................ OK
Running ant (export.tests.trigger)......................................... OK

Running ant (export.tests.relevant)........................................ OK

Running ant (export.classes.modified)...................................... OK

Running ant (export.dir.src.classes)....................................... OK

Running ant (export.dir.bin.classes)....................................... OK

Running ant (export.dir.bin.tests)......................................... OK

Running ant (export.cp.compile)............................................ OK

Running ant (export.cp.test)............................................... OK

Running ant (compile)...................................................... OK
Running ant (compile.tests)................................................ OK
Running ant (export.dir.src.classes)....................................... OK

Running ant (export.dir.bin.classes)....................................... OK

Running ant (export.dir.bin.tests)......................................... OK

Running ant (export.cp.compile)............................................ OK

Running ant (export.cp.test)............................................... OK

[java, -classpath, target/classes:tmp/Time-001/patched/target/classes:tmp/Time-001/patched/target/test-classes:/home/serenach/MultiEdit_Experiments/tmp/Time-001/patched/target/classes:/home/serenach/tooling/defects4j/framework/projects/Time/lib/org/joda/joda-convert/1.2/joda-convert-1.2.jar:/home/serenach/tooling/defects4j/framework/projects/Time/lib/org/joda/joda-convert/1.2/joda-convert-1.2.jar:/home/serenach/tooling/defects4j/framework/projects/Time/lib/junit/junit/3.8.2/junit-3.8.2.jar:/home/serenach/MultiEdit_Experiments/tmp/Time-001/patched/target/classes:/home/serenach/MultiEdit_Experiments/tmp/Time-001/patched/target/test-classes:lib/junit-4.13-rc-2.jar, -Xmx1024m, -javaagent:lib/jacocoagent.jar=excludes=org.junit.*,append=false, util.JUnitTestRunner, org.joda.time.TestPartial_Constructors::testConstructorEx7_TypeArray_intArray]
OUTPUT: org.joda.time.TestPartial_Constructors::testConstructorEx7_TypeArray_intArray
Test Class: org.joda.time.TestPartial_Constructors::testConstructorEx7_TypeArray_intArray
class org.joda.time.TestPartial_Constructors
testConstructorEx7_TypeArray_intArray
Requested #: 1
[SUCCESS]:true
[TOTAL]:1
[FAILURE]:0

[]

[rm, -rf, tmp/Time-001]
[src/main/bash/checkoutD4J.sh, Time, 2, tmp/Time-002]
Check out 8612f9e5 to /home/serenach/MultiEdit_Experiments/tmp/Time-002/bug OK
Init local repository...................................................... OK
Tag post-fix revision...................................................... OK
Run post-checkout hook..................................................... OK
Initialize fixed program version........................................... OK
Apply patch................................................................ OK
Initialize buggy program version........................................... OK
Diff 8612f9e5:8d109fe1..................................................... OK
Apply patch................................................................ OK
Tag pre-fix revision....................................................... OK
Check out program version: Time-2b......................................... OK
Check out 8612f9e5 to /home/serenach/MultiEdit_Experiments/tmp/Time-002/pat OK
Init local repository...................................................... OK
Tag post-fix revision...................................................... OK
Run post-checkout hook..................................................... OK
Initialize fixed program version........................................... OK
Apply patch................................................................ OK
Initialize buggy program version........................................... OK
Diff 8612f9e5:8d109fe1..................................................... OK
Apply patch................................................................ OK
Tag pre-fix revision....................................................... OK
Check out program version: Time-2f......................................... OK
Running ant (compile)...................................................... OK
Running ant (compile.tests)................................................ OK
Running ant (export.tests.trigger)......................................... OK

Running ant (export.tests.relevant)........................................ OK

Running ant (export.classes.modified)...................................... OK

Running ant (export.dir.src.classes)....................................... OK

Running ant (export.dir.bin.classes)....................................... OK

Running ant (export.dir.bin.tests)......................................... OK

Running ant (export.cp.compile)............................................ OK

Running ant (export.cp.test)............................................... OK

Running ant (compile)...................................................... OK
Running ant (compile.tests)................................................ OK
Running ant (export.dir.src.classes)....................................... OK

Running ant (export.dir.bin.classes)....................................... OK

Running ant (export.dir.bin.tests)......................................... OK

Running ant (export.cp.compile)............................................ OK

Running ant (export.cp.test)............................................... OK

[java, -classpath, target/classes:tmp/Time-002/patched/target/classes:tmp/Time-002/patched/target/test-classes:/home/serenach/MultiEdit_Experiments/tmp/Time-002/patched/target/classes:/home/serenach/tooling/defects4j/framework/projects/Time/lib/org/joda/joda-convert/1.2/joda-convert-1.2.jar:/home/serenach/tooling/defects4j/framework/projects/Time/lib/org/joda/joda-convert/1.2/joda-convert-1.2.jar:/home/serenach/tooling/defects4j/framework/projects/Time/lib/junit/junit/3.8.2/junit-3.8.2.jar:/home/serenach/MultiEdit_Experiments/tmp/Time-002/patched/target/classes:/home/serenach/MultiEdit_Experiments/tmp/Time-002/patched/target/test-classes:lib/junit-4.13-rc-2.jar, -Xmx1024m, -javaagent:lib/jacocoagent.jar=excludes=org.junit.*,append=false, util.JUnitTestRunner, org.joda.time.TestPartial_Basics::testWith_baseAndArgHaveNoRange]
OUTPUT: org.joda.time.TestPartial_Basics::testWith_baseAndArgHaveNoRange
Test Class: org.joda.time.TestPartial_Basics::testWith_baseAndArgHaveNoRange
class org.joda.time.TestPartial_Basics
testWith_baseAndArgHaveNoRange
Requested #: 1
[SUCCESS]:true
[TOTAL]:1
[FAILURE]:0

[]

[rm, -rf, tmp/Time-002]
[src/main/bash/checkoutD4J.sh, Time, 3, tmp/Time-003]
Check out 8d109fe1 to /home/serenach/MultiEdit_Experiments/tmp/Time-003/bug OK
Init local repository...................................................... OK
Tag post-fix revision...................................................... OK
Run post-checkout hook..................................................... OK
Initialize fixed program version........................................... OK
Apply patch................................................................ OK
Initialize buggy program version........................................... OK
Diff 8d109fe1:3ba9ba79..................................................... OK
Apply patch................................................................ OK
Tag pre-fix revision....................................................... OK
Check out program version: Time-3b......................................... OK
Check out 8d109fe1 to /home/serenach/MultiEdit_Experiments/tmp/Time-003/pat OK
Init local repository...................................................... OK
Tag post-fix revision...................................................... OK
Run post-checkout hook..................................................... OK
Initialize fixed program version........................................... OK
Apply patch................................................................ OK
Initialize buggy program version........................................... OK
Diff 8d109fe1:3ba9ba79..................................................... OK
Apply patch................................................................ OK
Tag pre-fix revision....................................................... OK
Check out program version: Time-3f......................................... OK
Running ant (compile)...................................................... OK
Running ant (compile.tests)................................................ OK
Running ant (export.tests.trigger)......................................... OK

Running ant (export.tests.relevant)........................................ OK

Running ant (export.classes.modified)...................................... OK

Running ant (export.dir.src.classes)....................................... OK

Running ant (export.dir.bin.classes)....................................... OK

Running ant (export.dir.bin.tests)......................................... OK

Running ant (export.cp.compile)............................................ OK

Running ant (export.cp.test)............................................... OK

Running ant (compile)...................................................... OK
Running ant (compile.tests)................................................ OK
Running ant (export.dir.src.classes)....................................... OK

Running ant (export.dir.bin.classes)....................................... OK

Running ant (export.dir.bin.tests)......................................... OK

Running ant (export.cp.compile)............................................ OK

Running ant (export.cp.test)............................................... OK

[java, -classpath, target/classes:tmp/Time-003/patched/target/classes:tmp/Time-003/patched/target/test-classes:/home/serenach/MultiEdit_Experiments/tmp/Time-003/patched/target/classes:/home/serenach/tooling/defects4j/framework/projects/Time/lib/org/joda/joda-convert/1.2/joda-convert-1.2.jar:/home/serenach/tooling/defects4j/framework/projects/Time/lib/org/joda/joda-convert/1.2/joda-convert-1.2.jar:/home/serenach/tooling/defects4j/framework/projects/Time/lib/junit/junit/3.8.2/junit-3.8.2.jar:/home/serenach/MultiEdit_Experiments/tmp/Time-003/patched/target/classes:/home/serenach/MultiEdit_Experiments/tmp/Time-003/patched/target/test-classes:lib/junit-4.13-rc-2.jar, -Xmx1024m, -javaagent:lib/jacocoagent.jar=excludes=org.junit.*,append=false, util.JUnitTestRunner, org.joda.time.TestMutableDateTime_Adds::testAddYears_int_dstOverlapWinter_addZero]
OUTPUT: org.joda.time.TestMutableDateTime_Adds::testAddYears_int_dstOverlapWinter_addZero
Test Class: org.joda.time.TestMutableDateTime_Adds::testAddYears_int_dstOverlapWinter_addZero
class org.joda.time.TestMutableDateTime_Adds
testAddYears_int_dstOverlapWinter_addZero
Requested #: 1
[SUCCESS]:true
[TOTAL]:1
[FAILURE]:0

[]

[java, -classpath, target/classes:tmp/Time-003/patched/target/classes:tmp/Time-003/patched/target/test-classes:/home/serenach/MultiEdit_Experiments/tmp/Time-003/patched/target/classes:/home/serenach/tooling/defects4j/framework/projects/Time/lib/org/joda/joda-convert/1.2/joda-convert-1.2.jar:/home/serenach/tooling/defects4j/framework/projects/Time/lib/org/joda/joda-convert/1.2/joda-convert-1.2.jar:/home/serenach/tooling/defects4j/framework/projects/Time/lib/junit/junit/3.8.2/junit-3.8.2.jar:/home/serenach/MultiEdit_Experiments/tmp/Time-003/patched/target/classes:/home/serenach/MultiEdit_Experiments/tmp/Time-003/patched/target/test-classes:lib/junit-4.13-rc-2.jar, -Xmx1024m, -javaagent:lib/jacocoagent.jar=excludes=org.junit.*,append=false, util.JUnitTestRunner, org.joda.time.TestMutableDateTime_Adds::testAddDays_int_dstOverlapWinter_addZero]
OUTPUT: org.joda.time.TestMutableDateTime_Adds::testAddDays_int_dstOverlapWinter_addZero
Test Class: org.joda.time.TestMutableDateTime_Adds::testAddDays_int_dstOverlapWinter_addZero
class org.joda.time.TestMutableDateTime_Adds
testAddDays_int_dstOverlapWinter_addZero
Requested #: 1
[SUCCESS]:true
[TOTAL]:1
[FAILURE]:0

[]

[java, -classpath, target/classes:tmp/Time-003/patched/target/classes:tmp/Time-003/patched/target/test-classes:/home/serenach/MultiEdit_Experiments/tmp/Time-003/patched/target/classes:/home/serenach/tooling/defects4j/framework/projects/Time/lib/org/joda/joda-convert/1.2/joda-convert-1.2.jar:/home/serenach/tooling/defects4j/framework/projects/Time/lib/org/joda/joda-convert/1.2/joda-convert-1.2.jar:/home/serenach/tooling/defects4j/framework/projects/Time/lib/junit/junit/3.8.2/junit-3.8.2.jar:/home/serenach/MultiEdit_Experiments/tmp/Time-003/patched/target/classes:/home/serenach/MultiEdit_Experiments/tmp/Time-003/patched/target/test-classes:lib/junit-4.13-rc-2.jar, -Xmx1024m, -javaagent:lib/jacocoagent.jar=excludes=org.junit.*,append=false, util.JUnitTestRunner, org.joda.time.TestMutableDateTime_Adds::testAddWeeks_int_dstOverlapWinter_addZero]
OUTPUT: org.joda.time.TestMutableDateTime_Adds::testAddWeeks_int_dstOverlapWinter_addZero
Test Class: org.joda.time.TestMutableDateTime_Adds::testAddWeeks_int_dstOverlapWinter_addZero
class org.joda.time.TestMutableDateTime_Adds
testAddWeeks_int_dstOverlapWinter_addZero
Requested #: 1
[SUCCESS]:true
[TOTAL]:1
[FAILURE]:0

[]

[java, -classpath, target/classes:tmp/Time-003/patched/target/classes:tmp/Time-003/patched/target/test-classes:/home/serenach/MultiEdit_Experiments/tmp/Time-003/patched/target/classes:/home/serenach/tooling/defects4j/framework/projects/Time/lib/org/joda/joda-convert/1.2/joda-convert-1.2.jar:/home/serenach/tooling/defects4j/framework/projects/Time/lib/org/joda/joda-convert/1.2/joda-convert-1.2.jar:/home/serenach/tooling/defects4j/framework/projects/Time/lib/junit/junit/3.8.2/junit-3.8.2.jar:/home/serenach/MultiEdit_Experiments/tmp/Time-003/patched/target/classes:/home/serenach/MultiEdit_Experiments/tmp/Time-003/patched/target/test-classes:lib/junit-4.13-rc-2.jar, -Xmx1024m, -javaagent:lib/jacocoagent.jar=excludes=org.junit.*,append=false, util.JUnitTestRunner, org.joda.time.TestMutableDateTime_Adds::testAdd_DurationFieldType_int_dstOverlapWinter_addZero]
OUTPUT: org.joda.time.TestMutableDateTime_Adds::testAdd_DurationFieldType_int_dstOverlapWinter_addZero
Test Class: org.joda.time.TestMutableDateTime_Adds::testAdd_DurationFieldType_int_dstOverlapWinter_addZero
class org.joda.time.TestMutableDateTime_Adds
testAdd_DurationFieldType_int_dstOverlapWinter_addZero
Requested #: 1
[SUCCESS]:true
[TOTAL]:1
[FAILURE]:0

[]

[java, -classpath, target/classes:tmp/Time-003/patched/target/classes:tmp/Time-003/patched/target/test-classes:/home/serenach/MultiEdit_Experiments/tmp/Time-003/patched/target/classes:/home/serenach/tooling/defects4j/framework/projects/Time/lib/org/joda/joda-convert/1.2/joda-convert-1.2.jar:/home/serenach/tooling/defects4j/framework/projects/Time/lib/org/joda/joda-convert/1.2/joda-convert-1.2.jar:/home/serenach/tooling/defects4j/framework/projects/Time/lib/junit/junit/3.8.2/junit-3.8.2.jar:/home/serenach/MultiEdit_Experiments/tmp/Time-003/patched/target/classes:/home/serenach/MultiEdit_Experiments/tmp/Time-003/patched/target/test-classes:lib/junit-4.13-rc-2.jar, -Xmx1024m, -javaagent:lib/jacocoagent.jar=excludes=org.junit.*,append=false, util.JUnitTestRunner, org.joda.time.TestMutableDateTime_Adds::testAddMonths_int_dstOverlapWinter_addZero]
OUTPUT: org.joda.time.TestMutableDateTime_Adds::testAddMonths_int_dstOverlapWinter_addZero
Test Class: org.joda.time.TestMutableDateTime_Adds::testAddMonths_int_dstOverlapWinter_addZero
class org.joda.time.TestMutableDateTime_Adds
testAddMonths_int_dstOverlapWinter_addZero
Requested #: 1
[SUCCESS]:true
[TOTAL]:1
[FAILURE]:0

[]

[rm, -rf, tmp/Time-003]
[src/main/bash/checkoutD4J.sh, Time, 4, tmp/Time-004]
Check out 3ba9ba79 to /home/serenach/MultiEdit_Experiments/tmp/Time-004/bug OK
Init local repository...................................................... OK
Tag post-fix revision...................................................... OK
Run post-checkout hook..................................................... OK
Initialize fixed program version........................................... OK
Apply patch................................................................ OK
Initialize buggy program version........................................... OK
Diff 3ba9ba79:bcb04466..................................................... OK
Apply patch................................................................ OK
Tag pre-fix revision....................................................... OK
Check out program version: Time-4b......................................... OK
Check out 3ba9ba79 to /home/serenach/MultiEdit_Experiments/tmp/Time-004/pat OK
Init local repository...................................................... OK
Tag post-fix revision...................................................... OK
Run post-checkout hook..................................................... OK
Initialize fixed program version........................................... OK
Apply patch................................................................ OK
Initialize buggy program version........................................... OK
Diff 3ba9ba79:bcb04466..................................................... OK
Apply patch................................................................ OK
Tag pre-fix revision....................................................... OK
Check out program version: Time-4f......................................... OK
Running ant (compile)...................................................... OK
Running ant (compile.tests)................................................ OK
Running ant (export.tests.trigger)......................................... OK

Running ant (export.tests.relevant)........................................ OK

Running ant (export.classes.modified)...................................... OK

Running ant (export.dir.src.classes)....................................... OK

Running ant (export.dir.bin.classes)....................................... OK

Running ant (export.dir.bin.tests)......................................... OK

Running ant (export.cp.compile)............................................ OK

Running ant (export.cp.test)............................................... OK

Running ant (compile)...................................................... OK
Running ant (compile.tests)................................................ OK
Running ant (export.dir.src.classes)....................................... OK

Running ant (export.dir.bin.classes)....................................... OK

Running ant (export.dir.bin.tests)......................................... OK

Running ant (export.cp.compile)............................................ OK

Running ant (export.cp.test)............................................... OK

[java, -classpath, target/classes:tmp/Time-004/patched/target/classes:tmp/Time-004/patched/target/test-classes:/home/serenach/MultiEdit_Experiments/tmp/Time-004/patched/target/classes:/home/serenach/tooling/defects4j/framework/projects/Time/lib/org/joda/joda-convert/1.2/joda-convert-1.2.jar:/home/serenach/tooling/defects4j/framework/projects/Time/lib/org/joda/joda-convert/1.2/joda-convert-1.2.jar:/home/serenach/tooling/defects4j/framework/projects/Time/lib/junit/junit/3.8.2/junit-3.8.2.jar:/home/serenach/MultiEdit_Experiments/tmp/Time-004/patched/target/classes:/home/serenach/MultiEdit_Experiments/tmp/Time-004/patched/target/test-classes:lib/junit-4.13-rc-2.jar, -Xmx1024m, -javaagent:lib/jacocoagent.jar=excludes=org.junit.*,append=false, util.JUnitTestRunner, org.joda.time.TestPartial_Basics::testWith3]
OUTPUT: org.joda.time.TestPartial_Basics::testWith3
Test Class: org.joda.time.TestPartial_Basics::testWith3
class org.joda.time.TestPartial_Basics
testWith3
Requested #: 1
[SUCCESS]:true
[TOTAL]:1
[FAILURE]:0

[]

[rm, -rf, tmp/Time-004]
[src/main/bash/checkoutD4J.sh, Time, 5, tmp/Time-005]
Check out a6cb59ed to /home/serenach/MultiEdit_Experiments/tmp/Time-005/bug OK
Init local repository...................................................... OK
Tag post-fix revision...................................................... OK
Run post-checkout hook..................................................... OK
Initialize fixed program version........................................... OK
Apply patch................................................................ OK
Initialize buggy program version........................................... OK
Diff a6cb59ed:a38b5e0c..................................................... OK
Apply patch................................................................ OK
Tag pre-fix revision....................................................... OK
Check out program version: Time-5b......................................... OK
Check out a6cb59ed to /home/serenach/MultiEdit_Experiments/tmp/Time-005/pat OK
Init local repository...................................................... OK
Tag post-fix revision...................................................... OK
Run post-checkout hook..................................................... OK
Initialize fixed program version........................................... OK
Apply patch................................................................ OK
Initialize buggy program version........................................... OK
Diff a6cb59ed:a38b5e0c..................................................... OK
Apply patch................................................................ OK
Tag pre-fix revision....................................................... OK
Check out program version: Time-5f......................................... OK
Running ant (compile)...................................................... OK
Running ant (compile.tests)................................................ OK
Running ant (export.tests.trigger)......................................... OK

Running ant (export.tests.relevant)........................................ OK

Running ant (export.classes.modified)...................................... OK

Running ant (export.dir.src.classes)....................................... OK

Running ant (export.dir.bin.classes)....................................... OK

Running ant (export.dir.bin.tests)......................................... OK

Running ant (export.cp.compile)............................................ OK

Running ant (export.cp.test)............................................... OK

Running ant (compile)...................................................... OK
Running ant (compile.tests)................................................ OK
Running ant (export.dir.src.classes)....................................... OK

Running ant (export.dir.bin.classes)....................................... OK

Running ant (export.dir.bin.tests)......................................... OK

Running ant (export.cp.compile)............................................ OK

Running ant (export.cp.test)............................................... OK

[java, -classpath, target/classes:tmp/Time-005/patched/target/classes:tmp/Time-005/patched/target/test-classes:/home/serenach/MultiEdit_Experiments/tmp/Time-005/patched/target/classes:/home/serenach/tooling/defects4j/framework/projects/Time/lib/org/joda/joda-convert/1.2/joda-convert-1.2.jar:/home/serenach/tooling/defects4j/framework/projects/Time/lib/org/joda/joda-convert/1.2/joda-convert-1.2.jar:/home/serenach/tooling/defects4j/framework/projects/Time/lib/junit/junit/3.8.2/junit-3.8.2.jar:/home/serenach/MultiEdit_Experiments/tmp/Time-005/patched/target/classes:/home/serenach/MultiEdit_Experiments/tmp/Time-005/patched/target/test-classes:lib/junit-4.13-rc-2.jar, -Xmx1024m, -javaagent:lib/jacocoagent.jar=excludes=org.junit.*,append=false, util.JUnitTestRunner, org.joda.time.TestPeriod_Basics::testNormalizedStandard_periodType_months1]
OUTPUT: org.joda.time.TestPeriod_Basics::testNormalizedStandard_periodType_months1
Test Class: org.joda.time.TestPeriod_Basics::testNormalizedStandard_periodType_months1
class org.joda.time.TestPeriod_Basics
testNormalizedStandard_periodType_months1
Requested #: 1
[SUCCESS]:true
[TOTAL]:1
[FAILURE]:0

[]

[java, -classpath, target/classes:tmp/Time-005/patched/target/classes:tmp/Time-005/patched/target/test-classes:/home/serenach/MultiEdit_Experiments/tmp/Time-005/patched/target/classes:/home/serenach/tooling/defects4j/framework/projects/Time/lib/org/joda/joda-convert/1.2/joda-convert-1.2.jar:/home/serenach/tooling/defects4j/framework/projects/Time/lib/org/joda/joda-convert/1.2/joda-convert-1.2.jar:/home/serenach/tooling/defects4j/framework/projects/Time/lib/junit/junit/3.8.2/junit-3.8.2.jar:/home/serenach/MultiEdit_Experiments/tmp/Time-005/patched/target/classes:/home/serenach/MultiEdit_Experiments/tmp/Time-005/patched/target/test-classes:lib/junit-4.13-rc-2.jar, -Xmx1024m, -javaagent:lib/jacocoagent.jar=excludes=org.junit.*,append=false, util.JUnitTestRunner, org.joda.time.TestPeriod_Basics::testNormalizedStandard_periodType_months2]
OUTPUT: org.joda.time.TestPeriod_Basics::testNormalizedStandard_periodType_months2
Test Class: org.joda.time.TestPeriod_Basics::testNormalizedStandard_periodType_months2
class org.joda.time.TestPeriod_Basics
testNormalizedStandard_periodType_months2
Requested #: 1
[SUCCESS]:true
[TOTAL]:1
[FAILURE]:0

[]

[java, -classpath, target/classes:tmp/Time-005/patched/target/classes:tmp/Time-005/patched/target/test-classes:/home/serenach/MultiEdit_Experiments/tmp/Time-005/patched/target/classes:/home/serenach/tooling/defects4j/framework/projects/Time/lib/org/joda/joda-convert/1.2/joda-convert-1.2.jar:/home/serenach/tooling/defects4j/framework/projects/Time/lib/org/joda/joda-convert/1.2/joda-convert-1.2.jar:/home/serenach/tooling/defects4j/framework/projects/Time/lib/junit/junit/3.8.2/junit-3.8.2.jar:/home/serenach/MultiEdit_Experiments/tmp/Time-005/patched/target/classes:/home/serenach/MultiEdit_Experiments/tmp/Time-005/patched/target/test-classes:lib/junit-4.13-rc-2.jar, -Xmx1024m, -javaagent:lib/jacocoagent.jar=excludes=org.junit.*,append=false, util.JUnitTestRunner, org.joda.time.TestPeriod_Basics::testNormalizedStandard_periodType_monthsWeeks]
OUTPUT: org.joda.time.TestPeriod_Basics::testNormalizedStandard_periodType_monthsWeeks
Test Class: org.joda.time.TestPeriod_Basics::testNormalizedStandard_periodType_monthsWeeks
class org.joda.time.TestPeriod_Basics
testNormalizedStandard_periodType_monthsWeeks
Requested #: 1
[SUCCESS]:true
[TOTAL]:1
[FAILURE]:0

[]

[rm, -rf, tmp/Time-005]
[src/main/bash/checkoutD4J.sh, Time, 6, tmp/Time-006]
Check out 28aeba95 to /home/serenach/MultiEdit_Experiments/tmp/Time-006/bug OK
Init local repository...................................................... OK
Tag post-fix revision...................................................... OK
Run post-checkout hook..................................................... OK
Initialize fixed program version........................................... OK
Apply patch................................................................ OK
Initialize buggy program version........................................... OK
Diff 28aeba95:91b1ba4e..................................................... OK
Apply patch................................................................ OK
Tag pre-fix revision....................................................... OK
Check out program version: Time-6b......................................... OK
Check out 28aeba95 to /home/serenach/MultiEdit_Experiments/tmp/Time-006/pat OK
Init local repository...................................................... OK
Tag post-fix revision...................................................... OK
Run post-checkout hook..................................................... OK
Initialize fixed program version........................................... OK
Apply patch................................................................ OK
Initialize buggy program version........................................... OK
Diff 28aeba95:91b1ba4e..................................................... OK
Apply patch................................................................ OK
Tag pre-fix revision....................................................... OK
Check out program version: Time-6f......................................... OK
Running ant (compile)...................................................... OK
Running ant (compile.tests)................................................ OK
Running ant (export.tests.trigger)......................................... OK

Running ant (export.tests.relevant)........................................ OK

Running ant (export.classes.modified)...................................... OK

Running ant (export.dir.src.classes)....................................... OK

Running ant (export.dir.bin.classes)....................................... OK

Running ant (export.dir.bin.tests)......................................... OK

Running ant (export.cp.compile)............................................ OK

Running ant (export.cp.test)............................................... OK

Running ant (compile)...................................................... OK
Running ant (compile.tests)................................................ OK
Running ant (export.dir.src.classes)....................................... OK

Running ant (export.dir.bin.classes)....................................... OK

Running ant (export.dir.bin.tests)......................................... OK

Running ant (export.cp.compile)............................................ OK

Running ant (export.cp.test)............................................... OK

[java, -classpath, target/classes:tmp/Time-006/patched/target/classes:tmp/Time-006/patched/target/test-classes:/home/serenach/MultiEdit_Experiments/tmp/Time-006/patched/target/classes:/home/serenach/tooling/defects4j/framework/projects/Time/lib/org/joda/joda-convert/1.2/joda-convert-1.2.jar:/home/serenach/tooling/defects4j/framework/projects/Time/lib/org/joda/joda-convert/1.2/joda-convert-1.2.jar:/home/serenach/tooling/defects4j/framework/projects/Time/lib/junit/junit/3.8.2/junit-3.8.2.jar:/home/serenach/MultiEdit_Experiments/tmp/Time-006/patched/target/classes:/home/serenach/MultiEdit_Experiments/tmp/Time-006/patched/target/test-classes:lib/junit-4.13-rc-2.jar, -Xmx1024m, -javaagent:lib/jacocoagent.jar=excludes=org.junit.*,append=false, util.JUnitTestRunner, org.joda.time.chrono.TestGJDate::test_cutoverPreZero]
OUTPUT: org.joda.time.chrono.TestGJDate::test_cutoverPreZero
Test Class: org.joda.time.chrono.TestGJDate::test_cutoverPreZero
class org.joda.time.chrono.TestGJDate
test_cutoverPreZero
Requested #: 1
[SUCCESS]:true
[TOTAL]:1
[FAILURE]:0

[]

[java, -classpath, target/classes:tmp/Time-006/patched/target/classes:tmp/Time-006/patched/target/test-classes:/home/serenach/MultiEdit_Experiments/tmp/Time-006/patched/target/classes:/home/serenach/tooling/defects4j/framework/projects/Time/lib/org/joda/joda-convert/1.2/joda-convert-1.2.jar:/home/serenach/tooling/defects4j/framework/projects/Time/lib/org/joda/joda-convert/1.2/joda-convert-1.2.jar:/home/serenach/tooling/defects4j/framework/projects/Time/lib/junit/junit/3.8.2/junit-3.8.2.jar:/home/serenach/MultiEdit_Experiments/tmp/Time-006/patched/target/classes:/home/serenach/MultiEdit_Experiments/tmp/Time-006/patched/target/test-classes:lib/junit-4.13-rc-2.jar, -Xmx1024m, -javaagent:lib/jacocoagent.jar=excludes=org.junit.*,append=false, util.JUnitTestRunner, org.joda.time.chrono.TestGJDate::test_plusWeekyears_positiveToNegative_crossCutover]
OUTPUT: org.joda.time.chrono.TestGJDate::test_plusWeekyears_positiveToNegative_crossCutover
Test Class: org.joda.time.chrono.TestGJDate::test_plusWeekyears_positiveToNegative_crossCutover
class org.joda.time.chrono.TestGJDate
test_plusWeekyears_positiveToNegative_crossCutover
Requested #: 1
[SUCCESS]:true
[TOTAL]:1
[FAILURE]:0

[]

[java, -classpath, target/classes:tmp/Time-006/patched/target/classes:tmp/Time-006/patched/target/test-classes:/home/serenach/MultiEdit_Experiments/tmp/Time-006/patched/target/classes:/home/serenach/tooling/defects4j/framework/projects/Time/lib/org/joda/joda-convert/1.2/joda-convert-1.2.jar:/home/serenach/tooling/defects4j/framework/projects/Time/lib/org/joda/joda-convert/1.2/joda-convert-1.2.jar:/home/serenach/tooling/defects4j/framework/projects/Time/lib/junit/junit/3.8.2/junit-3.8.2.jar:/home/serenach/MultiEdit_Experiments/tmp/Time-006/patched/target/classes:/home/serenach/MultiEdit_Experiments/tmp/Time-006/patched/target/test-classes:lib/junit-4.13-rc-2.jar, -Xmx1024m, -javaagent:lib/jacocoagent.jar=excludes=org.junit.*,append=false, util.JUnitTestRunner, org.joda.time.chrono.TestGJDate::test_plusYears_positiveToZero_crossCutover]
OUTPUT: org.joda.time.chrono.TestGJDate::test_plusYears_positiveToZero_crossCutover
Test Class: org.joda.time.chrono.TestGJDate::test_plusYears_positiveToZero_crossCutover
class org.joda.time.chrono.TestGJDate
test_plusYears_positiveToZero_crossCutover
Requested #: 1
[SUCCESS]:true
[TOTAL]:1
[FAILURE]:0

[]

[java, -classpath, target/classes:tmp/Time-006/patched/target/classes:tmp/Time-006/patched/target/test-classes:/home/serenach/MultiEdit_Experiments/tmp/Time-006/patched/target/classes:/home/serenach/tooling/defects4j/framework/projects/Time/lib/org/joda/joda-convert/1.2/joda-convert-1.2.jar:/home/serenach/tooling/defects4j/framework/projects/Time/lib/org/joda/joda-convert/1.2/joda-convert-1.2.jar:/home/serenach/tooling/defects4j/framework/projects/Time/lib/junit/junit/3.8.2/junit-3.8.2.jar:/home/serenach/MultiEdit_Experiments/tmp/Time-006/patched/target/classes:/home/serenach/MultiEdit_Experiments/tmp/Time-006/patched/target/test-classes:lib/junit-4.13-rc-2.jar, -Xmx1024m, -javaagent:lib/jacocoagent.jar=excludes=org.junit.*,append=false, util.JUnitTestRunner, org.joda.time.chrono.TestGJDate::test_plusYears_positiveToNegative_crossCutover]
OUTPUT: org.joda.time.chrono.TestGJDate::test_plusYears_positiveToNegative_crossCutover
Test Class: org.joda.time.chrono.TestGJDate::test_plusYears_positiveToNegative_crossCutover
class org.joda.time.chrono.TestGJDate
test_plusYears_positiveToNegative_crossCutover
Requested #: 1
[SUCCESS]:true
[TOTAL]:1
[FAILURE]:0

[]

[java, -classpath, target/classes:tmp/Time-006/patched/target/classes:tmp/Time-006/patched/target/test-classes:/home/serenach/MultiEdit_Experiments/tmp/Time-006/patched/target/classes:/home/serenach/tooling/defects4j/framework/projects/Time/lib/org/joda/joda-convert/1.2/joda-convert-1.2.jar:/home/serenach/tooling/defects4j/framework/projects/Time/lib/org/joda/joda-convert/1.2/joda-convert-1.2.jar:/home/serenach/tooling/defects4j/framework/projects/Time/lib/junit/junit/3.8.2/junit-3.8.2.jar:/home/serenach/MultiEdit_Experiments/tmp/Time-006/patched/target/classes:/home/serenach/MultiEdit_Experiments/tmp/Time-006/patched/target/test-classes:lib/junit-4.13-rc-2.jar, -Xmx1024m, -javaagent:lib/jacocoagent.jar=excludes=org.junit.*,append=false, util.JUnitTestRunner, org.joda.time.chrono.TestGJDate::test_plusWeekyears_positiveToZero_crossCutover]
OUTPUT: org.joda.time.chrono.TestGJDate::test_plusWeekyears_positiveToZero_crossCutover
Test Class: org.joda.time.chrono.TestGJDate::test_plusWeekyears_positiveToZero_crossCutover
class org.joda.time.chrono.TestGJDate
test_plusWeekyears_positiveToZero_crossCutover
Requested #: 1
[SUCCESS]:true
[TOTAL]:1
[FAILURE]:0

[]

[rm, -rf, tmp/Time-006]
[src/main/bash/checkoutD4J.sh, Time, 7, tmp/Time-007]
Check out 1adb1e69 to /home/serenach/MultiEdit_Experiments/tmp/Time-007/bug OK
Init local repository...................................................... OK
Tag post-fix revision...................................................... OK
Run post-checkout hook..................................................... OK
Initialize fixed program version........................................... OK
Apply patch................................................................ OK
Initialize buggy program version........................................... OK
Diff 1adb1e69:6bf5bba0..................................................... OK
Apply patch................................................................ OK
Tag pre-fix revision....................................................... OK
Check out program version: Time-7b......................................... OK
Check out 1adb1e69 to /home/serenach/MultiEdit_Experiments/tmp/Time-007/pat OK
Init local repository...................................................... OK
Tag post-fix revision...................................................... OK
Run post-checkout hook..................................................... OK
Initialize fixed program version........................................... OK
Apply patch................................................................ OK
Initialize buggy program version........................................... OK
Diff 1adb1e69:6bf5bba0..................................................... OK
Apply patch................................................................ OK
Tag pre-fix revision....................................................... OK
Check out program version: Time-7f......................................... OK
Running ant (compile)...................................................... OK
Running ant (compile.tests)................................................ OK
Running ant (export.tests.trigger)......................................... OK

Running ant (export.tests.relevant)........................................ OK

Running ant (export.classes.modified)...................................... OK

Running ant (export.dir.src.classes)....................................... OK

Running ant (export.dir.bin.classes)....................................... OK

Running ant (export.dir.bin.tests)......................................... OK

Running ant (export.cp.compile)............................................ OK

Running ant (export.cp.test)............................................... OK

Running ant (compile)...................................................... OK
Running ant (compile.tests)................................................ OK
Running ant (export.dir.src.classes)....................................... OK

Running ant (export.dir.bin.classes)....................................... OK

Running ant (export.dir.bin.tests)......................................... OK

Running ant (export.cp.compile)............................................ OK

Running ant (export.cp.test)............................................... OK

[java, -classpath, target/classes:tmp/Time-007/patched/target/classes:tmp/Time-007/patched/target/test-classes:/home/serenach/MultiEdit_Experiments/tmp/Time-007/patched/target/classes:/home/serenach/tooling/defects4j/framework/projects/Time/lib/org/joda/joda-convert/1.2/joda-convert-1.2.jar:/home/serenach/tooling/defects4j/framework/projects/Time/lib/org/joda/joda-convert/1.2/joda-convert-1.2.jar:/home/serenach/tooling/defects4j/framework/projects/Time/lib/junit/junit/3.8.2/junit-3.8.2.jar:/home/serenach/MultiEdit_Experiments/tmp/Time-007/patched/target/classes:/home/serenach/MultiEdit_Experiments/tmp/Time-007/patched/target/test-classes:lib/junit-4.13-rc-2.jar, -Xmx1024m, -javaagent:lib/jacocoagent.jar=excludes=org.junit.*,append=false, util.JUnitTestRunner, org.joda.time.format.TestDateTimeFormatter::testParseInto_monthDay_feb29_newYork_startOfYear]
OUTPUT: org.joda.time.format.TestDateTimeFormatter::testParseInto_monthDay_feb29_newYork_startOfYear
Test Class: org.joda.time.format.TestDateTimeFormatter::testParseInto_monthDay_feb29_newYork_startOfYear
class org.joda.time.format.TestDateTimeFormatter
testParseInto_monthDay_feb29_newYork_startOfYear
Requested #: 1
[SUCCESS]:true
[TOTAL]:1
[FAILURE]:0

[]

[java, -classpath, target/classes:tmp/Time-007/patched/target/classes:tmp/Time-007/patched/target/test-classes:/home/serenach/MultiEdit_Experiments/tmp/Time-007/patched/target/classes:/home/serenach/tooling/defects4j/framework/projects/Time/lib/org/joda/joda-convert/1.2/joda-convert-1.2.jar:/home/serenach/tooling/defects4j/framework/projects/Time/lib/org/joda/joda-convert/1.2/joda-convert-1.2.jar:/home/serenach/tooling/defects4j/framework/projects/Time/lib/junit/junit/3.8.2/junit-3.8.2.jar:/home/serenach/MultiEdit_Experiments/tmp/Time-007/patched/target/classes:/home/serenach/MultiEdit_Experiments/tmp/Time-007/patched/target/test-classes:lib/junit-4.13-rc-2.jar, -Xmx1024m, -javaagent:lib/jacocoagent.jar=excludes=org.junit.*,append=false, util.JUnitTestRunner, org.joda.time.format.TestDateTimeFormatter::testParseInto_monthDay_feb29_tokyo_endOfYear]
OUTPUT: org.joda.time.format.TestDateTimeFormatter::testParseInto_monthDay_feb29_tokyo_endOfYear
Test Class: org.joda.time.format.TestDateTimeFormatter::testParseInto_monthDay_feb29_tokyo_endOfYear
class org.joda.time.format.TestDateTimeFormatter
testParseInto_monthDay_feb29_tokyo_endOfYear
Requested #: 1
[SUCCESS]:true
[TOTAL]:1
[FAILURE]:0

[]

[rm, -rf, tmp/Time-007]
[src/main/bash/checkoutD4J.sh, Time, 8, tmp/Time-008]
Check out 362ed178 to /home/serenach/MultiEdit_Experiments/tmp/Time-008/bug OK
Init local repository...................................................... OK
Tag post-fix revision...................................................... OK
Run post-checkout hook..................................................... OK
Initialize fixed program version........................................... OK
Apply patch................................................................ OK
Initialize buggy program version........................................... OK
Diff 362ed178:96f586cb..................................................... OK
Apply patch................................................................ OK
Tag pre-fix revision....................................................... OK
Check out program version: Time-8b......................................... OK
Check out 362ed178 to /home/serenach/MultiEdit_Experiments/tmp/Time-008/pat OK
Init local repository...................................................... OK
Tag post-fix revision...................................................... OK
Run post-checkout hook..................................................... OK
Initialize fixed program version........................................... OK
Apply patch................................................................ OK
Initialize buggy program version........................................... OK
Diff 362ed178:96f586cb..................................................... OK
Apply patch................................................................ OK
Tag pre-fix revision....................................................... OK
Check out program version: Time-8f......................................... OK
Running ant (compile)...................................................... OK
Running ant (compile.tests)................................................ OK
Running ant (export.tests.trigger)......................................... OK

Running ant (export.tests.relevant)........................................ OK

Running ant (export.classes.modified)...................................... OK

Running ant (export.dir.src.classes)....................................... OK

Running ant (export.dir.bin.classes)....................................... OK

Running ant (export.dir.bin.tests)......................................... OK

Running ant (export.cp.compile)............................................ OK

Running ant (export.cp.test)............................................... OK

Running ant (compile)...................................................... OK
Running ant (compile.tests)................................................ OK
Running ant (export.dir.src.classes)....................................... OK

Running ant (export.dir.bin.classes)....................................... OK

Running ant (export.dir.bin.tests)......................................... OK

Running ant (export.cp.compile)............................................ OK

Running ant (export.cp.test)............................................... OK

[java, -classpath, target/classes:tmp/Time-008/patched/target/classes:tmp/Time-008/patched/target/test-classes:/home/serenach/MultiEdit_Experiments/tmp/Time-008/patched/target/classes:/home/serenach/tooling/defects4j/framework/projects/Time/lib/org/joda/joda-convert/1.2/joda-convert-1.2.jar:/home/serenach/tooling/defects4j/framework/projects/Time/lib/org/joda/joda-convert/1.2/joda-convert-1.2.jar:/home/serenach/tooling/defects4j/framework/projects/Time/lib/junit/junit/3.8.2/junit-3.8.2.jar:/home/serenach/MultiEdit_Experiments/tmp/Time-008/patched/target/classes:/home/serenach/MultiEdit_Experiments/tmp/Time-008/patched/target/test-classes:lib/junit-4.13-rc-2.jar, -Xmx1024m, -javaagent:lib/jacocoagent.jar=excludes=org.junit.*,append=false, util.JUnitTestRunner, org.joda.time.TestDateTimeZone::testForOffsetHoursMinutes_int_int]
OUTPUT: org.joda.time.TestDateTimeZone::testForOffsetHoursMinutes_int_int
Test Class: org.joda.time.TestDateTimeZone::testForOffsetHoursMinutes_int_int
class org.joda.time.TestDateTimeZone
testForOffsetHoursMinutes_int_int
Requested #: 1
[SUCCESS]:true
[TOTAL]:1
[FAILURE]:0

[]

[rm, -rf, tmp/Time-008]
[src/main/bash/checkoutD4J.sh, Time, 9, tmp/Time-009]
Check out 96f586cb to /home/serenach/MultiEdit_Experiments/tmp/Time-009/bug OK
Init local repository...................................................... OK
Tag post-fix revision...................................................... OK
Run post-checkout hook..................................................... OK
Initialize fixed program version........................................... OK
Apply patch................................................................ OK
Initialize buggy program version........................................... OK
Diff 96f586cb:08a3a0b9..................................................... OK
Apply patch................................................................ OK
Tag pre-fix revision....................................................... OK
Check out program version: Time-9b......................................... OK
Check out 96f586cb to /home/serenach/MultiEdit_Experiments/tmp/Time-009/pat OK
Init local repository...................................................... OK
Tag post-fix revision...................................................... OK
Run post-checkout hook..................................................... OK
Initialize fixed program version........................................... OK
Apply patch................................................................ OK
Initialize buggy program version........................................... OK
Diff 96f586cb:08a3a0b9..................................................... OK
Apply patch................................................................ OK
Tag pre-fix revision....................................................... OK
Check out program version: Time-9f......................................... OK
Running ant (compile)...................................................... OK
Running ant (compile.tests)................................................ OK
Running ant (export.tests.trigger)......................................... OK

Running ant (export.tests.relevant)........................................ OK

Running ant (export.classes.modified)...................................... OK

Running ant (export.dir.src.classes)....................................... OK

Running ant (export.dir.bin.classes)....................................... OK

Running ant (export.dir.bin.tests)......................................... OK

Running ant (export.cp.compile)............................................ OK

Running ant (export.cp.test)............................................... OK

Running ant (compile)...................................................... OK
Running ant (compile.tests)................................................ OK
Running ant (export.dir.src.classes)....................................... OK

Running ant (export.dir.bin.classes)....................................... OK

Running ant (export.dir.bin.tests)......................................... OK

Running ant (export.cp.compile)............................................ OK

Running ant (export.cp.test)............................................... OK

[java, -classpath, target/classes:tmp/Time-009/patched/target/classes:tmp/Time-009/patched/target/test-classes:/home/serenach/MultiEdit_Experiments/tmp/Time-009/patched/target/classes:/home/serenach/tooling/defects4j/framework/projects/Time/lib/org/joda/joda-convert/1.2/joda-convert-1.2.jar:/home/serenach/tooling/defects4j/framework/projects/Time/lib/org/joda/joda-convert/1.2/joda-convert-1.2.jar:/home/serenach/tooling/defects4j/framework/projects/Time/lib/junit/junit/3.8.2/junit-3.8.2.jar:/home/serenach/MultiEdit_Experiments/tmp/Time-009/patched/target/classes:/home/serenach/MultiEdit_Experiments/tmp/Time-009/patched/target/test-classes:lib/junit-4.13-rc-2.jar, -Xmx1024m, -javaagent:lib/jacocoagent.jar=excludes=org.junit.*,append=false, util.JUnitTestRunner, org.joda.time.TestDateTimeZone::testForOffsetHoursMinutes_int_int]
OUTPUT: org.joda.time.TestDateTimeZone::testForOffsetHoursMinutes_int_int
Test Class: org.joda.time.TestDateTimeZone::testForOffsetHoursMinutes_int_int
class org.joda.time.TestDateTimeZone
testForOffsetHoursMinutes_int_int
Requested #: 1
[SUCCESS]:true
[TOTAL]:1
[FAILURE]:0

[]

[rm, -rf, tmp/Time-009]
[src/main/bash/checkoutD4J.sh, Time, 10, tmp/Time-010]
Check out 3a413d78 to /home/serenach/MultiEdit_Experiments/tmp/Time-010/bug OK
Init local repository...................................................... OK
Tag post-fix revision...................................................... OK
Run post-checkout hook..................................................... OK
Initialize fixed program version........................................... OK
Apply patch................................................................ OK
Initialize buggy program version........................................... OK
Diff 3a413d78:efce9916..................................................... OK
Apply patch................................................................ OK
Tag pre-fix revision....................................................... OK
Check out program version: Time-10b........................................ OK
Check out 3a413d78 to /home/serenach/MultiEdit_Experiments/tmp/Time-010/pat OK
Init local repository...................................................... OK
Tag post-fix revision...................................................... OK
Run post-checkout hook..................................................... OK
Initialize fixed program version........................................... OK
Apply patch................................................................ OK
Initialize buggy program version........................................... OK
Diff 3a413d78:efce9916..................................................... OK
Apply patch................................................................ OK
Tag pre-fix revision....................................................... OK
Check out program version: Time-10f........................................ OK
Running ant (compile)...................................................... OK
Running ant (compile.tests)................................................ OK
Running ant (export.tests.trigger)......................................... OK

Running ant (export.tests.relevant)........................................ OK

Running ant (export.classes.modified)...................................... OK

Running ant (export.dir.src.classes)....................................... OK

Running ant (export.dir.bin.classes)....................................... OK

Running ant (export.dir.bin.tests)......................................... OK

Running ant (export.cp.compile)............................................ OK

Running ant (export.cp.test)............................................... OK

Running ant (compile)...................................................... OK
Running ant (compile.tests)................................................ OK
Running ant (export.dir.src.classes)....................................... OK

Running ant (export.dir.bin.classes)....................................... OK

Running ant (export.dir.bin.tests)......................................... OK

Running ant (export.cp.compile)............................................ OK

Running ant (export.cp.test)............................................... OK

[java, -classpath, target/classes:tmp/Time-010/patched/target/classes:tmp/Time-010/patched/target/test-classes:/home/serenach/MultiEdit_Experiments/tmp/Time-010/patched/target/classes:/home/serenach/tooling/defects4j/framework/projects/Time/lib/org/joda/joda-convert/1.2/joda-convert-1.2.jar:/home/serenach/tooling/defects4j/framework/projects/Time/lib/org/joda/joda-convert/1.2/joda-convert-1.2.jar:/home/serenach/tooling/defects4j/framework/projects/Time/lib/junit/junit/3.8.2/junit-3.8.2.jar:/home/serenach/MultiEdit_Experiments/tmp/Time-010/patched/target/classes:/home/serenach/MultiEdit_Experiments/tmp/Time-010/patched/target/test-classes:lib/junit-4.13-rc-2.jar, -Xmx1024m, -javaagent:lib/jacocoagent.jar=excludes=org.junit.*,append=false, util.JUnitTestRunner, org.joda.time.TestDays::testFactory_daysBetween_RPartial_MonthDay]
OUTPUT: org.joda.time.TestDays::testFactory_daysBetween_RPartial_MonthDay
Test Class: org.joda.time.TestDays::testFactory_daysBetween_RPartial_MonthDay
class org.joda.time.TestDays
testFactory_daysBetween_RPartial_MonthDay
Requested #: 1
[SUCCESS]:true
[TOTAL]:1
[FAILURE]:0

[]

[java, -classpath, target/classes:tmp/Time-010/patched/target/classes:tmp/Time-010/patched/target/test-classes:/home/serenach/MultiEdit_Experiments/tmp/Time-010/patched/target/classes:/home/serenach/tooling/defects4j/framework/projects/Time/lib/org/joda/joda-convert/1.2/joda-convert-1.2.jar:/home/serenach/tooling/defects4j/framework/projects/Time/lib/org/joda/joda-convert/1.2/joda-convert-1.2.jar:/home/serenach/tooling/defects4j/framework/projects/Time/lib/junit/junit/3.8.2/junit-3.8.2.jar:/home/serenach/MultiEdit_Experiments/tmp/Time-010/patched/target/classes:/home/serenach/MultiEdit_Experiments/tmp/Time-010/patched/target/test-classes:lib/junit-4.13-rc-2.jar, -Xmx1024m, -javaagent:lib/jacocoagent.jar=excludes=org.junit.*,append=false, util.JUnitTestRunner, org.joda.time.TestMonths::testFactory_monthsBetween_RPartial_MonthDay]
OUTPUT: org.joda.time.TestMonths::testFactory_monthsBetween_RPartial_MonthDay
Test Class: org.joda.time.TestMonths::testFactory_monthsBetween_RPartial_MonthDay
class org.joda.time.TestMonths
testFactory_monthsBetween_RPartial_MonthDay
Requested #: 1
[SUCCESS]:true
[TOTAL]:1
[FAILURE]:0

[]

[rm, -rf, tmp/Time-010]
[src/main/bash/checkoutD4J.sh, Time, 11, tmp/Time-011]
Check out 57eb4cbb to /home/serenach/MultiEdit_Experiments/tmp/Time-011/bug OK
Init local repository...................................................... OK
Tag post-fix revision...................................................... OK
Run post-checkout hook..................................................... OK
Initialize fixed program version........................................... OK
Apply patch................................................................ OK
Initialize buggy program version........................................... OK
Diff 57eb4cbb:6d510475..................................................... OK
Apply patch................................................................ OK
Tag pre-fix revision....................................................... OK
Check out program version: Time-11b........................................ OK
Check out 57eb4cbb to /home/serenach/MultiEdit_Experiments/tmp/Time-011/pat OK
Init local repository...................................................... OK
Tag post-fix revision...................................................... OK
Run post-checkout hook..................................................... OK
Initialize fixed program version........................................... OK
Apply patch................................................................ OK
Initialize buggy program version........................................... OK
Diff 57eb4cbb:6d510475..................................................... OK
Apply patch................................................................ OK
Tag pre-fix revision....................................................... OK
Check out program version: Time-11f........................................ OK
Running ant (compile)...................................................... OK
Running ant (compile.tests)................................................ OK
Running ant (export.tests.trigger)......................................... OK

Running ant (export.tests.relevant)........................................ OK

Running ant (export.classes.modified)...................................... OK

Running ant (export.dir.src.classes)....................................... OK

Running ant (export.dir.bin.classes)....................................... OK

Running ant (export.dir.bin.tests)......................................... OK

Running ant (export.cp.compile)............................................ OK

Running ant (export.cp.test)............................................... OK

Running ant (compile)...................................................... OK
Running ant (compile.tests)................................................ OK
Running ant (export.dir.src.classes)....................................... OK

Running ant (export.dir.bin.classes)....................................... OK

Running ant (export.dir.bin.tests)......................................... OK

Running ant (export.cp.compile)............................................ OK

Running ant (export.cp.test)............................................... OK

[java, -classpath, target/classes:tmp/Time-011/patched/target/classes:tmp/Time-011/patched/target/test-classes:/home/serenach/MultiEdit_Experiments/tmp/Time-011/patched/target/classes:/home/serenach/tooling/defects4j/framework/projects/Time/lib/org/joda/joda-convert/1.2/joda-convert-1.2.jar:/home/serenach/tooling/defects4j/framework/projects/Time/lib/org/joda/joda-convert/1.2/joda-convert-1.2.jar:/home/serenach/tooling/defects4j/framework/projects/Time/lib/junit/junit/3.8.2/junit-3.8.2.jar:/home/serenach/MultiEdit_Experiments/tmp/Time-011/patched/target/classes:/home/serenach/MultiEdit_Experiments/tmp/Time-011/patched/target/test-classes:lib/junit-4.13-rc-2.jar, -Xmx1024m, -javaagent:lib/jacocoagent.jar=excludes=org.junit.*,append=false, util.JUnitTestRunner, org.joda.time.tz.TestCompiler::testDateTimeZoneBuilder]
OUTPUT: org.joda.time.tz.TestCompiler::testDateTimeZoneBuilder
Test Class: org.joda.time.tz.TestCompiler::testDateTimeZoneBuilder
class org.joda.time.tz.TestCompiler
testDateTimeZoneBuilder
Requested #: 1
[SUCCESS]:true
[TOTAL]:1
[FAILURE]:0

[]

[rm, -rf, tmp/Time-011]
[src/main/bash/checkoutD4J.sh, Time, 12, tmp/Time-012]
Check out 77a6b3a4 to /home/serenach/MultiEdit_Experiments/tmp/Time-012/bug OK
Init local repository...................................................... OK
Tag post-fix revision...................................................... OK
Initialize fixed program version........................................... OK
Apply patch................................................................ OK
Initialize buggy program version........................................... OK
Diff 77a6b3a4:f2f9c814..................................................... OK
Apply patch................................................................ OK
Tag pre-fix revision....................................................... OK
Check out program version: Time-12b........................................ OK
Check out 77a6b3a4 to /home/serenach/MultiEdit_Experiments/tmp/Time-012/pat OK
Init local repository...................................................... OK
Tag post-fix revision...................................................... OK
Initialize fixed program version........................................... OK
Apply patch................................................................ OK
Initialize buggy program version........................................... OK
Diff 77a6b3a4:f2f9c814..................................................... OK
Apply patch................................................................ OK
Tag pre-fix revision....................................................... OK
Check out program version: Time-12f........................................ OK
Running ant (compile)...................................................... OK
Running ant (compile.tests)................................................ OK
Running ant (export.tests.trigger)......................................... OK

Running ant (export.tests.relevant)........................................ OK

Running ant (export.classes.modified)...................................... OK

Running ant (export.dir.src.classes)....................................... OK

Running ant (export.dir.bin.classes)....................................... OK

Running ant (export.dir.bin.tests)......................................... OK

Running ant (export.cp.compile)............................................ FAIL
Buildfile: /home/serenach/tooling/defects4j/framework/projects/defects4j.build.xml

sanity.check:

init:
     [echo] -------- joda-time 2.1 --------

getjunit:

installjunit:
     [echo] Installing junit in /usr/share/ant/lib
     [copy] Copying 1 file to /usr/share/ant/lib
Attempt to copy /home/serenach/tooling/defects4j/framework/projects/lib/junit-4.11.jar to /usr/share/ant/lib/junit-4.11.jar using NIO Channels failed due to '/usr/share/ant/lib/junit-4.11.jar'.  Falling back to streams.

BUILD FAILED
/home/serenach/MultiEdit_Experiments/tmp/Time-012/buggy/build.xml:157: Failed to copy /home/serenach/tooling/defects4j/framework/projects/lib/junit-4.11.jar to /usr/share/ant/lib/junit-4.11.jar due to java.nio.file.AccessDeniedException /usr/share/ant/lib/junit-4.11.jar

Total time: 0 seconds
Executed command:  cd /home/serenach/MultiEdit_Experiments/tmp/Time-012/buggy && ant -f /home/serenach/tooling/defects4j/framework/projects/defects4j.build.xml -Dd4j.home=/home/serenach/tooling/defects4j -Dbasedir=/home/serenach/MultiEdit_Experiments/tmp/Time-012/buggy -Dfile.export=/home/serenach/MultiEdit_Experiments/tmp/Time-012/buggy/.export.cp.compile export.cp.compile 2>&1
Cannot export property cp.compile at /home/serenach/tooling/defects4j/framework/bin/d4j/d4j-export line 112.
Compilation failed in require at /home/serenach/tooling/defects4j/framework/bin/defects4j line 155.
Running ant (export.cp.test)............................................... FAIL
Buildfile: /home/serenach/tooling/defects4j/framework/projects/defects4j.build.xml

sanity.check:

init:
     [echo] -------- joda-time 2.1 --------

getjunit:

installjunit:
     [echo] Installing junit in /usr/share/ant/lib
     [copy] Copying 1 file to /usr/share/ant/lib
Attempt to copy /home/serenach/tooling/defects4j/framework/projects/lib/junit-4.11.jar to /usr/share/ant/lib/junit-4.11.jar using NIO Channels failed due to '/usr/share/ant/lib/junit-4.11.jar'.  Falling back to streams.

BUILD FAILED
/home/serenach/MultiEdit_Experiments/tmp/Time-012/buggy/build.xml:157: Failed to copy /home/serenach/tooling/defects4j/framework/projects/lib/junit-4.11.jar to /usr/share/ant/lib/junit-4.11.jar due to java.nio.file.AccessDeniedException /usr/share/ant/lib/junit-4.11.jar

Total time: 0 seconds
Executed command:  cd /home/serenach/MultiEdit_Experiments/tmp/Time-012/buggy && ant -f /home/serenach/tooling/defects4j/framework/projects/defects4j.build.xml -Dd4j.home=/home/serenach/tooling/defects4j -Dbasedir=/home/serenach/MultiEdit_Experiments/tmp/Time-012/buggy -Dfile.export=/home/serenach/MultiEdit_Experiments/tmp/Time-012/buggy/.export.cp.test export.cp.test 2>&1
Cannot export property cp.test at /home/serenach/tooling/defects4j/framework/bin/d4j/d4j-export line 112.
Compilation failed in require at /home/serenach/tooling/defects4j/framework/bin/defects4j line 155.
Running ant (compile)...................................................... OK
Running ant (compile.tests)................................................ OK
Running ant (export.dir.src.classes)....................................... OK

Running ant (export.dir.bin.classes)....................................... OK

Running ant (export.dir.bin.tests)......................................... OK

Running ant (export.cp.compile)............................................ FAIL
Buildfile: /home/serenach/tooling/defects4j/framework/projects/defects4j.build.xml

sanity.check:

init:
     [echo] -------- joda-time 2.1 --------

getjunit:

installjunit:
     [echo] Installing junit in /usr/share/ant/lib
     [copy] Copying 1 file to /usr/share/ant/lib
Attempt to copy /home/serenach/tooling/defects4j/framework/projects/lib/junit-4.11.jar to /usr/share/ant/lib/junit-4.11.jar using NIO Channels failed due to '/usr/share/ant/lib/junit-4.11.jar'.  Falling back to streams.

BUILD FAILED
/home/serenach/MultiEdit_Experiments/tmp/Time-012/patched/build.xml:157: Failed to copy /home/serenach/tooling/defects4j/framework/projects/lib/junit-4.11.jar to /usr/share/ant/lib/junit-4.11.jar due to java.nio.file.AccessDeniedException /usr/share/ant/lib/junit-4.11.jar

Total time: 0 seconds
Executed command:  cd /home/serenach/MultiEdit_Experiments/tmp/Time-012/patched && ant -f /home/serenach/tooling/defects4j/framework/projects/defects4j.build.xml -Dd4j.home=/home/serenach/tooling/defects4j -Dbasedir=/home/serenach/MultiEdit_Experiments/tmp/Time-012/patched -Dfile.export=/home/serenach/MultiEdit_Experiments/tmp/Time-012/patched/.export.cp.compile export.cp.compile 2>&1
Cannot export property cp.compile at /home/serenach/tooling/defects4j/framework/bin/d4j/d4j-export line 112.
Compilation failed in require at /home/serenach/tooling/defects4j/framework/bin/defects4j line 155.
Running ant (export.cp.test)............................................... FAIL
Buildfile: /home/serenach/tooling/defects4j/framework/projects/defects4j.build.xml

sanity.check:

init:
     [echo] -------- joda-time 2.1 --------

getjunit:

installjunit:
     [echo] Installing junit in /usr/share/ant/lib
     [copy] Copying 1 file to /usr/share/ant/lib
Attempt to copy /home/serenach/tooling/defects4j/framework/projects/lib/junit-4.11.jar to /usr/share/ant/lib/junit-4.11.jar using NIO Channels failed due to '/usr/share/ant/lib/junit-4.11.jar'.  Falling back to streams.

BUILD FAILED
/home/serenach/MultiEdit_Experiments/tmp/Time-012/patched/build.xml:157: Failed to copy /home/serenach/tooling/defects4j/framework/projects/lib/junit-4.11.jar to /usr/share/ant/lib/junit-4.11.jar due to java.nio.file.AccessDeniedException /usr/share/ant/lib/junit-4.11.jar

Total time: 0 seconds
Executed command:  cd /home/serenach/MultiEdit_Experiments/tmp/Time-012/patched && ant -f /home/serenach/tooling/defects4j/framework/projects/defects4j.build.xml -Dd4j.home=/home/serenach/tooling/defects4j -Dbasedir=/home/serenach/MultiEdit_Experiments/tmp/Time-012/patched -Dfile.export=/home/serenach/MultiEdit_Experiments/tmp/Time-012/patched/.export.cp.test export.cp.test 2>&1
Cannot export property cp.test at /home/serenach/tooling/defects4j/framework/bin/d4j/d4j-export line 112.
Compilation failed in require at /home/serenach/tooling/defects4j/framework/bin/defects4j line 155.
java.lang.RuntimeException: Failed to checkout D4J Project: TIME 12
	at projects.Defects4JPatch.<init>(Defects4JPatch.java:38)
	at multiedit.faultloc.DoCoverageExperiments.main(DoCoverageExperiments.java:32)
Caused by: java.lang.ArrayIndexOutOfBoundsException: 1
	at projects.Defects4JPatch.lambda$parseFields$0(Defects4JPatch.java:123)
	at projects.Defects4JPatch.lineIterator(Defects4JPatch.java:169)
FAILED: TIME 12
	at projects.Defects4JPatch.parseFields(Defects4JPatch.java:121)
	at projects.Defects4JPatch.<init>(Defects4JPatch.java:36)
	... 1 more
[src/main/bash/checkoutD4J.sh, Time, 13, tmp/Time-013]
Check out 5d08a1cd to /home/serenach/MultiEdit_Experiments/tmp/Time-013/bug OK
Init local repository...................................................... OK
Tag post-fix revision...................................................... OK
Initialize fixed program version........................................... OK
Apply patch................................................................ OK
Initialize buggy program version........................................... OK
Diff 5d08a1cd:6a1b24c5..................................................... OK
Apply patch................................................................ OK
Tag pre-fix revision....................................................... OK
Check out program version: Time-13b........................................ OK
Check out 5d08a1cd to /home/serenach/MultiEdit_Experiments/tmp/Time-013/pat OK
Init local repository...................................................... OK
Tag post-fix revision...................................................... OK
Initialize fixed program version........................................... OK
Apply patch................................................................ OK
Initialize buggy program version........................................... OK
Diff 5d08a1cd:6a1b24c5..................................................... OK
Apply patch................................................................ OK
Tag pre-fix revision....................................................... OK
Check out program version: Time-13f........................................ OK
Running ant (compile)...................................................... OK
Running ant (compile.tests)................................................ OK
Running ant (export.tests.trigger)......................................... OK

Running ant (export.tests.relevant)........................................ OK

Running ant (export.classes.modified)...................................... OK

Running ant (export.dir.src.classes)....................................... OK

Running ant (export.dir.bin.classes)....................................... OK

Running ant (export.dir.bin.tests)......................................... OK

Running ant (export.cp.compile)............................................ FAIL
Buildfile: /home/serenach/tooling/defects4j/framework/projects/defects4j.build.xml

sanity.check:

init:
     [echo] -------- joda-time 2.1 --------

getjunit:

installjunit:
     [echo] Installing junit in /usr/share/ant/lib
     [copy] Copying 1 file to /usr/share/ant/lib
Attempt to copy /home/serenach/tooling/defects4j/framework/projects/lib/junit-4.11.jar to /usr/share/ant/lib/junit-4.11.jar using NIO Channels failed due to '/usr/share/ant/lib/junit-4.11.jar'.  Falling back to streams.

BUILD FAILED
/home/serenach/MultiEdit_Experiments/tmp/Time-013/buggy/build.xml:157: Failed to copy /home/serenach/tooling/defects4j/framework/projects/lib/junit-4.11.jar to /usr/share/ant/lib/junit-4.11.jar due to java.nio.file.AccessDeniedException /usr/share/ant/lib/junit-4.11.jar

Total time: 0 seconds
Executed command:  cd /home/serenach/MultiEdit_Experiments/tmp/Time-013/buggy && ant -f /home/serenach/tooling/defects4j/framework/projects/defects4j.build.xml -Dd4j.home=/home/serenach/tooling/defects4j -Dbasedir=/home/serenach/MultiEdit_Experiments/tmp/Time-013/buggy -Dfile.export=/home/serenach/MultiEdit_Experiments/tmp/Time-013/buggy/.export.cp.compile export.cp.compile 2>&1
Cannot export property cp.compile at /home/serenach/tooling/defects4j/framework/bin/d4j/d4j-export line 112.
Compilation failed in require at /home/serenach/tooling/defects4j/framework/bin/defects4j line 155.
Running ant (export.cp.test)............................................... FAIL
Buildfile: /home/serenach/tooling/defects4j/framework/projects/defects4j.build.xml

sanity.check:

init:
     [echo] -------- joda-time 2.1 --------

getjunit:

installjunit:
     [echo] Installing junit in /usr/share/ant/lib
     [copy] Copying 1 file to /usr/share/ant/lib
Attempt to copy /home/serenach/tooling/defects4j/framework/projects/lib/junit-4.11.jar to /usr/share/ant/lib/junit-4.11.jar using NIO Channels failed due to '/usr/share/ant/lib/junit-4.11.jar'.  Falling back to streams.

BUILD FAILED
/home/serenach/MultiEdit_Experiments/tmp/Time-013/buggy/build.xml:157: Failed to copy /home/serenach/tooling/defects4j/framework/projects/lib/junit-4.11.jar to /usr/share/ant/lib/junit-4.11.jar due to java.nio.file.AccessDeniedException /usr/share/ant/lib/junit-4.11.jar

Total time: 0 seconds
Executed command:  cd /home/serenach/MultiEdit_Experiments/tmp/Time-013/buggy && ant -f /home/serenach/tooling/defects4j/framework/projects/defects4j.build.xml -Dd4j.home=/home/serenach/tooling/defects4j -Dbasedir=/home/serenach/MultiEdit_Experiments/tmp/Time-013/buggy -Dfile.export=/home/serenach/MultiEdit_Experiments/tmp/Time-013/buggy/.export.cp.test export.cp.test 2>&1
Cannot export property cp.test at /home/serenach/tooling/defects4j/framework/bin/d4j/d4j-export line 112.
Compilation failed in require at /home/serenach/tooling/defects4j/framework/bin/defects4j line 155.
Running ant (compile)...................................................... OK
Running ant (compile.tests)................................................ OK
Running ant (export.dir.src.classes)....................................... OK

Running ant (export.dir.bin.classes)....................................... OK

Running ant (export.dir.bin.tests)......................................... OK

Running ant (export.cp.compile)............................................ FAIL
Buildfile: /home/serenach/tooling/defects4j/framework/projects/defects4j.build.xml

sanity.check:

init:
     [echo] -------- joda-time 2.1 --------

getjunit:

installjunit:
     [echo] Installing junit in /usr/share/ant/lib
     [copy] Copying 1 file to /usr/share/ant/lib
Attempt to copy /home/serenach/tooling/defects4j/framework/projects/lib/junit-4.11.jar to /usr/share/ant/lib/junit-4.11.jar using NIO Channels failed due to '/usr/share/ant/lib/junit-4.11.jar'.  Falling back to streams.

BUILD FAILED
/home/serenach/MultiEdit_Experiments/tmp/Time-013/patched/build.xml:157: Failed to copy /home/serenach/tooling/defects4j/framework/projects/lib/junit-4.11.jar to /usr/share/ant/lib/junit-4.11.jar due to java.nio.file.AccessDeniedException /usr/share/ant/lib/junit-4.11.jar

Total time: 0 seconds
Executed command:  cd /home/serenach/MultiEdit_Experiments/tmp/Time-013/patched && ant -f /home/serenach/tooling/defects4j/framework/projects/defects4j.build.xml -Dd4j.home=/home/serenach/tooling/defects4j -Dbasedir=/home/serenach/MultiEdit_Experiments/tmp/Time-013/patched -Dfile.export=/home/serenach/MultiEdit_Experiments/tmp/Time-013/patched/.export.cp.compile export.cp.compile 2>&1
Cannot export property cp.compile at /home/serenach/tooling/defects4j/framework/bin/d4j/d4j-export line 112.
Compilation failed in require at /home/serenach/tooling/defects4j/framework/bin/defects4j line 155.
Running ant (export.cp.test)............................................... FAIL
Buildfile: /home/serenach/tooling/defects4j/framework/projects/defects4j.build.xml

sanity.check:

init:
     [echo] -------- joda-time 2.1 --------

getjunit:

installjunit:
     [echo] Installing junit in /usr/share/ant/lib
     [copy] Copying 1 file to /usr/share/ant/lib
Attempt to copy /home/serenach/tooling/defects4j/framework/projects/lib/junit-4.11.jar to /usr/share/ant/lib/junit-4.11.jar using NIO Channels failed due to '/usr/share/ant/lib/junit-4.11.jar'.  Falling back to streams.

BUILD FAILED
/home/serenach/MultiEdit_Experiments/tmp/Time-013/patched/build.xml:157: Failed to copy /home/serenach/tooling/defects4j/framework/projects/lib/junit-4.11.jar to /usr/share/ant/lib/junit-4.11.jar due to java.nio.file.AccessDeniedException /usr/share/ant/lib/junit-4.11.jar

Total time: 0 seconds
Executed command:  cd /home/serenach/MultiEdit_Experiments/tmp/Time-013/patched && ant -f /home/serenach/tooling/defects4j/framework/projects/defects4j.build.xml -Dd4j.home=/home/serenach/tooling/defects4j -Dbasedir=/home/serenach/MultiEdit_Experiments/tmp/Time-013/patched -Dfile.export=/home/serenach/MultiEdit_Experiments/tmp/Time-013/patched/.export.cp.test export.cp.test 2>&1
Cannot export property cp.test at /home/serenach/tooling/defects4j/framework/bin/d4j/d4j-export line 112.
Compilation failed in require at /home/serenach/tooling/defects4j/framework/bin/defects4j line 155.
java.lang.RuntimeException: Failed to checkout D4J Project: TIME 13
	at projects.Defects4JPatch.<init>(Defects4JPatch.java:38)
	at multiedit.faultloc.DoCoverageExperiments.main(DoCoverageExperiments.java:32)
Caused by: java.lang.ArrayIndexOutOfBoundsException: 1
	at projects.Defects4JPatch.lambda$parseFields$0(Defects4JPatch.java:123)
	at projects.Defects4JPatch.lineIterator(Defects4JPatch.java:169)
	at projects.Defects4JPatch.parseFields(Defects4JPatch.java:121)
	at projects.Defects4JPatch.<init>(Defects4JPatch.java:36)
	... 1 more
FAILED: TIME 13
[src/main/bash/checkoutD4J.sh, Time, 14, tmp/Time-014]
Check out 2ea85632 to /home/serenach/MultiEdit_Experiments/tmp/Time-014/bug OK
Init local repository...................................................... OK
Tag post-fix revision...................................................... OK
Initialize fixed program version........................................... OK
Apply patch................................................................ OK
Initialize buggy program version........................................... OK
Diff 2ea85632:cc3262ff..................................................... OK
Apply patch................................................................ OK
Tag pre-fix revision....................................................... OK
Check out program version: Time-14b........................................ OK
Check out 2ea85632 to /home/serenach/MultiEdit_Experiments/tmp/Time-014/pat OK
Init local repository...................................................... OK
Tag post-fix revision...................................................... OK
Initialize fixed program version........................................... OK
Apply patch................................................................ OK
Initialize buggy program version........................................... OK
Diff 2ea85632:cc3262ff..................................................... OK
Apply patch................................................................ OK
Tag pre-fix revision....................................................... OK
Check out program version: Time-14f........................................ OK
Running ant (compile)...................................................... OK
Running ant (compile.tests)................................................ OK
Running ant (export.tests.trigger)......................................... OK

Running ant (export.tests.relevant)........................................ OK

Running ant (export.classes.modified)...................................... OK

Running ant (export.dir.src.classes)....................................... OK

Running ant (export.dir.bin.classes)....................................... OK

Running ant (export.dir.bin.tests)......................................... OK

Running ant (export.cp.compile)............................................ FAIL
Buildfile: /home/serenach/tooling/defects4j/framework/projects/defects4j.build.xml

sanity.check:

init:
     [echo] -------- joda-time 2.1 --------

getjunit:

installjunit:
     [echo] Installing junit in /usr/share/ant/lib
     [copy] Copying 1 file to /usr/share/ant/lib
Attempt to copy /home/serenach/tooling/defects4j/framework/projects/lib/junit-4.11.jar to /usr/share/ant/lib/junit-4.11.jar using NIO Channels failed due to '/usr/share/ant/lib/junit-4.11.jar'.  Falling back to streams.

BUILD FAILED
/home/serenach/MultiEdit_Experiments/tmp/Time-014/buggy/build.xml:157: Failed to copy /home/serenach/tooling/defects4j/framework/projects/lib/junit-4.11.jar to /usr/share/ant/lib/junit-4.11.jar due to java.nio.file.AccessDeniedException /usr/share/ant/lib/junit-4.11.jar

Total time: 0 seconds
Executed command:  cd /home/serenach/MultiEdit_Experiments/tmp/Time-014/buggy && ant -f /home/serenach/tooling/defects4j/framework/projects/defects4j.build.xml -Dd4j.home=/home/serenach/tooling/defects4j -Dbasedir=/home/serenach/MultiEdit_Experiments/tmp/Time-014/buggy -Dfile.export=/home/serenach/MultiEdit_Experiments/tmp/Time-014/buggy/.export.cp.compile export.cp.compile 2>&1
Cannot export property cp.compile at /home/serenach/tooling/defects4j/framework/bin/d4j/d4j-export line 112.
Compilation failed in require at /home/serenach/tooling/defects4j/framework/bin/defects4j line 155.
Running ant (export.cp.test)............................................... FAIL
Buildfile: /home/serenach/tooling/defects4j/framework/projects/defects4j.build.xml

sanity.check:

init:
     [echo] -------- joda-time 2.1 --------

getjunit:

installjunit:
     [echo] Installing junit in /usr/share/ant/lib
     [copy] Copying 1 file to /usr/share/ant/lib
Attempt to copy /home/serenach/tooling/defects4j/framework/projects/lib/junit-4.11.jar to /usr/share/ant/lib/junit-4.11.jar using NIO Channels failed due to '/usr/share/ant/lib/junit-4.11.jar'.  Falling back to streams.

BUILD FAILED
/home/serenach/MultiEdit_Experiments/tmp/Time-014/buggy/build.xml:157: Failed to copy /home/serenach/tooling/defects4j/framework/projects/lib/junit-4.11.jar to /usr/share/ant/lib/junit-4.11.jar due to java.nio.file.AccessDeniedException /usr/share/ant/lib/junit-4.11.jar

Total time: 0 seconds
Executed command:  cd /home/serenach/MultiEdit_Experiments/tmp/Time-014/buggy && ant -f /home/serenach/tooling/defects4j/framework/projects/defects4j.build.xml -Dd4j.home=/home/serenach/tooling/defects4j -Dbasedir=/home/serenach/MultiEdit_Experiments/tmp/Time-014/buggy -Dfile.export=/home/serenach/MultiEdit_Experiments/tmp/Time-014/buggy/.export.cp.test export.cp.test 2>&1
Cannot export property cp.test at /home/serenach/tooling/defects4j/framework/bin/d4j/d4j-export line 112.
Compilation failed in require at /home/serenach/tooling/defects4j/framework/bin/defects4j line 155.
Running ant (compile)...................................................... OK
Running ant (compile.tests)................................................ OK
Running ant (export.dir.src.classes)....................................... OK

Running ant (export.dir.bin.classes)....................................... OK

Running ant (export.dir.bin.tests)......................................... OK

Running ant (export.cp.compile)............................................ FAIL
Buildfile: /home/serenach/tooling/defects4j/framework/projects/defects4j.build.xml

sanity.check:

init:
     [echo] -------- joda-time 2.1 --------

getjunit:

installjunit:
     [echo] Installing junit in /usr/share/ant/lib
     [copy] Copying 1 file to /usr/share/ant/lib
Attempt to copy /home/serenach/tooling/defects4j/framework/projects/lib/junit-4.11.jar to /usr/share/ant/lib/junit-4.11.jar using NIO Channels failed due to '/usr/share/ant/lib/junit-4.11.jar'.  Falling back to streams.

BUILD FAILED
/home/serenach/MultiEdit_Experiments/tmp/Time-014/patched/build.xml:157: Failed to copy /home/serenach/tooling/defects4j/framework/projects/lib/junit-4.11.jar to /usr/share/ant/lib/junit-4.11.jar due to java.nio.file.AccessDeniedException /usr/share/ant/lib/junit-4.11.jar

Total time: 0 seconds
Executed command:  cd /home/serenach/MultiEdit_Experiments/tmp/Time-014/patched && ant -f /home/serenach/tooling/defects4j/framework/projects/defects4j.build.xml -Dd4j.home=/home/serenach/tooling/defects4j -Dbasedir=/home/serenach/MultiEdit_Experiments/tmp/Time-014/patched -Dfile.export=/home/serenach/MultiEdit_Experiments/tmp/Time-014/patched/.export.cp.compile export.cp.compile 2>&1
Cannot export property cp.compile at /home/serenach/tooling/defects4j/framework/bin/d4j/d4j-export line 112.
Compilation failed in require at /home/serenach/tooling/defects4j/framework/bin/defects4j line 155.
Running ant (export.cp.test)............................................... FAIL
Buildfile: /home/serenach/tooling/defects4j/framework/projects/defects4j.build.xml

sanity.check:

init:
     [echo] -------- joda-time 2.1 --------

getjunit:

installjunit:
     [echo] Installing junit in /usr/share/ant/lib
     [copy] Copying 1 file to /usr/share/ant/lib
Attempt to copy /home/serenach/tooling/defects4j/framework/projects/lib/junit-4.11.jar to /usr/share/ant/lib/junit-4.11.jar using NIO Channels failed due to '/usr/share/ant/lib/junit-4.11.jar'.  Falling back to streams.

BUILD FAILED
/home/serenach/MultiEdit_Experiments/tmp/Time-014/patched/build.xml:157: Failed to copy /home/serenach/tooling/defects4j/framework/projects/lib/junit-4.11.jar to /usr/share/ant/lib/junit-4.11.jar due to java.nio.file.AccessDeniedException /usr/share/ant/lib/junit-4.11.jar

Total time: 0 seconds
Executed command:  cd /home/serenach/MultiEdit_Experiments/tmp/Time-014/patched && ant -f /home/serenach/tooling/defects4j/framework/projects/defects4j.build.xml -Dd4j.home=/home/serenach/tooling/defects4j -Dbasedir=/home/serenach/MultiEdit_Experiments/tmp/Time-014/patched -Dfile.export=/home/serenach/MultiEdit_Experiments/tmp/Time-014/patched/.export.cp.test export.cp.test 2>&1
Cannot export property cp.test at /home/serenach/tooling/defects4j/framework/bin/d4j/d4j-export line 112.
Compilation failed in require at /home/serenach/tooling/defects4j/framework/bin/defects4j line 155.
java.lang.RuntimeException: Failed to checkout D4J Project: TIME 14
	at projects.Defects4JPatch.<init>(Defects4JPatch.java:38)
	at multiedit.faultloc.DoCoverageExperiments.main(DoCoverageExperiments.java:32)
Caused by: java.lang.ArrayIndexOutOfBoundsException: 1
	at projects.Defects4JPatch.lambda$parseFields$0(Defects4JPatch.java:123)
	at projects.Defects4JPatch.lineIterator(Defects4JPatch.java:169)
	at projects.Defects4JPatch.parseFields(Defects4JPatch.java:121)
	at projects.Defects4JPatch.<init>(Defects4JPatch.java:36)
	... 1 more
FAILED: TIME 14
[src/main/bash/checkoutD4J.sh, Time, 15, tmp/Time-015]
Check out 0cefc4c2 to /home/serenach/MultiEdit_Experiments/tmp/Time-015/bug OK
Init local repository...................................................... OK
Tag post-fix revision...................................................... OK
Initialize fixed program version........................................... OK
Apply patch................................................................ OK
Initialize buggy program version........................................... OK
Diff 0cefc4c2:383354ad..................................................... OK
Apply patch................................................................ OK
Tag pre-fix revision....................................................... OK
Check out program version: Time-15b........................................ OK
Check out 0cefc4c2 to /home/serenach/MultiEdit_Experiments/tmp/Time-015/pat OK
Init local repository...................................................... OK
Tag post-fix revision...................................................... OK
Initialize fixed program version........................................... OK
Apply patch................................................................ OK
Initialize buggy program version........................................... OK
Diff 0cefc4c2:383354ad..................................................... OK
Apply patch................................................................ OK
Tag pre-fix revision....................................................... OK
Check out program version: Time-15f........................................ OK
Running ant (compile)...................................................... OK
Running ant (compile.tests)................................................ OK
Running ant (export.tests.trigger)......................................... OK

Running ant (export.tests.relevant)........................................ OK

Running ant (export.classes.modified)...................................... OK

Running ant (export.dir.src.classes)....................................... OK

Running ant (export.dir.bin.classes)....................................... OK

Running ant (export.dir.bin.tests)......................................... OK

Running ant (export.cp.compile)............................................ FAIL
Buildfile: /home/serenach/tooling/defects4j/framework/projects/defects4j.build.xml

sanity.check:

init:
     [echo] -------- joda-time 2.1 --------

getjunit:

installjunit:
     [echo] Installing junit in /usr/share/ant/lib
     [copy] Copying 1 file to /usr/share/ant/lib
Attempt to copy /home/serenach/tooling/defects4j/framework/projects/lib/junit-4.11.jar to /usr/share/ant/lib/junit-4.11.jar using NIO Channels failed due to '/usr/share/ant/lib/junit-4.11.jar'.  Falling back to streams.

BUILD FAILED
/home/serenach/MultiEdit_Experiments/tmp/Time-015/buggy/build.xml:157: Failed to copy /home/serenach/tooling/defects4j/framework/projects/lib/junit-4.11.jar to /usr/share/ant/lib/junit-4.11.jar due to java.nio.file.AccessDeniedException /usr/share/ant/lib/junit-4.11.jar

Total time: 0 seconds
Executed command:  cd /home/serenach/MultiEdit_Experiments/tmp/Time-015/buggy && ant -f /home/serenach/tooling/defects4j/framework/projects/defects4j.build.xml -Dd4j.home=/home/serenach/tooling/defects4j -Dbasedir=/home/serenach/MultiEdit_Experiments/tmp/Time-015/buggy -Dfile.export=/home/serenach/MultiEdit_Experiments/tmp/Time-015/buggy/.export.cp.compile export.cp.compile 2>&1
Cannot export property cp.compile at /home/serenach/tooling/defects4j/framework/bin/d4j/d4j-export line 112.
Compilation failed in require at /home/serenach/tooling/defects4j/framework/bin/defects4j line 155.
Running ant (export.cp.test)............................................... FAIL
Buildfile: /home/serenach/tooling/defects4j/framework/projects/defects4j.build.xml

sanity.check:

init:
     [echo] -------- joda-time 2.1 --------

getjunit:

installjunit:
     [echo] Installing junit in /usr/share/ant/lib
     [copy] Copying 1 file to /usr/share/ant/lib
Attempt to copy /home/serenach/tooling/defects4j/framework/projects/lib/junit-4.11.jar to /usr/share/ant/lib/junit-4.11.jar using NIO Channels failed due to '/usr/share/ant/lib/junit-4.11.jar'.  Falling back to streams.

BUILD FAILED
/home/serenach/MultiEdit_Experiments/tmp/Time-015/buggy/build.xml:157: Failed to copy /home/serenach/tooling/defects4j/framework/projects/lib/junit-4.11.jar to /usr/share/ant/lib/junit-4.11.jar due to java.nio.file.AccessDeniedException /usr/share/ant/lib/junit-4.11.jar

Total time: 0 seconds
Executed command:  cd /home/serenach/MultiEdit_Experiments/tmp/Time-015/buggy && ant -f /home/serenach/tooling/defects4j/framework/projects/defects4j.build.xml -Dd4j.home=/home/serenach/tooling/defects4j -Dbasedir=/home/serenach/MultiEdit_Experiments/tmp/Time-015/buggy -Dfile.export=/home/serenach/MultiEdit_Experiments/tmp/Time-015/buggy/.export.cp.test export.cp.test 2>&1
Cannot export property cp.test at /home/serenach/tooling/defects4j/framework/bin/d4j/d4j-export line 112.
Compilation failed in require at /home/serenach/tooling/defects4j/framework/bin/defects4j line 155.
Running ant (compile)...................................................... OK
Running ant (compile.tests)................................................ OK
Running ant (export.dir.src.classes)....................................... OK

Running ant (export.dir.bin.classes)....................................... OK

Running ant (export.dir.bin.tests)......................................... OK

Running ant (export.cp.compile)............................................ FAIL
Buildfile: /home/serenach/tooling/defects4j/framework/projects/defects4j.build.xml

sanity.check:

init:
     [echo] -------- joda-time 2.1 --------

getjunit:

installjunit:
     [echo] Installing junit in /usr/share/ant/lib
     [copy] Copying 1 file to /usr/share/ant/lib
Attempt to copy /home/serenach/tooling/defects4j/framework/projects/lib/junit-4.11.jar to /usr/share/ant/lib/junit-4.11.jar using NIO Channels failed due to '/usr/share/ant/lib/junit-4.11.jar'.  Falling back to streams.

BUILD FAILED
/home/serenach/MultiEdit_Experiments/tmp/Time-015/patched/build.xml:157: Failed to copy /home/serenach/tooling/defects4j/framework/projects/lib/junit-4.11.jar to /usr/share/ant/lib/junit-4.11.jar due to java.nio.file.AccessDeniedException /usr/share/ant/lib/junit-4.11.jar

Total time: 0 seconds
Executed command:  cd /home/serenach/MultiEdit_Experiments/tmp/Time-015/patched && ant -f /home/serenach/tooling/defects4j/framework/projects/defects4j.build.xml -Dd4j.home=/home/serenach/tooling/defects4j -Dbasedir=/home/serenach/MultiEdit_Experiments/tmp/Time-015/patched -Dfile.export=/home/serenach/MultiEdit_Experiments/tmp/Time-015/patched/.export.cp.compile export.cp.compile 2>&1
Cannot export property cp.compile at /home/serenach/tooling/defects4j/framework/bin/d4j/d4j-export line 112.
Compilation failed in require at /home/serenach/tooling/defects4j/framework/bin/defects4j line 155.
Running ant (export.cp.test)............................................... FAIL
Buildfile: /home/serenach/tooling/defects4j/framework/projects/defects4j.build.xml

sanity.check:

init:
     [echo] -------- joda-time 2.1 --------

getjunit:

installjunit:
     [echo] Installing junit in /usr/share/ant/lib
     [copy] Copying 1 file to /usr/share/ant/lib
Attempt to copy /home/serenach/tooling/defects4j/framework/projects/lib/junit-4.11.jar to /usr/share/ant/lib/junit-4.11.jar using NIO Channels failed due to '/usr/share/ant/lib/junit-4.11.jar'.  Falling back to streams.

BUILD FAILED
/home/serenach/MultiEdit_Experiments/tmp/Time-015/patched/build.xml:157: Failed to copy /home/serenach/tooling/defects4j/framework/projects/lib/junit-4.11.jar to /usr/share/ant/lib/junit-4.11.jar due to java.nio.file.AccessDeniedException /usr/share/ant/lib/junit-4.11.jar

Total time: 0 seconds
Executed command:  cd /home/serenach/MultiEdit_Experiments/tmp/Time-015/patched && ant -f /home/serenach/tooling/defects4j/framework/projects/defects4j.build.xml -Dd4j.home=/home/serenach/tooling/defects4j -Dbasedir=/home/serenach/MultiEdit_Experiments/tmp/Time-015/patched -Dfile.export=/home/serenach/MultiEdit_Experiments/tmp/Time-015/patched/.export.cp.test export.cp.test 2>&1
Cannot export property cp.test at /home/serenach/tooling/defects4j/framework/bin/d4j/d4j-export line 112.
Compilation failed in require at /home/serenach/tooling/defects4j/framework/bin/defects4j line 155.
java.lang.RuntimeException: Failed to checkout D4J Project: TIME 15
	at projects.Defects4JPatch.<init>(Defects4JPatch.java:38)
	at multiedit.faultloc.DoCoverageExperiments.main(DoCoverageExperiments.java:32)
Caused by: java.lang.ArrayIndexOutOfBoundsException: 1
	at projects.Defects4JPatch.lambda$parseFields$0(Defects4JPatch.java:123)
	at projects.Defects4JPatch.lineIterator(Defects4JPatch.java:169)
	at projects.Defects4JPatch.parseFields(Defects4JPatch.java:121)
	at projects.Defects4JPatch.<init>(Defects4JPatch.java:36)
	... 1 more
FAILED: TIME 15
[src/main/bash/checkoutD4J.sh, Time, 16, tmp/Time-016]
Check out 706513d5 to /home/serenach/MultiEdit_Experiments/tmp/Time-016/bug OK
Init local repository...................................................... OK
Tag post-fix revision...................................................... OK
Initialize fixed program version........................................... OK
Apply patch................................................................ OK
Initialize buggy program version........................................... OK
Diff 706513d5:dba7c37e..................................................... OK
Apply patch................................................................ OK
Tag pre-fix revision....................................................... OK
Check out program version: Time-16b........................................ OK
Check out 706513d5 to /home/serenach/MultiEdit_Experiments/tmp/Time-016/pat OK
Init local repository...................................................... OK
Tag post-fix revision...................................................... OK
Initialize fixed program version........................................... OK
Apply patch................................................................ OK
Initialize buggy program version........................................... OK
Diff 706513d5:dba7c37e..................................................... OK
Apply patch................................................................ OK
Tag pre-fix revision....................................................... OK
Check out program version: Time-16f........................................ OK
Running ant (compile)...................................................... OK
Running ant (compile.tests)................................................ OK
Running ant (export.tests.trigger)......................................... OK

Running ant (export.tests.relevant)........................................ OK

Running ant (export.classes.modified)...................................... OK

Running ant (export.dir.src.classes)....................................... OK

Running ant (export.dir.bin.classes)....................................... OK

Running ant (export.dir.bin.tests)......................................... OK

Running ant (export.cp.compile)............................................ FAIL
Buildfile: /home/serenach/tooling/defects4j/framework/projects/defects4j.build.xml

sanity.check:

init:
     [echo] -------- joda-time 2.1 --------

getjunit:

installjunit:
     [echo] Installing junit in /usr/share/ant/lib
     [copy] Copying 1 file to /usr/share/ant/lib
Attempt to copy /home/serenach/tooling/defects4j/framework/projects/lib/junit-4.11.jar to /usr/share/ant/lib/junit-4.11.jar using NIO Channels failed due to '/usr/share/ant/lib/junit-4.11.jar'.  Falling back to streams.

BUILD FAILED
/home/serenach/MultiEdit_Experiments/tmp/Time-016/buggy/build.xml:157: Failed to copy /home/serenach/tooling/defects4j/framework/projects/lib/junit-4.11.jar to /usr/share/ant/lib/junit-4.11.jar due to java.nio.file.AccessDeniedException /usr/share/ant/lib/junit-4.11.jar

Total time: 0 seconds
Executed command:  cd /home/serenach/MultiEdit_Experiments/tmp/Time-016/buggy && ant -f /home/serenach/tooling/defects4j/framework/projects/defects4j.build.xml -Dd4j.home=/home/serenach/tooling/defects4j -Dbasedir=/home/serenach/MultiEdit_Experiments/tmp/Time-016/buggy -Dfile.export=/home/serenach/MultiEdit_Experiments/tmp/Time-016/buggy/.export.cp.compile export.cp.compile 2>&1
Cannot export property cp.compile at /home/serenach/tooling/defects4j/framework/bin/d4j/d4j-export line 112.
Compilation failed in require at /home/serenach/tooling/defects4j/framework/bin/defects4j line 155.
Running ant (export.cp.test)............................................... FAIL
Buildfile: /home/serenach/tooling/defects4j/framework/projects/defects4j.build.xml

sanity.check:

init:
     [echo] -------- joda-time 2.1 --------

getjunit:

installjunit:
     [echo] Installing junit in /usr/share/ant/lib
     [copy] Copying 1 file to /usr/share/ant/lib
Attempt to copy /home/serenach/tooling/defects4j/framework/projects/lib/junit-4.11.jar to /usr/share/ant/lib/junit-4.11.jar using NIO Channels failed due to '/usr/share/ant/lib/junit-4.11.jar'.  Falling back to streams.

BUILD FAILED
/home/serenach/MultiEdit_Experiments/tmp/Time-016/buggy/build.xml:157: Failed to copy /home/serenach/tooling/defects4j/framework/projects/lib/junit-4.11.jar to /usr/share/ant/lib/junit-4.11.jar due to java.nio.file.AccessDeniedException /usr/share/ant/lib/junit-4.11.jar

Total time: 0 seconds
Executed command:  cd /home/serenach/MultiEdit_Experiments/tmp/Time-016/buggy && ant -f /home/serenach/tooling/defects4j/framework/projects/defects4j.build.xml -Dd4j.home=/home/serenach/tooling/defects4j -Dbasedir=/home/serenach/MultiEdit_Experiments/tmp/Time-016/buggy -Dfile.export=/home/serenach/MultiEdit_Experiments/tmp/Time-016/buggy/.export.cp.test export.cp.test 2>&1
Cannot export property cp.test at /home/serenach/tooling/defects4j/framework/bin/d4j/d4j-export line 112.
Compilation failed in require at /home/serenach/tooling/defects4j/framework/bin/defects4j line 155.
Running ant (compile)...................................................... OK
Running ant (compile.tests)................................................ OK
Running ant (export.dir.src.classes)....................................... OK

Running ant (export.dir.bin.classes)....................................... OK

Running ant (export.dir.bin.tests)......................................... OK

Running ant (export.cp.compile)............................................ FAIL
Buildfile: /home/serenach/tooling/defects4j/framework/projects/defects4j.build.xml

sanity.check:

init:
     [echo] -------- joda-time 2.1 --------

getjunit:

installjunit:
     [echo] Installing junit in /usr/share/ant/lib
     [copy] Copying 1 file to /usr/share/ant/lib
Attempt to copy /home/serenach/tooling/defects4j/framework/projects/lib/junit-4.11.jar to /usr/share/ant/lib/junit-4.11.jar using NIO Channels failed due to '/usr/share/ant/lib/junit-4.11.jar'.  Falling back to streams.

BUILD FAILED
/home/serenach/MultiEdit_Experiments/tmp/Time-016/patched/build.xml:157: Failed to copy /home/serenach/tooling/defects4j/framework/projects/lib/junit-4.11.jar to /usr/share/ant/lib/junit-4.11.jar due to java.nio.file.AccessDeniedException /usr/share/ant/lib/junit-4.11.jar

Total time: 0 seconds
Executed command:  cd /home/serenach/MultiEdit_Experiments/tmp/Time-016/patched && ant -f /home/serenach/tooling/defects4j/framework/projects/defects4j.build.xml -Dd4j.home=/home/serenach/tooling/defects4j -Dbasedir=/home/serenach/MultiEdit_Experiments/tmp/Time-016/patched -Dfile.export=/home/serenach/MultiEdit_Experiments/tmp/Time-016/patched/.export.cp.compile export.cp.compile 2>&1
Cannot export property cp.compile at /home/serenach/tooling/defects4j/framework/bin/d4j/d4j-export line 112.
Compilation failed in require at /home/serenach/tooling/defects4j/framework/bin/defects4j line 155.
Running ant (export.cp.test)............................................... FAIL
Buildfile: /home/serenach/tooling/defects4j/framework/projects/defects4j.build.xml

sanity.check:

init:
     [echo] -------- joda-time 2.1 --------

getjunit:

installjunit:
     [echo] Installing junit in /usr/share/ant/lib
     [copy] Copying 1 file to /usr/share/ant/lib
Attempt to copy /home/serenach/tooling/defects4j/framework/projects/lib/junit-4.11.jar to /usr/share/ant/lib/junit-4.11.jar using NIO Channels failed due to '/usr/share/ant/lib/junit-4.11.jar'.  Falling back to streams.

BUILD FAILED
/home/serenach/MultiEdit_Experiments/tmp/Time-016/patched/build.xml:157: Failed to copy /home/serenach/tooling/defects4j/framework/projects/lib/junit-4.11.jar to /usr/share/ant/lib/junit-4.11.jar due to java.nio.file.AccessDeniedException /usr/share/ant/lib/junit-4.11.jar

Total time: 0 seconds
Executed command:  cd /home/serenach/MultiEdit_Experiments/tmp/Time-016/patched && ant -f /home/serenach/tooling/defects4j/framework/projects/defects4j.build.xml -Dd4j.home=/home/serenach/tooling/defects4j -Dbasedir=/home/serenach/MultiEdit_Experiments/tmp/Time-016/patched -Dfile.export=/home/serenach/MultiEdit_Experiments/tmp/Time-016/patched/.export.cp.test export.cp.test 2>&1
Cannot export property cp.test at /home/serenach/tooling/defects4j/framework/bin/d4j/d4j-export line 112.
Compilation failed in require at /home/serenach/tooling/defects4j/framework/bin/defects4j line 155.
java.lang.RuntimeException: Failed to checkout D4J Project: TIME 16
	at projects.Defects4JPatch.<init>(Defects4JPatch.java:38)
	at multiedit.faultloc.DoCoverageExperiments.main(DoCoverageExperiments.java:32)
Caused by: java.lang.ArrayIndexOutOfBoundsException: 1
	at projects.Defects4JPatch.lambda$parseFields$0(Defects4JPatch.java:123)
	at projects.Defects4JPatch.lineIterator(Defects4JPatch.java:169)
	at projects.Defects4JPatch.parseFields(Defects4JPatch.java:121)
	at projects.Defects4JPatch.<init>(Defects4JPatch.java:36)
	... 1 more
FAILED: TIME 16
[src/main/bash/checkoutD4J.sh, Time, 17, tmp/Time-017]
Check out a8913f5a to /home/serenach/MultiEdit_Experiments/tmp/Time-017/bug OK
Init local repository...................................................... OK
Tag post-fix revision...................................................... OK
Initialize fixed program version........................................... OK
Apply patch................................................................ OK
Initialize buggy program version........................................... OK
Diff a8913f5a:cdeacf09..................................................... OK
Apply patch................................................................ OK
Tag pre-fix revision....................................................... OK
Check out program version: Time-17b........................................ OK
Check out a8913f5a to /home/serenach/MultiEdit_Experiments/tmp/Time-017/pat OK
Init local repository...................................................... OK
Tag post-fix revision...................................................... OK
Initialize fixed program version........................................... OK
Apply patch................................................................ OK
Initialize buggy program version........................................... OK
Diff a8913f5a:cdeacf09..................................................... OK
Apply patch................................................................ OK
Tag pre-fix revision....................................................... OK
Check out program version: Time-17f........................................ OK
Running ant (compile)...................................................... OK
Running ant (compile.tests)................................................ OK
Running ant (export.tests.trigger)......................................... OK

Running ant (export.tests.relevant)........................................ OK

Running ant (export.classes.modified)...................................... OK

Running ant (export.dir.src.classes)....................................... OK

Running ant (export.dir.bin.classes)....................................... OK

Running ant (export.dir.bin.tests)......................................... OK

Running ant (export.cp.compile)............................................ FAIL
Buildfile: /home/serenach/tooling/defects4j/framework/projects/defects4j.build.xml

sanity.check:

init:
     [echo] -------- joda-time 2.0 --------

getjunit:

installjunit:
     [echo] Installing junit in /usr/share/ant/lib
     [copy] Copying 1 file to /usr/share/ant/lib
Attempt to copy /home/serenach/tooling/defects4j/framework/projects/lib/junit-4.11.jar to /usr/share/ant/lib/junit-4.11.jar using NIO Channels failed due to '/usr/share/ant/lib/junit-4.11.jar'.  Falling back to streams.

BUILD FAILED
/home/serenach/MultiEdit_Experiments/tmp/Time-017/buggy/build.xml:151: Failed to copy /home/serenach/tooling/defects4j/framework/projects/lib/junit-4.11.jar to /usr/share/ant/lib/junit-4.11.jar due to java.nio.file.AccessDeniedException /usr/share/ant/lib/junit-4.11.jar

Total time: 0 seconds
Executed command:  cd /home/serenach/MultiEdit_Experiments/tmp/Time-017/buggy && ant -f /home/serenach/tooling/defects4j/framework/projects/defects4j.build.xml -Dd4j.home=/home/serenach/tooling/defects4j -Dbasedir=/home/serenach/MultiEdit_Experiments/tmp/Time-017/buggy -Dfile.export=/home/serenach/MultiEdit_Experiments/tmp/Time-017/buggy/.export.cp.compile export.cp.compile 2>&1
Cannot export property cp.compile at /home/serenach/tooling/defects4j/framework/bin/d4j/d4j-export line 112.
Compilation failed in require at /home/serenach/tooling/defects4j/framework/bin/defects4j line 155.
Running ant (export.cp.test)............................................... FAIL
Buildfile: /home/serenach/tooling/defects4j/framework/projects/defects4j.build.xml

sanity.check:

init:
     [echo] -------- joda-time 2.0 --------

getjunit:

installjunit:
     [echo] Installing junit in /usr/share/ant/lib
     [copy] Copying 1 file to /usr/share/ant/lib
Attempt to copy /home/serenach/tooling/defects4j/framework/projects/lib/junit-4.11.jar to /usr/share/ant/lib/junit-4.11.jar using NIO Channels failed due to '/usr/share/ant/lib/junit-4.11.jar'.  Falling back to streams.

BUILD FAILED
/home/serenach/MultiEdit_Experiments/tmp/Time-017/buggy/build.xml:151: Failed to copy /home/serenach/tooling/defects4j/framework/projects/lib/junit-4.11.jar to /usr/share/ant/lib/junit-4.11.jar due to java.nio.file.AccessDeniedException /usr/share/ant/lib/junit-4.11.jar

Total time: 0 seconds
Executed command:  cd /home/serenach/MultiEdit_Experiments/tmp/Time-017/buggy && ant -f /home/serenach/tooling/defects4j/framework/projects/defects4j.build.xml -Dd4j.home=/home/serenach/tooling/defects4j -Dbasedir=/home/serenach/MultiEdit_Experiments/tmp/Time-017/buggy -Dfile.export=/home/serenach/MultiEdit_Experiments/tmp/Time-017/buggy/.export.cp.test export.cp.test 2>&1
Cannot export property cp.test at /home/serenach/tooling/defects4j/framework/bin/d4j/d4j-export line 112.
Compilation failed in require at /home/serenach/tooling/defects4j/framework/bin/defects4j line 155.
Running ant (compile)...................................................... OK
Running ant (compile.tests)................................................ OK
Running ant (export.dir.src.classes)....................................... OK

Running ant (export.dir.bin.classes)....................................... OK

Running ant (export.dir.bin.tests)......................................... OK

Running ant (export.cp.compile)............................................ FAIL
Buildfile: /home/serenach/tooling/defects4j/framework/projects/defects4j.build.xml

sanity.check:

init:
     [echo] -------- joda-time 2.0 --------

getjunit:

installjunit:
     [echo] Installing junit in /usr/share/ant/lib
     [copy] Copying 1 file to /usr/share/ant/lib
Attempt to copy /home/serenach/tooling/defects4j/framework/projects/lib/junit-4.11.jar to /usr/share/ant/lib/junit-4.11.jar using NIO Channels failed due to '/usr/share/ant/lib/junit-4.11.jar'.  Falling back to streams.

BUILD FAILED
/home/serenach/MultiEdit_Experiments/tmp/Time-017/patched/build.xml:151: Failed to copy /home/serenach/tooling/defects4j/framework/projects/lib/junit-4.11.jar to /usr/share/ant/lib/junit-4.11.jar due to java.nio.file.AccessDeniedException /usr/share/ant/lib/junit-4.11.jar

Total time: 0 seconds
Executed command:  cd /home/serenach/MultiEdit_Experiments/tmp/Time-017/patched && ant -f /home/serenach/tooling/defects4j/framework/projects/defects4j.build.xml -Dd4j.home=/home/serenach/tooling/defects4j -Dbasedir=/home/serenach/MultiEdit_Experiments/tmp/Time-017/patched -Dfile.export=/home/serenach/MultiEdit_Experiments/tmp/Time-017/patched/.export.cp.compile export.cp.compile 2>&1
Cannot export property cp.compile at /home/serenach/tooling/defects4j/framework/bin/d4j/d4j-export line 112.
Compilation failed in require at /home/serenach/tooling/defects4j/framework/bin/defects4j line 155.
Running ant (export.cp.test)............................................... FAIL
Buildfile: /home/serenach/tooling/defects4j/framework/projects/defects4j.build.xml

sanity.check:

init:
     [echo] -------- joda-time 2.0 --------

getjunit:

installjunit:
     [echo] Installing junit in /usr/share/ant/lib
     [copy] Copying 1 file to /usr/share/ant/lib
Attempt to copy /home/serenach/tooling/defects4j/framework/projects/lib/junit-4.11.jar to /usr/share/ant/lib/junit-4.11.jar using NIO Channels failed due to '/usr/share/ant/lib/junit-4.11.jar'.  Falling back to streams.

BUILD FAILED
/home/serenach/MultiEdit_Experiments/tmp/Time-017/patched/build.xml:151: Failed to copy /home/serenach/tooling/defects4j/framework/projects/lib/junit-4.11.jar to /usr/share/ant/lib/junit-4.11.jar due to java.nio.file.AccessDeniedException /usr/share/ant/lib/junit-4.11.jar

Total time: 0 seconds
Executed command:  cd /home/serenach/MultiEdit_Experiments/tmp/Time-017/patched && ant -f /home/serenach/tooling/defects4j/framework/projects/defects4j.build.xml -Dd4j.home=/home/serenach/tooling/defects4j -Dbasedir=/home/serenach/MultiEdit_Experiments/tmp/Time-017/patched -Dfile.export=/home/serenach/MultiEdit_Experiments/tmp/Time-017/patched/.export.cp.test export.cp.test 2>&1
Cannot export property cp.test at /home/serenach/tooling/defects4j/framework/bin/d4j/d4j-export line 112.
Compilation failed in require at /home/serenach/tooling/defects4j/framework/bin/defects4j line 155.
java.lang.RuntimeException: Failed to checkout D4J Project: TIME 17
	at projects.Defects4JPatch.<init>(Defects4JPatch.java:38)
	at multiedit.faultloc.DoCoverageExperiments.main(DoCoverageExperiments.java:32)
Caused by: java.lang.ArrayIndexOutOfBoundsException: 1
	at projects.Defects4JPatch.lambda$parseFields$0(Defects4JPatch.java:123)
	at projects.Defects4JPatch.lineIterator(Defects4JPatch.java:169)
	at projects.Defects4JPatch.parseFields(Defects4JPatch.java:121)
	at projects.Defects4JPatch.<init>(Defects4JPatch.java:36)
	... 1 more
FAILED: TIME 17
[src/main/bash/checkoutD4J.sh, Time, 18, tmp/Time-018]
Check out b609d7d6 to /home/serenach/MultiEdit_Experiments/tmp/Time-018/bug OK
Init local repository...................................................... OK
Tag post-fix revision...................................................... OK
Initialize fixed program version........................................... OK
Apply patch................................................................ OK
Initialize buggy program version........................................... OK
Diff b609d7d6:e16eb72a..................................................... OK
Apply patch................................................................ OK
Tag pre-fix revision....................................................... OK
Check out program version: Time-18b........................................ OK
Check out b609d7d6 to /home/serenach/MultiEdit_Experiments/tmp/Time-018/pat OK
Init local repository...................................................... OK
Tag post-fix revision...................................................... OK
Initialize fixed program version........................................... OK
Apply patch................................................................ OK
Initialize buggy program version........................................... OK
Diff b609d7d6:e16eb72a..................................................... OK
Apply patch................................................................ OK
Tag pre-fix revision....................................................... OK
Check out program version: Time-18f........................................ OK
Running ant (compile)...................................................... OK
Running ant (compile.tests)................................................ OK
Running ant (export.tests.trigger)......................................... OK

Running ant (export.tests.relevant)........................................ OK

Running ant (export.classes.modified)...................................... OK

Running ant (export.dir.src.classes)....................................... OK

Running ant (export.dir.bin.classes)....................................... OK

Running ant (export.dir.bin.tests)......................................... OK

Running ant (export.cp.compile)............................................ FAIL
Buildfile: /home/serenach/tooling/defects4j/framework/projects/defects4j.build.xml

sanity.check:

init:
     [echo] -------- joda-time 2.0 --------

getjunit:

installjunit:
     [echo] Installing junit in /usr/share/ant/lib
     [copy] Copying 1 file to /usr/share/ant/lib
Attempt to copy /home/serenach/tooling/defects4j/framework/projects/lib/junit-4.11.jar to /usr/share/ant/lib/junit-4.11.jar using NIO Channels failed due to '/usr/share/ant/lib/junit-4.11.jar'.  Falling back to streams.

BUILD FAILED
/home/serenach/MultiEdit_Experiments/tmp/Time-018/buggy/build.xml:151: Failed to copy /home/serenach/tooling/defects4j/framework/projects/lib/junit-4.11.jar to /usr/share/ant/lib/junit-4.11.jar due to java.nio.file.AccessDeniedException /usr/share/ant/lib/junit-4.11.jar

Total time: 0 seconds
Executed command:  cd /home/serenach/MultiEdit_Experiments/tmp/Time-018/buggy && ant -f /home/serenach/tooling/defects4j/framework/projects/defects4j.build.xml -Dd4j.home=/home/serenach/tooling/defects4j -Dbasedir=/home/serenach/MultiEdit_Experiments/tmp/Time-018/buggy -Dfile.export=/home/serenach/MultiEdit_Experiments/tmp/Time-018/buggy/.export.cp.compile export.cp.compile 2>&1
Cannot export property cp.compile at /home/serenach/tooling/defects4j/framework/bin/d4j/d4j-export line 112.
Compilation failed in require at /home/serenach/tooling/defects4j/framework/bin/defects4j line 155.
Running ant (export.cp.test)............................................... FAIL
Buildfile: /home/serenach/tooling/defects4j/framework/projects/defects4j.build.xml

sanity.check:

init:
     [echo] -------- joda-time 2.0 --------

getjunit:

installjunit:
     [echo] Installing junit in /usr/share/ant/lib
     [copy] Copying 1 file to /usr/share/ant/lib
Attempt to copy /home/serenach/tooling/defects4j/framework/projects/lib/junit-4.11.jar to /usr/share/ant/lib/junit-4.11.jar using NIO Channels failed due to '/usr/share/ant/lib/junit-4.11.jar'.  Falling back to streams.

BUILD FAILED
/home/serenach/MultiEdit_Experiments/tmp/Time-018/buggy/build.xml:151: Failed to copy /home/serenach/tooling/defects4j/framework/projects/lib/junit-4.11.jar to /usr/share/ant/lib/junit-4.11.jar due to java.nio.file.AccessDeniedException /usr/share/ant/lib/junit-4.11.jar

Total time: 0 seconds
Executed command:  cd /home/serenach/MultiEdit_Experiments/tmp/Time-018/buggy && ant -f /home/serenach/tooling/defects4j/framework/projects/defects4j.build.xml -Dd4j.home=/home/serenach/tooling/defects4j -Dbasedir=/home/serenach/MultiEdit_Experiments/tmp/Time-018/buggy -Dfile.export=/home/serenach/MultiEdit_Experiments/tmp/Time-018/buggy/.export.cp.test export.cp.test 2>&1
Cannot export property cp.test at /home/serenach/tooling/defects4j/framework/bin/d4j/d4j-export line 112.
Compilation failed in require at /home/serenach/tooling/defects4j/framework/bin/defects4j line 155.
Running ant (compile)...................................................... OK
Running ant (compile.tests)................................................ OK
Running ant (export.dir.src.classes)....................................... OK

Running ant (export.dir.bin.classes)....................................... OK

Running ant (export.dir.bin.tests)......................................... OK

Running ant (export.cp.compile)............................................ FAIL
Buildfile: /home/serenach/tooling/defects4j/framework/projects/defects4j.build.xml

sanity.check:

init:
     [echo] -------- joda-time 2.0 --------

getjunit:

installjunit:
     [echo] Installing junit in /usr/share/ant/lib
     [copy] Copying 1 file to /usr/share/ant/lib
Attempt to copy /home/serenach/tooling/defects4j/framework/projects/lib/junit-4.11.jar to /usr/share/ant/lib/junit-4.11.jar using NIO Channels failed due to '/usr/share/ant/lib/junit-4.11.jar'.  Falling back to streams.

BUILD FAILED
/home/serenach/MultiEdit_Experiments/tmp/Time-018/patched/build.xml:151: Failed to copy /home/serenach/tooling/defects4j/framework/projects/lib/junit-4.11.jar to /usr/share/ant/lib/junit-4.11.jar due to java.nio.file.AccessDeniedException /usr/share/ant/lib/junit-4.11.jar

Total time: 0 seconds
Executed command:  cd /home/serenach/MultiEdit_Experiments/tmp/Time-018/patched && ant -f /home/serenach/tooling/defects4j/framework/projects/defects4j.build.xml -Dd4j.home=/home/serenach/tooling/defects4j -Dbasedir=/home/serenach/MultiEdit_Experiments/tmp/Time-018/patched -Dfile.export=/home/serenach/MultiEdit_Experiments/tmp/Time-018/patched/.export.cp.compile export.cp.compile 2>&1
Cannot export property cp.compile at /home/serenach/tooling/defects4j/framework/bin/d4j/d4j-export line 112.
Compilation failed in require at /home/serenach/tooling/defects4j/framework/bin/defects4j line 155.
Running ant (export.cp.test)............................................... FAIL
Buildfile: /home/serenach/tooling/defects4j/framework/projects/defects4j.build.xml

sanity.check:

init:
     [echo] -------- joda-time 2.0 --------

getjunit:

installjunit:
     [echo] Installing junit in /usr/share/ant/lib
     [copy] Copying 1 file to /usr/share/ant/lib
Attempt to copy /home/serenach/tooling/defects4j/framework/projects/lib/junit-4.11.jar to /usr/share/ant/lib/junit-4.11.jar using NIO Channels failed due to '/usr/share/ant/lib/junit-4.11.jar'.  Falling back to streams.

BUILD FAILED
/home/serenach/MultiEdit_Experiments/tmp/Time-018/patched/build.xml:151: Failed to copy /home/serenach/tooling/defects4j/framework/projects/lib/junit-4.11.jar to /usr/share/ant/lib/junit-4.11.jar due to java.nio.file.AccessDeniedException /usr/share/ant/lib/junit-4.11.jar

Total time: 0 seconds
Executed command:  cd /home/serenach/MultiEdit_Experiments/tmp/Time-018/patched && ant -f /home/serenach/tooling/defects4j/framework/projects/defects4j.build.xml -Dd4j.home=/home/serenach/tooling/defects4j -Dbasedir=/home/serenach/MultiEdit_Experiments/tmp/Time-018/patched -Dfile.export=/home/serenach/MultiEdit_Experiments/tmp/Time-018/patched/.export.cp.test export.cp.test 2>&1
Cannot export property cp.test at /home/serenach/tooling/defects4j/framework/bin/d4j/d4j-export line 112.
Compilation failed in require at /home/serenach/tooling/defects4j/framework/bin/defects4j line 155.
java.lang.RuntimeException: Failed to checkout D4J Project: TIME 18
	at projects.Defects4JPatch.<init>(Defects4JPatch.java:38)
	at multiedit.faultloc.DoCoverageExperiments.main(DoCoverageExperiments.java:32)
Caused by: java.lang.ArrayIndexOutOfBoundsException: 1
	at projects.Defects4JPatch.lambda$parseFields$0(Defects4JPatch.java:123)
	at projects.Defects4JPatch.lineIterator(Defects4JPatch.java:169)
	at projects.Defects4JPatch.parseFields(Defects4JPatch.java:121)
	at projects.Defects4JPatch.<init>(Defects4JPatch.java:36)
	... 1 more
FAILED: TIME 18
[src/main/bash/checkoutD4J.sh, Time, 19, tmp/Time-019]
Check out 82c5e4f9 to /home/serenach/MultiEdit_Experiments/tmp/Time-019/bug OK
Init local repository...................................................... OK
Tag post-fix revision...................................................... OK
Initialize fixed program version........................................... OK
Apply patch................................................................ OK
Initialize buggy program version........................................... OK
Diff 82c5e4f9:a92450e8..................................................... OK
Apply patch................................................................ OK
Tag pre-fix revision....................................................... OK
Check out program version: Time-19b........................................ OK
Check out 82c5e4f9 to /home/serenach/MultiEdit_Experiments/tmp/Time-019/pat OK
Init local repository...................................................... OK
Tag post-fix revision...................................................... OK
Initialize fixed program version........................................... OK
Apply patch................................................................ OK
Initialize buggy program version........................................... OK
Diff 82c5e4f9:a92450e8..................................................... OK
Apply patch................................................................ OK
Tag pre-fix revision....................................................... OK
Check out program version: Time-19f........................................ OK
Running ant (compile)...................................................... OK
Running ant (compile.tests)................................................ OK
Running ant (export.tests.trigger)......................................... OK

Running ant (export.tests.relevant)........................................ OK

Running ant (export.classes.modified)...................................... OK

Running ant (export.dir.src.classes)....................................... OK

Running ant (export.dir.bin.classes)....................................... OK

Running ant (export.dir.bin.tests)......................................... OK

Running ant (export.cp.compile)............................................ FAIL
Buildfile: /home/serenach/tooling/defects4j/framework/projects/defects4j.build.xml

sanity.check:

init:
     [echo] -------- joda-time 2.0 --------

getjunit:

installjunit:
     [echo] Installing junit in /usr/share/ant/lib
     [copy] Copying 1 file to /usr/share/ant/lib
Attempt to copy /home/serenach/tooling/defects4j/framework/projects/lib/junit-4.11.jar to /usr/share/ant/lib/junit-4.11.jar using NIO Channels failed due to '/usr/share/ant/lib/junit-4.11.jar'.  Falling back to streams.

BUILD FAILED
/home/serenach/MultiEdit_Experiments/tmp/Time-019/buggy/build.xml:151: Failed to copy /home/serenach/tooling/defects4j/framework/projects/lib/junit-4.11.jar to /usr/share/ant/lib/junit-4.11.jar due to java.nio.file.AccessDeniedException /usr/share/ant/lib/junit-4.11.jar

Total time: 0 seconds
Executed command:  cd /home/serenach/MultiEdit_Experiments/tmp/Time-019/buggy && ant -f /home/serenach/tooling/defects4j/framework/projects/defects4j.build.xml -Dd4j.home=/home/serenach/tooling/defects4j -Dbasedir=/home/serenach/MultiEdit_Experiments/tmp/Time-019/buggy -Dfile.export=/home/serenach/MultiEdit_Experiments/tmp/Time-019/buggy/.export.cp.compile export.cp.compile 2>&1
Cannot export property cp.compile at /home/serenach/tooling/defects4j/framework/bin/d4j/d4j-export line 112.
Compilation failed in require at /home/serenach/tooling/defects4j/framework/bin/defects4j line 155.
Running ant (export.cp.test)............................................... FAIL
Buildfile: /home/serenach/tooling/defects4j/framework/projects/defects4j.build.xml

sanity.check:

init:
     [echo] -------- joda-time 2.0 --------

getjunit:

installjunit:
     [echo] Installing junit in /usr/share/ant/lib
     [copy] Copying 1 file to /usr/share/ant/lib
Attempt to copy /home/serenach/tooling/defects4j/framework/projects/lib/junit-4.11.jar to /usr/share/ant/lib/junit-4.11.jar using NIO Channels failed due to '/usr/share/ant/lib/junit-4.11.jar'.  Falling back to streams.

BUILD FAILED
/home/serenach/MultiEdit_Experiments/tmp/Time-019/buggy/build.xml:151: Failed to copy /home/serenach/tooling/defects4j/framework/projects/lib/junit-4.11.jar to /usr/share/ant/lib/junit-4.11.jar due to java.nio.file.AccessDeniedException /usr/share/ant/lib/junit-4.11.jar

Total time: 0 seconds
Executed command:  cd /home/serenach/MultiEdit_Experiments/tmp/Time-019/buggy && ant -f /home/serenach/tooling/defects4j/framework/projects/defects4j.build.xml -Dd4j.home=/home/serenach/tooling/defects4j -Dbasedir=/home/serenach/MultiEdit_Experiments/tmp/Time-019/buggy -Dfile.export=/home/serenach/MultiEdit_Experiments/tmp/Time-019/buggy/.export.cp.test export.cp.test 2>&1
Cannot export property cp.test at /home/serenach/tooling/defects4j/framework/bin/d4j/d4j-export line 112.
Compilation failed in require at /home/serenach/tooling/defects4j/framework/bin/defects4j line 155.
Running ant (compile)...................................................... OK
Running ant (compile.tests)................................................ OK
Running ant (export.dir.src.classes)....................................... OK

Running ant (export.dir.bin.classes)....................................... OK

Running ant (export.dir.bin.tests)......................................... OK

Running ant (export.cp.compile)............................................ FAIL
Buildfile: /home/serenach/tooling/defects4j/framework/projects/defects4j.build.xml

sanity.check:

init:
     [echo] -------- joda-time 2.0 --------

getjunit:

installjunit:
     [echo] Installing junit in /usr/share/ant/lib
     [copy] Copying 1 file to /usr/share/ant/lib
Attempt to copy /home/serenach/tooling/defects4j/framework/projects/lib/junit-4.11.jar to /usr/share/ant/lib/junit-4.11.jar using NIO Channels failed due to '/usr/share/ant/lib/junit-4.11.jar'.  Falling back to streams.

BUILD FAILED
/home/serenach/MultiEdit_Experiments/tmp/Time-019/patched/build.xml:151: Failed to copy /home/serenach/tooling/defects4j/framework/projects/lib/junit-4.11.jar to /usr/share/ant/lib/junit-4.11.jar due to java.nio.file.AccessDeniedException /usr/share/ant/lib/junit-4.11.jar

Total time: 0 seconds
Executed command:  cd /home/serenach/MultiEdit_Experiments/tmp/Time-019/patched && ant -f /home/serenach/tooling/defects4j/framework/projects/defects4j.build.xml -Dd4j.home=/home/serenach/tooling/defects4j -Dbasedir=/home/serenach/MultiEdit_Experiments/tmp/Time-019/patched -Dfile.export=/home/serenach/MultiEdit_Experiments/tmp/Time-019/patched/.export.cp.compile export.cp.compile 2>&1
Cannot export property cp.compile at /home/serenach/tooling/defects4j/framework/bin/d4j/d4j-export line 112.
Compilation failed in require at /home/serenach/tooling/defects4j/framework/bin/defects4j line 155.
Running ant (export.cp.test)............................................... FAIL
Buildfile: /home/serenach/tooling/defects4j/framework/projects/defects4j.build.xml

sanity.check:

init:
     [echo] -------- joda-time 2.0 --------

getjunit:

installjunit:
     [echo] Installing junit in /usr/share/ant/lib
     [copy] Copying 1 file to /usr/share/ant/lib
Attempt to copy /home/serenach/tooling/defects4j/framework/projects/lib/junit-4.11.jar to /usr/share/ant/lib/junit-4.11.jar using NIO Channels failed due to '/usr/share/ant/lib/junit-4.11.jar'.  Falling back to streams.

BUILD FAILED
/home/serenach/MultiEdit_Experiments/tmp/Time-019/patched/build.xml:151: Failed to copy /home/serenach/tooling/defects4j/framework/projects/lib/junit-4.11.jar to /usr/share/ant/lib/junit-4.11.jar due to java.nio.file.AccessDeniedException /usr/share/ant/lib/junit-4.11.jar

Total time: 0 seconds
Executed command:  cd /home/serenach/MultiEdit_Experiments/tmp/Time-019/patched && ant -f /home/serenach/tooling/defects4j/framework/projects/defects4j.build.xml -Dd4j.home=/home/serenach/tooling/defects4j -Dbasedir=/home/serenach/MultiEdit_Experiments/tmp/Time-019/patched -Dfile.export=/home/serenach/MultiEdit_Experiments/tmp/Time-019/patched/.export.cp.test export.cp.test 2>&1
Cannot export property cp.test at /home/serenach/tooling/defects4j/framework/bin/d4j/d4j-export line 112.
Compilation failed in require at /home/serenach/tooling/defects4j/framework/bin/defects4j line 155.
java.lang.RuntimeException: Failed to checkout D4J Project: TIME 19
	at projects.Defects4JPatch.<init>(Defects4JPatch.java:38)
	at multiedit.faultloc.DoCoverageExperiments.main(DoCoverageExperiments.java:32)
Caused by: java.lang.ArrayIndexOutOfBoundsException: 1
	at projects.Defects4JPatch.lambda$parseFields$0(Defects4JPatch.java:123)
	at projects.Defects4JPatch.lineIterator(Defects4JPatch.java:169)
	at projects.Defects4JPatch.parseFields(Defects4JPatch.java:121)
	at projects.Defects4JPatch.<init>(Defects4JPatch.java:36)
	... 1 more
FAILED: TIME 19
[src/main/bash/checkoutD4J.sh, Time, 20, tmp/Time-020]
Check out a92450e8 to /home/serenach/MultiEdit_Experiments/tmp/Time-020/bug OK
Init local repository...................................................... OK
Tag post-fix revision...................................................... OK
Initialize fixed program version........................................... OK
Apply patch................................................................ OK
Initialize buggy program version........................................... OK
Diff a92450e8:17a60c9a..................................................... OK
Apply patch................................................................ OK
Tag pre-fix revision....................................................... OK
Check out program version: Time-20b........................................ OK
Check out a92450e8 to /home/serenach/MultiEdit_Experiments/tmp/Time-020/pat OK
Init local repository...................................................... OK
Tag post-fix revision...................................................... OK
Initialize fixed program version........................................... OK
Apply patch................................................................ OK
Initialize buggy program version........................................... OK
Diff a92450e8:17a60c9a..................................................... OK
Apply patch................................................................ OK
Tag pre-fix revision....................................................... OK
Check out program version: Time-20f........................................ OK
Running ant (compile)...................................................... OK
Running ant (compile.tests)................................................ OK
Running ant (export.tests.trigger)......................................... OK

Running ant (export.tests.relevant)........................................ OK

Running ant (export.classes.modified)...................................... OK

Running ant (export.dir.src.classes)....................................... OK

Running ant (export.dir.bin.classes)....................................... OK

Running ant (export.dir.bin.tests)......................................... OK

Running ant (export.cp.compile)............................................ FAIL
Buildfile: /home/serenach/tooling/defects4j/framework/projects/defects4j.build.xml

sanity.check:

init:
     [echo] -------- joda-time 2.0 --------

getjunit:

installjunit:
     [echo] Installing junit in /usr/share/ant/lib
     [copy] Copying 1 file to /usr/share/ant/lib
Attempt to copy /home/serenach/tooling/defects4j/framework/projects/lib/junit-4.11.jar to /usr/share/ant/lib/junit-4.11.jar using NIO Channels failed due to '/usr/share/ant/lib/junit-4.11.jar'.  Falling back to streams.

BUILD FAILED
/home/serenach/MultiEdit_Experiments/tmp/Time-020/buggy/build.xml:151: Failed to copy /home/serenach/tooling/defects4j/framework/projects/lib/junit-4.11.jar to /usr/share/ant/lib/junit-4.11.jar due to java.nio.file.AccessDeniedException /usr/share/ant/lib/junit-4.11.jar

Total time: 0 seconds
Executed command:  cd /home/serenach/MultiEdit_Experiments/tmp/Time-020/buggy && ant -f /home/serenach/tooling/defects4j/framework/projects/defects4j.build.xml -Dd4j.home=/home/serenach/tooling/defects4j -Dbasedir=/home/serenach/MultiEdit_Experiments/tmp/Time-020/buggy -Dfile.export=/home/serenach/MultiEdit_Experiments/tmp/Time-020/buggy/.export.cp.compile export.cp.compile 2>&1
Cannot export property cp.compile at /home/serenach/tooling/defects4j/framework/bin/d4j/d4j-export line 112.
Compilation failed in require at /home/serenach/tooling/defects4j/framework/bin/defects4j line 155.
Running ant (export.cp.test)............................................... FAIL
Buildfile: /home/serenach/tooling/defects4j/framework/projects/defects4j.build.xml

sanity.check:

init:
     [echo] -------- joda-time 2.0 --------

getjunit:

installjunit:
     [echo] Installing junit in /usr/share/ant/lib
     [copy] Copying 1 file to /usr/share/ant/lib
Attempt to copy /home/serenach/tooling/defects4j/framework/projects/lib/junit-4.11.jar to /usr/share/ant/lib/junit-4.11.jar using NIO Channels failed due to '/usr/share/ant/lib/junit-4.11.jar'.  Falling back to streams.

BUILD FAILED
/home/serenach/MultiEdit_Experiments/tmp/Time-020/buggy/build.xml:151: Failed to copy /home/serenach/tooling/defects4j/framework/projects/lib/junit-4.11.jar to /usr/share/ant/lib/junit-4.11.jar due to java.nio.file.AccessDeniedException /usr/share/ant/lib/junit-4.11.jar

Total time: 0 seconds
Executed command:  cd /home/serenach/MultiEdit_Experiments/tmp/Time-020/buggy && ant -f /home/serenach/tooling/defects4j/framework/projects/defects4j.build.xml -Dd4j.home=/home/serenach/tooling/defects4j -Dbasedir=/home/serenach/MultiEdit_Experiments/tmp/Time-020/buggy -Dfile.export=/home/serenach/MultiEdit_Experiments/tmp/Time-020/buggy/.export.cp.test export.cp.test 2>&1
Cannot export property cp.test at /home/serenach/tooling/defects4j/framework/bin/d4j/d4j-export line 112.
Compilation failed in require at /home/serenach/tooling/defects4j/framework/bin/defects4j line 155.
Running ant (compile)...................................................... OK
Running ant (compile.tests)................................................ OK
Running ant (export.dir.src.classes)....................................... OK

Running ant (export.dir.bin.classes)....................................... OK

Running ant (export.dir.bin.tests)......................................... OK

Running ant (export.cp.compile)............................................ FAIL
Buildfile: /home/serenach/tooling/defects4j/framework/projects/defects4j.build.xml

sanity.check:

init:
     [echo] -------- joda-time 2.0 --------

getjunit:

installjunit:
     [echo] Installing junit in /usr/share/ant/lib
     [copy] Copying 1 file to /usr/share/ant/lib
Attempt to copy /home/serenach/tooling/defects4j/framework/projects/lib/junit-4.11.jar to /usr/share/ant/lib/junit-4.11.jar using NIO Channels failed due to '/usr/share/ant/lib/junit-4.11.jar'.  Falling back to streams.

BUILD FAILED
/home/serenach/MultiEdit_Experiments/tmp/Time-020/patched/build.xml:151: Failed to copy /home/serenach/tooling/defects4j/framework/projects/lib/junit-4.11.jar to /usr/share/ant/lib/junit-4.11.jar due to java.nio.file.AccessDeniedException /usr/share/ant/lib/junit-4.11.jar

Total time: 0 seconds
Executed command:  cd /home/serenach/MultiEdit_Experiments/tmp/Time-020/patched && ant -f /home/serenach/tooling/defects4j/framework/projects/defects4j.build.xml -Dd4j.home=/home/serenach/tooling/defects4j -Dbasedir=/home/serenach/MultiEdit_Experiments/tmp/Time-020/patched -Dfile.export=/home/serenach/MultiEdit_Experiments/tmp/Time-020/patched/.export.cp.compile export.cp.compile 2>&1
Cannot export property cp.compile at /home/serenach/tooling/defects4j/framework/bin/d4j/d4j-export line 112.
Compilation failed in require at /home/serenach/tooling/defects4j/framework/bin/defects4j line 155.
Running ant (export.cp.test)............................................... FAIL
Buildfile: /home/serenach/tooling/defects4j/framework/projects/defects4j.build.xml

sanity.check:

init:
     [echo] -------- joda-time 2.0 --------

getjunit:

installjunit:
     [echo] Installing junit in /usr/share/ant/lib
     [copy] Copying 1 file to /usr/share/ant/lib
Attempt to copy /home/serenach/tooling/defects4j/framework/projects/lib/junit-4.11.jar to /usr/share/ant/lib/junit-4.11.jar using NIO Channels failed due to '/usr/share/ant/lib/junit-4.11.jar'.  Falling back to streams.

BUILD FAILED
/home/serenach/MultiEdit_Experiments/tmp/Time-020/patched/build.xml:151: Failed to copy /home/serenach/tooling/defects4j/framework/projects/lib/junit-4.11.jar to /usr/share/ant/lib/junit-4.11.jar due to java.nio.file.AccessDeniedException /usr/share/ant/lib/junit-4.11.jar

Total time: 0 seconds
Executed command:  cd /home/serenach/MultiEdit_Experiments/tmp/Time-020/patched && ant -f /home/serenach/tooling/defects4j/framework/projects/defects4j.build.xml -Dd4j.home=/home/serenach/tooling/defects4j -Dbasedir=/home/serenach/MultiEdit_Experiments/tmp/Time-020/patched -Dfile.export=/home/serenach/MultiEdit_Experiments/tmp/Time-020/patched/.export.cp.test export.cp.test 2>&1
Cannot export property cp.test at /home/serenach/tooling/defects4j/framework/bin/d4j/d4j-export line 112.
Compilation failed in require at /home/serenach/tooling/defects4j/framework/bin/defects4j line 155.
java.lang.RuntimeException: Failed to checkout D4J Project: TIME 20
	at projects.Defects4JPatch.<init>(Defects4JPatch.java:38)
	at multiedit.faultloc.DoCoverageExperiments.main(DoCoverageExperiments.java:32)
Caused by: java.lang.ArrayIndexOutOfBoundsException: 1
	at projects.Defects4JPatch.lambda$parseFields$0(Defects4JPatch.java:123)
	at projects.Defects4JPatch.lineIterator(Defects4JPatch.java:169)
	at projects.Defects4JPatch.parseFields(Defects4JPatch.java:121)
	at projects.Defects4JPatch.<init>(Defects4JPatch.java:36)
	... 1 more
FAILED: TIME 20
[src/main/bash/checkoutD4J.sh, Time, 21, tmp/Time-021]
Check out 0973b460 to /home/serenach/MultiEdit_Experiments/tmp/Time-021/bug OK
Init local repository...................................................... OK
Tag post-fix revision...................................................... OK
Initialize fixed program version........................................... OK
Apply patch................................................................ OK
Initialize buggy program version........................................... OK
Diff 0973b460:c5a5190e..................................................... OK
Apply patch................................................................ OK
Tag pre-fix revision....................................................... OK
Check out program version: Time-21b........................................ OK
Check out 0973b460 to /home/serenach/MultiEdit_Experiments/tmp/Time-021/pat OK
Init local repository...................................................... OK
Tag post-fix revision...................................................... OK
Initialize fixed program version........................................... OK
Apply patch................................................................ OK
Initialize buggy program version........................................... OK
Diff 0973b460:c5a5190e..................................................... OK
Apply patch................................................................ OK
Tag pre-fix revision....................................................... OK
Check out program version: Time-21f........................................ OK
Running ant (compile)...................................................... OK
Running ant (compile.tests)................................................ OK
Running ant (export.tests.trigger)......................................... OK

Running ant (export.tests.relevant)........................................ OK

Running ant (export.classes.modified)...................................... OK

Running ant (export.dir.src.classes)....................................... OK

Running ant (export.dir.bin.classes)....................................... OK

Running ant (export.dir.bin.tests)......................................... OK

Running ant (export.cp.compile)............................................ FAIL
Buildfile: /home/serenach/tooling/defects4j/framework/projects/defects4j.build.xml

sanity.check:

init:
     [echo] -------- joda-time 2.0 --------

getjunit:

installjunit:
     [echo] Installing junit in /usr/share/ant/lib
     [copy] Copying 1 file to /usr/share/ant/lib
Attempt to copy /home/serenach/tooling/defects4j/framework/projects/lib/junit-4.11.jar to /usr/share/ant/lib/junit-4.11.jar using NIO Channels failed due to '/usr/share/ant/lib/junit-4.11.jar'.  Falling back to streams.

BUILD FAILED
/home/serenach/MultiEdit_Experiments/tmp/Time-021/buggy/build.xml:151: Failed to copy /home/serenach/tooling/defects4j/framework/projects/lib/junit-4.11.jar to /usr/share/ant/lib/junit-4.11.jar due to java.nio.file.AccessDeniedException /usr/share/ant/lib/junit-4.11.jar

Total time: 0 seconds
Executed command:  cd /home/serenach/MultiEdit_Experiments/tmp/Time-021/buggy && ant -f /home/serenach/tooling/defects4j/framework/projects/defects4j.build.xml -Dd4j.home=/home/serenach/tooling/defects4j -Dbasedir=/home/serenach/MultiEdit_Experiments/tmp/Time-021/buggy -Dfile.export=/home/serenach/MultiEdit_Experiments/tmp/Time-021/buggy/.export.cp.compile export.cp.compile 2>&1
Cannot export property cp.compile at /home/serenach/tooling/defects4j/framework/bin/d4j/d4j-export line 112.
Compilation failed in require at /home/serenach/tooling/defects4j/framework/bin/defects4j line 155.
Running ant (export.cp.test)............................................... FAIL
Buildfile: /home/serenach/tooling/defects4j/framework/projects/defects4j.build.xml

sanity.check:

init:
     [echo] -------- joda-time 2.0 --------

getjunit:

installjunit:
     [echo] Installing junit in /usr/share/ant/lib
     [copy] Copying 1 file to /usr/share/ant/lib
Attempt to copy /home/serenach/tooling/defects4j/framework/projects/lib/junit-4.11.jar to /usr/share/ant/lib/junit-4.11.jar using NIO Channels failed due to '/usr/share/ant/lib/junit-4.11.jar'.  Falling back to streams.

BUILD FAILED
/home/serenach/MultiEdit_Experiments/tmp/Time-021/buggy/build.xml:151: Failed to copy /home/serenach/tooling/defects4j/framework/projects/lib/junit-4.11.jar to /usr/share/ant/lib/junit-4.11.jar due to java.nio.file.AccessDeniedException /usr/share/ant/lib/junit-4.11.jar

Total time: 0 seconds
Executed command:  cd /home/serenach/MultiEdit_Experiments/tmp/Time-021/buggy && ant -f /home/serenach/tooling/defects4j/framework/projects/defects4j.build.xml -Dd4j.home=/home/serenach/tooling/defects4j -Dbasedir=/home/serenach/MultiEdit_Experiments/tmp/Time-021/buggy -Dfile.export=/home/serenach/MultiEdit_Experiments/tmp/Time-021/buggy/.export.cp.test export.cp.test 2>&1
Cannot export property cp.test at /home/serenach/tooling/defects4j/framework/bin/d4j/d4j-export line 112.
Compilation failed in require at /home/serenach/tooling/defects4j/framework/bin/defects4j line 155.
Running ant (compile)...................................................... OK
Running ant (compile.tests)................................................ OK
Running ant (export.dir.src.classes)....................................... OK

Running ant (export.dir.bin.classes)....................................... OK

Running ant (export.dir.bin.tests)......................................... OK

Running ant (export.cp.compile)............................................ FAIL
Buildfile: /home/serenach/tooling/defects4j/framework/projects/defects4j.build.xml

sanity.check:

init:
     [echo] -------- joda-time 2.0 --------

getjunit:

installjunit:
     [echo] Installing junit in /usr/share/ant/lib
     [copy] Copying 1 file to /usr/share/ant/lib
Attempt to copy /home/serenach/tooling/defects4j/framework/projects/lib/junit-4.11.jar to /usr/share/ant/lib/junit-4.11.jar using NIO Channels failed due to '/usr/share/ant/lib/junit-4.11.jar'.  Falling back to streams.

BUILD FAILED
/home/serenach/MultiEdit_Experiments/tmp/Time-021/patched/build.xml:151: Failed to copy /home/serenach/tooling/defects4j/framework/projects/lib/junit-4.11.jar to /usr/share/ant/lib/junit-4.11.jar due to java.nio.file.AccessDeniedException /usr/share/ant/lib/junit-4.11.jar

Total time: 0 seconds
Executed command:  cd /home/serenach/MultiEdit_Experiments/tmp/Time-021/patched && ant -f /home/serenach/tooling/defects4j/framework/projects/defects4j.build.xml -Dd4j.home=/home/serenach/tooling/defects4j -Dbasedir=/home/serenach/MultiEdit_Experiments/tmp/Time-021/patched -Dfile.export=/home/serenach/MultiEdit_Experiments/tmp/Time-021/patched/.export.cp.compile export.cp.compile 2>&1
Cannot export property cp.compile at /home/serenach/tooling/defects4j/framework/bin/d4j/d4j-export line 112.
Compilation failed in require at /home/serenach/tooling/defects4j/framework/bin/defects4j line 155.
Running ant (export.cp.test)............................................... FAIL
Buildfile: /home/serenach/tooling/defects4j/framework/projects/defects4j.build.xml

sanity.check:

init:
     [echo] -------- joda-time 2.0 --------

getjunit:

installjunit:
     [echo] Installing junit in /usr/share/ant/lib
     [copy] Copying 1 file to /usr/share/ant/lib
Attempt to copy /home/serenach/tooling/defects4j/framework/projects/lib/junit-4.11.jar to /usr/share/ant/lib/junit-4.11.jar using NIO Channels failed due to '/usr/share/ant/lib/junit-4.11.jar'.  Falling back to streams.

BUILD FAILED
/home/serenach/MultiEdit_Experiments/tmp/Time-021/patched/build.xml:151: Failed to copy /home/serenach/tooling/defects4j/framework/projects/lib/junit-4.11.jar to /usr/share/ant/lib/junit-4.11.jar due to java.nio.file.AccessDeniedException /usr/share/ant/lib/junit-4.11.jar

Total time: 0 seconds
Executed command:  cd /home/serenach/MultiEdit_Experiments/tmp/Time-021/patched && ant -f /home/serenach/tooling/defects4j/framework/projects/defects4j.build.xml -Dd4j.home=/home/serenach/tooling/defects4j -Dbasedir=/home/serenach/MultiEdit_Experiments/tmp/Time-021/patched -Dfile.export=/home/serenach/MultiEdit_Experiments/tmp/Time-021/patched/.export.cp.test export.cp.test 2>&1
Cannot export property cp.test at /home/serenach/tooling/defects4j/framework/bin/d4j/d4j-export line 112.
Compilation failed in require at /home/serenach/tooling/defects4j/framework/bin/defects4j line 155.
java.lang.RuntimeException: Failed to checkout D4J Project: TIME 21
	at projects.Defects4JPatch.<init>(Defects4JPatch.java:38)
	at multiedit.faultloc.DoCoverageExperiments.main(DoCoverageExperiments.java:32)
Caused by: java.lang.ArrayIndexOutOfBoundsException: 1
	at projects.Defects4JPatch.lambda$parseFields$0(Defects4JPatch.java:123)
	at projects.Defects4JPatch.lineIterator(Defects4JPatch.java:169)
	at projects.Defects4JPatch.parseFields(Defects4JPatch.java:121)
	at projects.Defects4JPatch.<init>(Defects4JPatch.java:36)
	... 1 more
FAILED: TIME 21
[src/main/bash/checkoutD4J.sh, Time, 22, tmp/Time-022]
Check out 57c8aaf9 to /home/serenach/MultiEdit_Experiments/tmp/Time-022/bug OK
Init local repository...................................................... OK
Tag post-fix revision...................................................... OK
Run post-checkout hook..................................................... OK
Initialize fixed program version........................................... OK
Apply patch................................................................ OK
Initialize buggy program version........................................... OK
Diff 57c8aaf9:14dedcbc..................................................... OK
Apply patch................................................................ OK
Tag pre-fix revision....................................................... OK
Check out program version: Time-22b........................................ OK
Check out 57c8aaf9 to /home/serenach/MultiEdit_Experiments/tmp/Time-022/pat OK
Init local repository...................................................... OK
Tag post-fix revision...................................................... OK
Run post-checkout hook..................................................... OK
Initialize fixed program version........................................... OK
Apply patch................................................................ OK
Initialize buggy program version........................................... OK
Diff 57c8aaf9:14dedcbc..................................................... OK
Apply patch................................................................ OK
Tag pre-fix revision....................................................... OK
Check out program version: Time-22f........................................ OK
Running ant (compile)...................................................... OK
Running ant (compile.tests)................................................ OK
Running ant (export.tests.trigger)......................................... OK

Running ant (export.tests.relevant)........................................ OK

Running ant (export.classes.modified)...................................... OK

Running ant (export.dir.src.classes)....................................... OK

Running ant (export.dir.bin.classes)....................................... OK

Running ant (export.dir.bin.tests)......................................... OK

Running ant (export.cp.compile)............................................ FAIL
Buildfile: /home/serenach/tooling/defects4j/framework/projects/defects4j.build.xml

sanity.check:

init:
     [echo] -------- joda-time 2.0 --------

getjunit:

installjunit:
     [echo] Installing junit in /usr/share/ant/lib
     [copy] Copying 1 file to /usr/share/ant/lib
Attempt to copy /home/serenach/tooling/defects4j/framework/projects/lib/junit-4.11.jar to /usr/share/ant/lib/junit-4.11.jar using NIO Channels failed due to '/usr/share/ant/lib/junit-4.11.jar'.  Falling back to streams.

BUILD FAILED
/home/serenach/MultiEdit_Experiments/tmp/Time-022/buggy/build.xml:151: Failed to copy /home/serenach/tooling/defects4j/framework/projects/lib/junit-4.11.jar to /usr/share/ant/lib/junit-4.11.jar due to java.nio.file.AccessDeniedException /usr/share/ant/lib/junit-4.11.jar

Total time: 0 seconds
Executed command:  cd /home/serenach/MultiEdit_Experiments/tmp/Time-022/buggy && ant -f /home/serenach/tooling/defects4j/framework/projects/defects4j.build.xml -Dd4j.home=/home/serenach/tooling/defects4j -Dbasedir=/home/serenach/MultiEdit_Experiments/tmp/Time-022/buggy -Dfile.export=/home/serenach/MultiEdit_Experiments/tmp/Time-022/buggy/.export.cp.compile export.cp.compile 2>&1
Cannot export property cp.compile at /home/serenach/tooling/defects4j/framework/bin/d4j/d4j-export line 112.
Compilation failed in require at /home/serenach/tooling/defects4j/framework/bin/defects4j line 155.
Running ant (export.cp.test)............................................... FAIL
Buildfile: /home/serenach/tooling/defects4j/framework/projects/defects4j.build.xml

sanity.check:

init:
     [echo] -------- joda-time 2.0 --------

getjunit:

installjunit:
     [echo] Installing junit in /usr/share/ant/lib
     [copy] Copying 1 file to /usr/share/ant/lib
Attempt to copy /home/serenach/tooling/defects4j/framework/projects/lib/junit-4.11.jar to /usr/share/ant/lib/junit-4.11.jar using NIO Channels failed due to '/usr/share/ant/lib/junit-4.11.jar'.  Falling back to streams.

BUILD FAILED
/home/serenach/MultiEdit_Experiments/tmp/Time-022/buggy/build.xml:151: Failed to copy /home/serenach/tooling/defects4j/framework/projects/lib/junit-4.11.jar to /usr/share/ant/lib/junit-4.11.jar due to java.nio.file.AccessDeniedException /usr/share/ant/lib/junit-4.11.jar

Total time: 0 seconds
Executed command:  cd /home/serenach/MultiEdit_Experiments/tmp/Time-022/buggy && ant -f /home/serenach/tooling/defects4j/framework/projects/defects4j.build.xml -Dd4j.home=/home/serenach/tooling/defects4j -Dbasedir=/home/serenach/MultiEdit_Experiments/tmp/Time-022/buggy -Dfile.export=/home/serenach/MultiEdit_Experiments/tmp/Time-022/buggy/.export.cp.test export.cp.test 2>&1
Cannot export property cp.test at /home/serenach/tooling/defects4j/framework/bin/d4j/d4j-export line 112.
Compilation failed in require at /home/serenach/tooling/defects4j/framework/bin/defects4j line 155.
Running ant (compile)...................................................... OK
Running ant (compile.tests)................................................ OK
Running ant (export.dir.src.classes)....................................... OK

Running ant (export.dir.bin.classes)....................................... OK

Running ant (export.dir.bin.tests)......................................... OK

Running ant (export.cp.compile)............................................ FAIL
Buildfile: /home/serenach/tooling/defects4j/framework/projects/defects4j.build.xml

sanity.check:

init:
     [echo] -------- joda-time 2.0 --------

getjunit:

installjunit:
     [echo] Installing junit in /usr/share/ant/lib
     [copy] Copying 1 file to /usr/share/ant/lib
Attempt to copy /home/serenach/tooling/defects4j/framework/projects/lib/junit-4.11.jar to /usr/share/ant/lib/junit-4.11.jar using NIO Channels failed due to '/usr/share/ant/lib/junit-4.11.jar'.  Falling back to streams.

BUILD FAILED
/home/serenach/MultiEdit_Experiments/tmp/Time-022/patched/build.xml:151: Failed to copy /home/serenach/tooling/defects4j/framework/projects/lib/junit-4.11.jar to /usr/share/ant/lib/junit-4.11.jar due to java.nio.file.AccessDeniedException /usr/share/ant/lib/junit-4.11.jar

Total time: 0 seconds
Executed command:  cd /home/serenach/MultiEdit_Experiments/tmp/Time-022/patched && ant -f /home/serenach/tooling/defects4j/framework/projects/defects4j.build.xml -Dd4j.home=/home/serenach/tooling/defects4j -Dbasedir=/home/serenach/MultiEdit_Experiments/tmp/Time-022/patched -Dfile.export=/home/serenach/MultiEdit_Experiments/tmp/Time-022/patched/.export.cp.compile export.cp.compile 2>&1
Cannot export property cp.compile at /home/serenach/tooling/defects4j/framework/bin/d4j/d4j-export line 112.
Compilation failed in require at /home/serenach/tooling/defects4j/framework/bin/defects4j line 155.
Running ant (export.cp.test)............................................... FAIL
Buildfile: /home/serenach/tooling/defects4j/framework/projects/defects4j.build.xml

sanity.check:

init:
     [echo] -------- joda-time 2.0 --------

getjunit:

installjunit:
     [echo] Installing junit in /usr/share/ant/lib
     [copy] Copying 1 file to /usr/share/ant/lib
Attempt to copy /home/serenach/tooling/defects4j/framework/projects/lib/junit-4.11.jar to /usr/share/ant/lib/junit-4.11.jar using NIO Channels failed due to '/usr/share/ant/lib/junit-4.11.jar'.  Falling back to streams.

BUILD FAILED
/home/serenach/MultiEdit_Experiments/tmp/Time-022/patched/build.xml:151: Failed to copy /home/serenach/tooling/defects4j/framework/projects/lib/junit-4.11.jar to /usr/share/ant/lib/junit-4.11.jar due to java.nio.file.AccessDeniedException /usr/share/ant/lib/junit-4.11.jar

Total time: 0 seconds
Executed command:  cd /home/serenach/MultiEdit_Experiments/tmp/Time-022/patched && ant -f /home/serenach/tooling/defects4j/framework/projects/defects4j.build.xml -Dd4j.home=/home/serenach/tooling/defects4j -Dbasedir=/home/serenach/MultiEdit_Experiments/tmp/Time-022/patched -Dfile.export=/home/serenach/MultiEdit_Experiments/tmp/Time-022/patched/.export.cp.test export.cp.test 2>&1
Cannot export property cp.test at /home/serenach/tooling/defects4j/framework/bin/d4j/d4j-export line 112.
Compilation failed in require at /home/serenach/tooling/defects4j/framework/bin/defects4j line 155.
java.lang.RuntimeException: Failed to checkout D4J Project: TIME 22
	at projects.Defects4JPatch.<init>(Defects4JPatch.java:38)
	at multiedit.faultloc.DoCoverageExperiments.main(DoCoverageExperiments.java:32)
Caused by: java.lang.ArrayIndexOutOfBoundsException: 1
	at projects.Defects4JPatch.lambda$parseFields$0(Defects4JPatch.java:123)
	at projects.Defects4JPatch.lineIterator(Defects4JPatch.java:169)
	at projects.Defects4JPatch.parseFields(Defects4JPatch.java:121)
	at projects.Defects4JPatch.<init>(Defects4JPatch.java:36)
	... 1 more
FAILED: TIME 22
[src/main/bash/checkoutD4J.sh, Time, 23, tmp/Time-023]
Check out 14dedcbc to /home/serenach/MultiEdit_Experiments/tmp/Time-023/bug OK
Init local repository...................................................... OK
Tag post-fix revision...................................................... OK
Run post-checkout hook..................................................... OK
Initialize fixed program version........................................... OK
Apply patch................................................................ OK
Initialize buggy program version........................................... OK
Diff 14dedcbc:bfd37a81..................................................... OK
Apply patch................................................................ OK
Tag pre-fix revision....................................................... OK
Check out program version: Time-23b........................................ OK
Check out 14dedcbc to /home/serenach/MultiEdit_Experiments/tmp/Time-023/pat OK
Init local repository...................................................... OK
Tag post-fix revision...................................................... OK
Run post-checkout hook..................................................... OK
Initialize fixed program version........................................... OK
Apply patch................................................................ OK
Initialize buggy program version........................................... OK
Diff 14dedcbc:bfd37a81..................................................... OK
Apply patch................................................................ OK
Tag pre-fix revision....................................................... OK
Check out program version: Time-23f........................................ OK
Running ant (compile)...................................................... OK
Running ant (compile.tests)................................................ OK
Running ant (export.tests.trigger)......................................... OK

Running ant (export.tests.relevant)........................................ OK

Running ant (export.classes.modified)...................................... OK

Running ant (export.dir.src.classes)....................................... OK

Running ant (export.dir.bin.classes)....................................... OK

Running ant (export.dir.bin.tests)......................................... OK

Running ant (export.cp.compile)............................................ FAIL
Buildfile: /home/serenach/tooling/defects4j/framework/projects/defects4j.build.xml

sanity.check:

init:
     [echo] -------- joda-time 2.0 --------

getjunit:

installjunit:
     [echo] Installing junit in /usr/share/ant/lib
     [copy] Copying 1 file to /usr/share/ant/lib
Attempt to copy /home/serenach/tooling/defects4j/framework/projects/lib/junit-4.11.jar to /usr/share/ant/lib/junit-4.11.jar using NIO Channels failed due to '/usr/share/ant/lib/junit-4.11.jar'.  Falling back to streams.

BUILD FAILED
/home/serenach/MultiEdit_Experiments/tmp/Time-023/buggy/build.xml:151: Failed to copy /home/serenach/tooling/defects4j/framework/projects/lib/junit-4.11.jar to /usr/share/ant/lib/junit-4.11.jar due to java.nio.file.AccessDeniedException /usr/share/ant/lib/junit-4.11.jar

Total time: 0 seconds
Executed command:  cd /home/serenach/MultiEdit_Experiments/tmp/Time-023/buggy && ant -f /home/serenach/tooling/defects4j/framework/projects/defects4j.build.xml -Dd4j.home=/home/serenach/tooling/defects4j -Dbasedir=/home/serenach/MultiEdit_Experiments/tmp/Time-023/buggy -Dfile.export=/home/serenach/MultiEdit_Experiments/tmp/Time-023/buggy/.export.cp.compile export.cp.compile 2>&1
Cannot export property cp.compile at /home/serenach/tooling/defects4j/framework/bin/d4j/d4j-export line 112.
Compilation failed in require at /home/serenach/tooling/defects4j/framework/bin/defects4j line 155.
Running ant (export.cp.test)............................................... FAIL
Buildfile: /home/serenach/tooling/defects4j/framework/projects/defects4j.build.xml

sanity.check:

init:
     [echo] -------- joda-time 2.0 --------

getjunit:

installjunit:
     [echo] Installing junit in /usr/share/ant/lib
     [copy] Copying 1 file to /usr/share/ant/lib
Attempt to copy /home/serenach/tooling/defects4j/framework/projects/lib/junit-4.11.jar to /usr/share/ant/lib/junit-4.11.jar using NIO Channels failed due to '/usr/share/ant/lib/junit-4.11.jar'.  Falling back to streams.

BUILD FAILED
/home/serenach/MultiEdit_Experiments/tmp/Time-023/buggy/build.xml:151: Failed to copy /home/serenach/tooling/defects4j/framework/projects/lib/junit-4.11.jar to /usr/share/ant/lib/junit-4.11.jar due to java.nio.file.AccessDeniedException /usr/share/ant/lib/junit-4.11.jar

Total time: 0 seconds
Executed command:  cd /home/serenach/MultiEdit_Experiments/tmp/Time-023/buggy && ant -f /home/serenach/tooling/defects4j/framework/projects/defects4j.build.xml -Dd4j.home=/home/serenach/tooling/defects4j -Dbasedir=/home/serenach/MultiEdit_Experiments/tmp/Time-023/buggy -Dfile.export=/home/serenach/MultiEdit_Experiments/tmp/Time-023/buggy/.export.cp.test export.cp.test 2>&1
Cannot export property cp.test at /home/serenach/tooling/defects4j/framework/bin/d4j/d4j-export line 112.
Compilation failed in require at /home/serenach/tooling/defects4j/framework/bin/defects4j line 155.
Running ant (compile)...................................................... OK
Running ant (compile.tests)................................................ OK
Running ant (export.dir.src.classes)....................................... OK

Running ant (export.dir.bin.classes)....................................... OK

Running ant (export.dir.bin.tests)......................................... OK

Running ant (export.cp.compile)............................................ FAIL
Buildfile: /home/serenach/tooling/defects4j/framework/projects/defects4j.build.xml

sanity.check:

init:
     [echo] -------- joda-time 2.0 --------

getjunit:

installjunit:
     [echo] Installing junit in /usr/share/ant/lib
     [copy] Copying 1 file to /usr/share/ant/lib
Attempt to copy /home/serenach/tooling/defects4j/framework/projects/lib/junit-4.11.jar to /usr/share/ant/lib/junit-4.11.jar using NIO Channels failed due to '/usr/share/ant/lib/junit-4.11.jar'.  Falling back to streams.

BUILD FAILED
/home/serenach/MultiEdit_Experiments/tmp/Time-023/patched/build.xml:151: Failed to copy /home/serenach/tooling/defects4j/framework/projects/lib/junit-4.11.jar to /usr/share/ant/lib/junit-4.11.jar due to java.nio.file.AccessDeniedException /usr/share/ant/lib/junit-4.11.jar

Total time: 0 seconds
Executed command:  cd /home/serenach/MultiEdit_Experiments/tmp/Time-023/patched && ant -f /home/serenach/tooling/defects4j/framework/projects/defects4j.build.xml -Dd4j.home=/home/serenach/tooling/defects4j -Dbasedir=/home/serenach/MultiEdit_Experiments/tmp/Time-023/patched -Dfile.export=/home/serenach/MultiEdit_Experiments/tmp/Time-023/patched/.export.cp.compile export.cp.compile 2>&1
Cannot export property cp.compile at /home/serenach/tooling/defects4j/framework/bin/d4j/d4j-export line 112.
Compilation failed in require at /home/serenach/tooling/defects4j/framework/bin/defects4j line 155.
Running ant (export.cp.test)............................................... FAIL
Buildfile: /home/serenach/tooling/defects4j/framework/projects/defects4j.build.xml

sanity.check:

init:
     [echo] -------- joda-time 2.0 --------

getjunit:

installjunit:
     [echo] Installing junit in /usr/share/ant/lib
     [copy] Copying 1 file to /usr/share/ant/lib
Attempt to copy /home/serenach/tooling/defects4j/framework/projects/lib/junit-4.11.jar to /usr/share/ant/lib/junit-4.11.jar using NIO Channels failed due to '/usr/share/ant/lib/junit-4.11.jar'.  Falling back to streams.

BUILD FAILED
/home/serenach/MultiEdit_Experiments/tmp/Time-023/patched/build.xml:151: Failed to copy /home/serenach/tooling/defects4j/framework/projects/lib/junit-4.11.jar to /usr/share/ant/lib/junit-4.11.jar due to java.nio.file.AccessDeniedException /usr/share/ant/lib/junit-4.11.jar

Total time: 0 seconds
Executed command:  cd /home/serenach/MultiEdit_Experiments/tmp/Time-023/patched && ant -f /home/serenach/tooling/defects4j/framework/projects/defects4j.build.xml -Dd4j.home=/home/serenach/tooling/defects4j -Dbasedir=/home/serenach/MultiEdit_Experiments/tmp/Time-023/patched -Dfile.export=/home/serenach/MultiEdit_Experiments/tmp/Time-023/patched/.export.cp.test export.cp.test 2>&1
Cannot export property cp.test at /home/serenach/tooling/defects4j/framework/bin/d4j/d4j-export line 112.
Compilation failed in require at /home/serenach/tooling/defects4j/framework/bin/defects4j line 155.
java.lang.RuntimeException: Failed to checkout D4J Project: TIME 23
	at projects.Defects4JPatch.<init>(Defects4JPatch.java:38)
	at multiedit.faultloc.DoCoverageExperiments.main(DoCoverageExperiments.java:32)
Caused by: java.lang.ArrayIndexOutOfBoundsException: 1
	at projects.Defects4JPatch.lambda$parseFields$0(Defects4JPatch.java:123)
	at projects.Defects4JPatch.lineIterator(Defects4JPatch.java:169)
FAILED: TIME 23
	at projects.Defects4JPatch.parseFields(Defects4JPatch.java:121)
	at projects.Defects4JPatch.<init>(Defects4JPatch.java:36)
	... 1 more
[src/main/bash/checkoutD4J.sh, Time, 24, tmp/Time-024]
Check out d50efdf7 to /home/serenach/MultiEdit_Experiments/tmp/Time-024/bug OK
Init local repository...................................................... OK
Tag post-fix revision...................................................... OK
Run post-checkout hook..................................................... OK
Initialize fixed program version........................................... OK
Apply patch................................................................ OK
Initialize buggy program version........................................... OK
Diff d50efdf7:c3bec2cd..................................................... OK
Apply patch................................................................ OK
Tag pre-fix revision....................................................... OK
Check out program version: Time-24b........................................ OK
Check out d50efdf7 to /home/serenach/MultiEdit_Experiments/tmp/Time-024/pat OK
Init local repository...................................................... OK
Tag post-fix revision...................................................... OK
Run post-checkout hook..................................................... OK
Initialize fixed program version........................................... OK
Apply patch................................................................ OK
Initialize buggy program version........................................... OK
Diff d50efdf7:c3bec2cd..................................................... OK
Apply patch................................................................ OK
Tag pre-fix revision....................................................... OK
Check out program version: Time-24f........................................ OK
Running ant (compile)...................................................... OK
Running ant (compile.tests)................................................ OK
Running ant (export.tests.trigger)......................................... OK

Running ant (export.tests.relevant)........................................ OK

Running ant (export.classes.modified)...................................... OK

Running ant (export.dir.src.classes)....................................... OK

Running ant (export.dir.bin.classes)....................................... OK

Running ant (export.dir.bin.tests)......................................... OK

Running ant (export.cp.compile)............................................ FAIL
Buildfile: /home/serenach/tooling/defects4j/framework/projects/defects4j.build.xml

sanity.check:

init:
     [echo] -------- joda-time 2.0 --------

getjunit:

installjunit:
     [echo] Installing junit in /usr/share/ant/lib
     [copy] Copying 1 file to /usr/share/ant/lib
Attempt to copy /home/serenach/tooling/defects4j/framework/projects/lib/junit-4.11.jar to /usr/share/ant/lib/junit-4.11.jar using NIO Channels failed due to '/usr/share/ant/lib/junit-4.11.jar'.  Falling back to streams.

BUILD FAILED
/home/serenach/MultiEdit_Experiments/tmp/Time-024/buggy/build.xml:151: Failed to copy /home/serenach/tooling/defects4j/framework/projects/lib/junit-4.11.jar to /usr/share/ant/lib/junit-4.11.jar due to java.nio.file.AccessDeniedException /usr/share/ant/lib/junit-4.11.jar

Total time: 0 seconds
Executed command:  cd /home/serenach/MultiEdit_Experiments/tmp/Time-024/buggy && ant -f /home/serenach/tooling/defects4j/framework/projects/defects4j.build.xml -Dd4j.home=/home/serenach/tooling/defects4j -Dbasedir=/home/serenach/MultiEdit_Experiments/tmp/Time-024/buggy -Dfile.export=/home/serenach/MultiEdit_Experiments/tmp/Time-024/buggy/.export.cp.compile export.cp.compile 2>&1
Cannot export property cp.compile at /home/serenach/tooling/defects4j/framework/bin/d4j/d4j-export line 112.
Compilation failed in require at /home/serenach/tooling/defects4j/framework/bin/defects4j line 155.
Running ant (export.cp.test)............................................... FAIL
Buildfile: /home/serenach/tooling/defects4j/framework/projects/defects4j.build.xml

sanity.check:

init:
     [echo] -------- joda-time 2.0 --------

getjunit:

installjunit:
     [echo] Installing junit in /usr/share/ant/lib
     [copy] Copying 1 file to /usr/share/ant/lib
Attempt to copy /home/serenach/tooling/defects4j/framework/projects/lib/junit-4.11.jar to /usr/share/ant/lib/junit-4.11.jar using NIO Channels failed due to '/usr/share/ant/lib/junit-4.11.jar'.  Falling back to streams.

BUILD FAILED
/home/serenach/MultiEdit_Experiments/tmp/Time-024/buggy/build.xml:151: Failed to copy /home/serenach/tooling/defects4j/framework/projects/lib/junit-4.11.jar to /usr/share/ant/lib/junit-4.11.jar due to java.nio.file.AccessDeniedException /usr/share/ant/lib/junit-4.11.jar

Total time: 0 seconds
Executed command:  cd /home/serenach/MultiEdit_Experiments/tmp/Time-024/buggy && ant -f /home/serenach/tooling/defects4j/framework/projects/defects4j.build.xml -Dd4j.home=/home/serenach/tooling/defects4j -Dbasedir=/home/serenach/MultiEdit_Experiments/tmp/Time-024/buggy -Dfile.export=/home/serenach/MultiEdit_Experiments/tmp/Time-024/buggy/.export.cp.test export.cp.test 2>&1
Cannot export property cp.test at /home/serenach/tooling/defects4j/framework/bin/d4j/d4j-export line 112.
Compilation failed in require at /home/serenach/tooling/defects4j/framework/bin/defects4j line 155.
Running ant (compile)...................................................... OK
Running ant (compile.tests)................................................ OK
Running ant (export.dir.src.classes)....................................... OK

Running ant (export.dir.bin.classes)....................................... OK

Running ant (export.dir.bin.tests)......................................... OK

Running ant (export.cp.compile)............................................ FAIL
Buildfile: /home/serenach/tooling/defects4j/framework/projects/defects4j.build.xml

sanity.check:

init:
     [echo] -------- joda-time 2.0 --------

getjunit:

installjunit:
     [echo] Installing junit in /usr/share/ant/lib
     [copy] Copying 1 file to /usr/share/ant/lib
Attempt to copy /home/serenach/tooling/defects4j/framework/projects/lib/junit-4.11.jar to /usr/share/ant/lib/junit-4.11.jar using NIO Channels failed due to '/usr/share/ant/lib/junit-4.11.jar'.  Falling back to streams.

BUILD FAILED
/home/serenach/MultiEdit_Experiments/tmp/Time-024/patched/build.xml:151: Failed to copy /home/serenach/tooling/defects4j/framework/projects/lib/junit-4.11.jar to /usr/share/ant/lib/junit-4.11.jar due to java.nio.file.AccessDeniedException /usr/share/ant/lib/junit-4.11.jar

Total time: 0 seconds
Executed command:  cd /home/serenach/MultiEdit_Experiments/tmp/Time-024/patched && ant -f /home/serenach/tooling/defects4j/framework/projects/defects4j.build.xml -Dd4j.home=/home/serenach/tooling/defects4j -Dbasedir=/home/serenach/MultiEdit_Experiments/tmp/Time-024/patched -Dfile.export=/home/serenach/MultiEdit_Experiments/tmp/Time-024/patched/.export.cp.compile export.cp.compile 2>&1
Cannot export property cp.compile at /home/serenach/tooling/defects4j/framework/bin/d4j/d4j-export line 112.
Compilation failed in require at /home/serenach/tooling/defects4j/framework/bin/defects4j line 155.
Running ant (export.cp.test)............................................... FAIL
Buildfile: /home/serenach/tooling/defects4j/framework/projects/defects4j.build.xml

sanity.check:

init:
     [echo] -------- joda-time 2.0 --------

getjunit:

installjunit:
     [echo] Installing junit in /usr/share/ant/lib
     [copy] Copying 1 file to /usr/share/ant/lib
Attempt to copy /home/serenach/tooling/defects4j/framework/projects/lib/junit-4.11.jar to /usr/share/ant/lib/junit-4.11.jar using NIO Channels failed due to '/usr/share/ant/lib/junit-4.11.jar'.  Falling back to streams.

BUILD FAILED
/home/serenach/MultiEdit_Experiments/tmp/Time-024/patched/build.xml:151: Failed to copy /home/serenach/tooling/defects4j/framework/projects/lib/junit-4.11.jar to /usr/share/ant/lib/junit-4.11.jar due to java.nio.file.AccessDeniedException /usr/share/ant/lib/junit-4.11.jar

Total time: 0 seconds
Executed command:  cd /home/serenach/MultiEdit_Experiments/tmp/Time-024/patched && ant -f /home/serenach/tooling/defects4j/framework/projects/defects4j.build.xml -Dd4j.home=/home/serenach/tooling/defects4j -Dbasedir=/home/serenach/MultiEdit_Experiments/tmp/Time-024/patched -Dfile.export=/home/serenach/MultiEdit_Experiments/tmp/Time-024/patched/.export.cp.test export.cp.test 2>&1
Cannot export property cp.test at /home/serenach/tooling/defects4j/framework/bin/d4j/d4j-export line 112.
Compilation failed in require at /home/serenach/tooling/defects4j/framework/bin/defects4j line 155.
java.lang.RuntimeException: Failed to checkout D4J Project: TIME 24
	at projects.Defects4JPatch.<init>(Defects4JPatch.java:38)
	at multiedit.faultloc.DoCoverageExperiments.main(DoCoverageExperiments.java:32)
Caused by: java.lang.ArrayIndexOutOfBoundsException: 1
	at projects.Defects4JPatch.lambda$parseFields$0(Defects4JPatch.java:123)
	at projects.Defects4JPatch.lineIterator(Defects4JPatch.java:169)
	at projects.Defects4JPatch.parseFields(Defects4JPatch.java:121)
	at projects.Defects4JPatch.<init>(Defects4JPatch.java:36)
	... 1 more
FAILED: TIME 24
[src/main/bash/checkoutD4J.sh, Time, 25, tmp/Time-025]
Check out 552be4b6 to /home/serenach/MultiEdit_Experiments/tmp/Time-025/bug OK
Init local repository...................................................... OK
Tag post-fix revision...................................................... OK
Run post-checkout hook..................................................... OK
Initialize fixed program version........................................... OK
Apply patch................................................................ OK
Initialize buggy program version........................................... OK
Diff 552be4b6:c7a581e5..................................................... OK
Apply patch................................................................ OK
Tag pre-fix revision....................................................... OK
Check out program version: Time-25b........................................ OK
Check out 552be4b6 to /home/serenach/MultiEdit_Experiments/tmp/Time-025/pat OK
Init local repository...................................................... OK
Tag post-fix revision...................................................... OK
Run post-checkout hook..................................................... OK
Initialize fixed program version........................................... OK
Apply patch................................................................ OK
Initialize buggy program version........................................... OK
Diff 552be4b6:c7a581e5..................................................... OK
Apply patch................................................................ OK
Tag pre-fix revision....................................................... OK
Check out program version: Time-25f........................................ OK
Running ant (compile)...................................................... OK
Running ant (compile.tests)................................................ OK
Running ant (export.tests.trigger)......................................... OK

Running ant (export.tests.relevant)........................................ OK

Running ant (export.classes.modified)...................................... OK

Running ant (export.dir.src.classes)....................................... OK

Running ant (export.dir.bin.classes)....................................... OK

Running ant (export.dir.bin.tests)......................................... OK

Running ant (export.cp.compile)............................................ FAIL
Buildfile: /home/serenach/tooling/defects4j/framework/projects/defects4j.build.xml

sanity.check:

init:
     [echo] -------- joda-time 2.0 --------

getjunit:

installjunit:
     [echo] Installing junit in /usr/share/ant/lib
     [copy] Copying 1 file to /usr/share/ant/lib
Attempt to copy /home/serenach/tooling/defects4j/framework/projects/lib/junit-4.11.jar to /usr/share/ant/lib/junit-4.11.jar using NIO Channels failed due to '/usr/share/ant/lib/junit-4.11.jar'.  Falling back to streams.

BUILD FAILED
/home/serenach/MultiEdit_Experiments/tmp/Time-025/buggy/build.xml:143: Failed to copy /home/serenach/tooling/defects4j/framework/projects/lib/junit-4.11.jar to /usr/share/ant/lib/junit-4.11.jar due to java.nio.file.AccessDeniedException /usr/share/ant/lib/junit-4.11.jar

Total time: 0 seconds
Executed command:  cd /home/serenach/MultiEdit_Experiments/tmp/Time-025/buggy && ant -f /home/serenach/tooling/defects4j/framework/projects/defects4j.build.xml -Dd4j.home=/home/serenach/tooling/defects4j -Dbasedir=/home/serenach/MultiEdit_Experiments/tmp/Time-025/buggy -Dfile.export=/home/serenach/MultiEdit_Experiments/tmp/Time-025/buggy/.export.cp.compile export.cp.compile 2>&1
Cannot export property cp.compile at /home/serenach/tooling/defects4j/framework/bin/d4j/d4j-export line 112.
Compilation failed in require at /home/serenach/tooling/defects4j/framework/bin/defects4j line 155.
Running ant (export.cp.test)............................................... FAIL
Buildfile: /home/serenach/tooling/defects4j/framework/projects/defects4j.build.xml

sanity.check:

init:
     [echo] -------- joda-time 2.0 --------

getjunit:

installjunit:
     [echo] Installing junit in /usr/share/ant/lib
     [copy] Copying 1 file to /usr/share/ant/lib
Attempt to copy /home/serenach/tooling/defects4j/framework/projects/lib/junit-4.11.jar to /usr/share/ant/lib/junit-4.11.jar using NIO Channels failed due to '/usr/share/ant/lib/junit-4.11.jar'.  Falling back to streams.

BUILD FAILED
/home/serenach/MultiEdit_Experiments/tmp/Time-025/buggy/build.xml:143: Failed to copy /home/serenach/tooling/defects4j/framework/projects/lib/junit-4.11.jar to /usr/share/ant/lib/junit-4.11.jar due to java.nio.file.AccessDeniedException /usr/share/ant/lib/junit-4.11.jar

Total time: 0 seconds
Executed command:  cd /home/serenach/MultiEdit_Experiments/tmp/Time-025/buggy && ant -f /home/serenach/tooling/defects4j/framework/projects/defects4j.build.xml -Dd4j.home=/home/serenach/tooling/defects4j -Dbasedir=/home/serenach/MultiEdit_Experiments/tmp/Time-025/buggy -Dfile.export=/home/serenach/MultiEdit_Experiments/tmp/Time-025/buggy/.export.cp.test export.cp.test 2>&1
Cannot export property cp.test at /home/serenach/tooling/defects4j/framework/bin/d4j/d4j-export line 112.
Compilation failed in require at /home/serenach/tooling/defects4j/framework/bin/defects4j line 155.
Running ant (compile)...................................................... OK
Running ant (compile.tests)................................................ OK
Running ant (export.dir.src.classes)....................................... OK

Running ant (export.dir.bin.classes)....................................... OK

Running ant (export.dir.bin.tests)......................................... OK

Running ant (export.cp.compile)............................................ FAIL
Buildfile: /home/serenach/tooling/defects4j/framework/projects/defects4j.build.xml

sanity.check:

init:
     [echo] -------- joda-time 2.0 --------

getjunit:

installjunit:
     [echo] Installing junit in /usr/share/ant/lib
     [copy] Copying 1 file to /usr/share/ant/lib
Attempt to copy /home/serenach/tooling/defects4j/framework/projects/lib/junit-4.11.jar to /usr/share/ant/lib/junit-4.11.jar using NIO Channels failed due to '/usr/share/ant/lib/junit-4.11.jar'.  Falling back to streams.

BUILD FAILED
/home/serenach/MultiEdit_Experiments/tmp/Time-025/patched/build.xml:143: Failed to copy /home/serenach/tooling/defects4j/framework/projects/lib/junit-4.11.jar to /usr/share/ant/lib/junit-4.11.jar due to java.nio.file.AccessDeniedException /usr/share/ant/lib/junit-4.11.jar

Total time: 0 seconds
Executed command:  cd /home/serenach/MultiEdit_Experiments/tmp/Time-025/patched && ant -f /home/serenach/tooling/defects4j/framework/projects/defects4j.build.xml -Dd4j.home=/home/serenach/tooling/defects4j -Dbasedir=/home/serenach/MultiEdit_Experiments/tmp/Time-025/patched -Dfile.export=/home/serenach/MultiEdit_Experiments/tmp/Time-025/patched/.export.cp.compile export.cp.compile 2>&1
Cannot export property cp.compile at /home/serenach/tooling/defects4j/framework/bin/d4j/d4j-export line 112.
Compilation failed in require at /home/serenach/tooling/defects4j/framework/bin/defects4j line 155.
Running ant (export.cp.test)............................................... FAIL
Buildfile: /home/serenach/tooling/defects4j/framework/projects/defects4j.build.xml

sanity.check:

init:
     [echo] -------- joda-time 2.0 --------

getjunit:

installjunit:
     [echo] Installing junit in /usr/share/ant/lib
     [copy] Copying 1 file to /usr/share/ant/lib
Attempt to copy /home/serenach/tooling/defects4j/framework/projects/lib/junit-4.11.jar to /usr/share/ant/lib/junit-4.11.jar using NIO Channels failed due to '/usr/share/ant/lib/junit-4.11.jar'.  Falling back to streams.

BUILD FAILED
/home/serenach/MultiEdit_Experiments/tmp/Time-025/patched/build.xml:143: Failed to copy /home/serenach/tooling/defects4j/framework/projects/lib/junit-4.11.jar to /usr/share/ant/lib/junit-4.11.jar due to java.nio.file.AccessDeniedException /usr/share/ant/lib/junit-4.11.jar

Total time: 0 seconds
Executed command:  cd /home/serenach/MultiEdit_Experiments/tmp/Time-025/patched && ant -f /home/serenach/tooling/defects4j/framework/projects/defects4j.build.xml -Dd4j.home=/home/serenach/tooling/defects4j -Dbasedir=/home/serenach/MultiEdit_Experiments/tmp/Time-025/patched -Dfile.export=/home/serenach/MultiEdit_Experiments/tmp/Time-025/patched/.export.cp.test export.cp.test 2>&1
Cannot export property cp.test at /home/serenach/tooling/defects4j/framework/bin/d4j/d4j-export line 112.
Compilation failed in require at /home/serenach/tooling/defects4j/framework/bin/defects4j line 155.
java.lang.RuntimeException: Failed to checkout D4J Project: TIME 25
	at projects.Defects4JPatch.<init>(Defects4JPatch.java:38)
	at multiedit.faultloc.DoCoverageExperiments.main(DoCoverageExperiments.java:32)
Caused by: java.lang.ArrayIndexOutOfBoundsException: 1
	at projects.Defects4JPatch.lambda$parseFields$0(Defects4JPatch.java:123)
	at projects.Defects4JPatch.lineIterator(Defects4JPatch.java:169)
	at projects.Defects4JPatch.parseFields(Defects4JPatch.java:121)
	at projects.Defects4JPatch.<init>(Defects4JPatch.java:36)
	... 1 more
FAILED: TIME 25
[src/main/bash/checkoutD4J.sh, Time, 26, tmp/Time-026]
Check out c7a581e5 to /home/serenach/MultiEdit_Experiments/tmp/Time-026/bug OK
Init local repository...................................................... OK
Tag post-fix revision...................................................... OK
Run post-checkout hook..................................................... OK
Initialize fixed program version........................................... OK
Apply patch................................................................ OK
Initialize buggy program version........................................... OK
Diff c7a581e5:218a7fe9..................................................... OK
Apply patch................................................................ OK
Tag pre-fix revision....................................................... OK
Check out program version: Time-26b........................................ OK
Check out c7a581e5 to /home/serenach/MultiEdit_Experiments/tmp/Time-026/pat OK
Init local repository...................................................... OK
Tag post-fix revision...................................................... OK
Run post-checkout hook..................................................... OK
Initialize fixed program version........................................... OK
Apply patch................................................................ OK
Initialize buggy program version........................................... OK
Diff c7a581e5:218a7fe9..................................................... OK
Apply patch................................................................ OK
Tag pre-fix revision....................................................... OK
Check out program version: Time-26f........................................ OK
Running ant (compile)...................................................... OK
Running ant (compile.tests)................................................ OK
Running ant (export.tests.trigger)......................................... OK

Running ant (export.tests.relevant)........................................ OK

Running ant (export.classes.modified)...................................... OK

Running ant (export.dir.src.classes)....................................... OK

Running ant (export.dir.bin.classes)....................................... OK

Running ant (export.dir.bin.tests)......................................... OK

Running ant (export.cp.compile)............................................ FAIL
Buildfile: /home/serenach/tooling/defects4j/framework/projects/defects4j.build.xml

sanity.check:

init:
     [echo] -------- joda-time 2.0 --------

getjunit:

installjunit:
     [echo] Installing junit in /usr/share/ant/lib
     [copy] Copying 1 file to /usr/share/ant/lib
Attempt to copy /home/serenach/tooling/defects4j/framework/projects/lib/junit-4.11.jar to /usr/share/ant/lib/junit-4.11.jar using NIO Channels failed due to '/usr/share/ant/lib/junit-4.11.jar'.  Falling back to streams.

BUILD FAILED
/home/serenach/MultiEdit_Experiments/tmp/Time-026/buggy/build.xml:143: Failed to copy /home/serenach/tooling/defects4j/framework/projects/lib/junit-4.11.jar to /usr/share/ant/lib/junit-4.11.jar due to java.nio.file.AccessDeniedException /usr/share/ant/lib/junit-4.11.jar

Total time: 0 seconds
Executed command:  cd /home/serenach/MultiEdit_Experiments/tmp/Time-026/buggy && ant -f /home/serenach/tooling/defects4j/framework/projects/defects4j.build.xml -Dd4j.home=/home/serenach/tooling/defects4j -Dbasedir=/home/serenach/MultiEdit_Experiments/tmp/Time-026/buggy -Dfile.export=/home/serenach/MultiEdit_Experiments/tmp/Time-026/buggy/.export.cp.compile export.cp.compile 2>&1
Cannot export property cp.compile at /home/serenach/tooling/defects4j/framework/bin/d4j/d4j-export line 112.
Compilation failed in require at /home/serenach/tooling/defects4j/framework/bin/defects4j line 155.
Running ant (export.cp.test)............................................... FAIL
Buildfile: /home/serenach/tooling/defects4j/framework/projects/defects4j.build.xml

sanity.check:

init:
     [echo] -------- joda-time 2.0 --------

getjunit:

installjunit:
     [echo] Installing junit in /usr/share/ant/lib
     [copy] Copying 1 file to /usr/share/ant/lib
Attempt to copy /home/serenach/tooling/defects4j/framework/projects/lib/junit-4.11.jar to /usr/share/ant/lib/junit-4.11.jar using NIO Channels failed due to '/usr/share/ant/lib/junit-4.11.jar'.  Falling back to streams.

BUILD FAILED
/home/serenach/MultiEdit_Experiments/tmp/Time-026/buggy/build.xml:143: Failed to copy /home/serenach/tooling/defects4j/framework/projects/lib/junit-4.11.jar to /usr/share/ant/lib/junit-4.11.jar due to java.nio.file.AccessDeniedException /usr/share/ant/lib/junit-4.11.jar

Total time: 0 seconds
Executed command:  cd /home/serenach/MultiEdit_Experiments/tmp/Time-026/buggy && ant -f /home/serenach/tooling/defects4j/framework/projects/defects4j.build.xml -Dd4j.home=/home/serenach/tooling/defects4j -Dbasedir=/home/serenach/MultiEdit_Experiments/tmp/Time-026/buggy -Dfile.export=/home/serenach/MultiEdit_Experiments/tmp/Time-026/buggy/.export.cp.test export.cp.test 2>&1
Cannot export property cp.test at /home/serenach/tooling/defects4j/framework/bin/d4j/d4j-export line 112.
Compilation failed in require at /home/serenach/tooling/defects4j/framework/bin/defects4j line 155.
Running ant (compile)...................................................... OK
Running ant (compile.tests)................................................ OK
Running ant (export.dir.src.classes)....................................... OK

Running ant (export.dir.bin.classes)....................................... OK

Running ant (export.dir.bin.tests)......................................... OK

Running ant (export.cp.compile)............................................ FAIL
Buildfile: /home/serenach/tooling/defects4j/framework/projects/defects4j.build.xml

sanity.check:

init:
     [echo] -------- joda-time 2.0 --------

getjunit:

installjunit:
     [echo] Installing junit in /usr/share/ant/lib
     [copy] Copying 1 file to /usr/share/ant/lib
Attempt to copy /home/serenach/tooling/defects4j/framework/projects/lib/junit-4.11.jar to /usr/share/ant/lib/junit-4.11.jar using NIO Channels failed due to '/usr/share/ant/lib/junit-4.11.jar'.  Falling back to streams.

BUILD FAILED
/home/serenach/MultiEdit_Experiments/tmp/Time-026/patched/build.xml:143: Failed to copy /home/serenach/tooling/defects4j/framework/projects/lib/junit-4.11.jar to /usr/share/ant/lib/junit-4.11.jar due to java.nio.file.AccessDeniedException /usr/share/ant/lib/junit-4.11.jar

Total time: 0 seconds
Executed command:  cd /home/serenach/MultiEdit_Experiments/tmp/Time-026/patched && ant -f /home/serenach/tooling/defects4j/framework/projects/defects4j.build.xml -Dd4j.home=/home/serenach/tooling/defects4j -Dbasedir=/home/serenach/MultiEdit_Experiments/tmp/Time-026/patched -Dfile.export=/home/serenach/MultiEdit_Experiments/tmp/Time-026/patched/.export.cp.compile export.cp.compile 2>&1
Cannot export property cp.compile at /home/serenach/tooling/defects4j/framework/bin/d4j/d4j-export line 112.
Compilation failed in require at /home/serenach/tooling/defects4j/framework/bin/defects4j line 155.
Running ant (export.cp.test)............................................... FAIL
Buildfile: /home/serenach/tooling/defects4j/framework/projects/defects4j.build.xml

sanity.check:

init:
     [echo] -------- joda-time 2.0 --------

getjunit:

installjunit:
     [echo] Installing junit in /usr/share/ant/lib
     [copy] Copying 1 file to /usr/share/ant/lib
Attempt to copy /home/serenach/tooling/defects4j/framework/projects/lib/junit-4.11.jar to /usr/share/ant/lib/junit-4.11.jar using NIO Channels failed due to '/usr/share/ant/lib/junit-4.11.jar'.  Falling back to streams.

BUILD FAILED
/home/serenach/MultiEdit_Experiments/tmp/Time-026/patched/build.xml:143: Failed to copy /home/serenach/tooling/defects4j/framework/projects/lib/junit-4.11.jar to /usr/share/ant/lib/junit-4.11.jar due to java.nio.file.AccessDeniedException /usr/share/ant/lib/junit-4.11.jar

Total time: 0 seconds
Executed command:  cd /home/serenach/MultiEdit_Experiments/tmp/Time-026/patched && ant -f /home/serenach/tooling/defects4j/framework/projects/defects4j.build.xml -Dd4j.home=/home/serenach/tooling/defects4j -Dbasedir=/home/serenach/MultiEdit_Experiments/tmp/Time-026/patched -Dfile.export=/home/serenach/MultiEdit_Experiments/tmp/Time-026/patched/.export.cp.test export.cp.test 2>&1
Cannot export property cp.test at /home/serenach/tooling/defects4j/framework/bin/d4j/d4j-export line 112.
Compilation failed in require at /home/serenach/tooling/defects4j/framework/bin/defects4j line 155.
java.lang.RuntimeException: Failed to checkout D4J Project: TIME 26
	at projects.Defects4JPatch.<init>(Defects4JPatch.java:38)
	at multiedit.faultloc.DoCoverageExperiments.main(DoCoverageExperiments.java:32)
Caused by: java.lang.ArrayIndexOutOfBoundsException: 1
	at projects.Defects4JPatch.lambda$parseFields$0(Defects4JPatch.java:123)
	at projects.Defects4JPatch.lineIterator(Defects4JPatch.java:169)
	at projects.Defects4JPatch.parseFields(Defects4JPatch.java:121)
	at projects.Defects4JPatch.<init>(Defects4JPatch.java:36)
	... 1 more
FAILED: TIME 26
[src/main/bash/checkoutD4J.sh, Time, 27, tmp/Time-027]
Check out e0559c50 to /home/serenach/MultiEdit_Experiments/tmp/Time-027/bug OK
Init local repository...................................................... OK
Tag post-fix revision...................................................... OK
Run post-checkout hook..................................................... OK
Initialize fixed program version........................................... OK
Apply patch................................................................ OK
Initialize buggy program version........................................... OK
Diff e0559c50:d090b642..................................................... OK
Apply patch................................................................ OK
Tag pre-fix revision....................................................... OK
Check out program version: Time-27b........................................ OK
Check out e0559c50 to /home/serenach/MultiEdit_Experiments/tmp/Time-027/pat OK
Init local repository...................................................... OK
Tag post-fix revision...................................................... OK
Run post-checkout hook..................................................... OK
Initialize fixed program version........................................... OK
Apply patch................................................................ OK
Initialize buggy program version........................................... OK
Diff e0559c50:d090b642..................................................... OK
Apply patch................................................................ OK
Tag pre-fix revision....................................................... OK
Check out program version: Time-27f........................................ OK
Running ant (compile)...................................................... OK
Running ant (compile.tests)................................................ OK
Running ant (export.tests.trigger)......................................... OK

Running ant (export.tests.relevant)........................................ OK

Running ant (export.classes.modified)...................................... OK

Running ant (export.dir.src.classes)....................................... OK

Running ant (export.dir.bin.classes)....................................... OK

Running ant (export.dir.bin.tests)......................................... OK

Running ant (export.cp.compile)............................................ FAIL
Buildfile: /home/serenach/tooling/defects4j/framework/projects/defects4j.build.xml

sanity.check:

init:
     [echo] -------- joda-time 2.0 --------

getjunit:

installjunit:
     [echo] Installing junit in /usr/share/ant/lib
     [copy] Copying 1 file to /usr/share/ant/lib
Attempt to copy /home/serenach/tooling/defects4j/framework/projects/lib/junit-4.11.jar to /usr/share/ant/lib/junit-4.11.jar using NIO Channels failed due to '/usr/share/ant/lib/junit-4.11.jar'.  Falling back to streams.

BUILD FAILED
/home/serenach/MultiEdit_Experiments/tmp/Time-027/buggy/build.xml:141: Failed to copy /home/serenach/tooling/defects4j/framework/projects/lib/junit-4.11.jar to /usr/share/ant/lib/junit-4.11.jar due to java.nio.file.AccessDeniedException /usr/share/ant/lib/junit-4.11.jar

Total time: 0 seconds
Executed command:  cd /home/serenach/MultiEdit_Experiments/tmp/Time-027/buggy && ant -f /home/serenach/tooling/defects4j/framework/projects/defects4j.build.xml -Dd4j.home=/home/serenach/tooling/defects4j -Dbasedir=/home/serenach/MultiEdit_Experiments/tmp/Time-027/buggy -Dfile.export=/home/serenach/MultiEdit_Experiments/tmp/Time-027/buggy/.export.cp.compile export.cp.compile 2>&1
Cannot export property cp.compile at /home/serenach/tooling/defects4j/framework/bin/d4j/d4j-export line 112.
Compilation failed in require at /home/serenach/tooling/defects4j/framework/bin/defects4j line 155.
Running ant (export.cp.test)............................................... FAIL
Buildfile: /home/serenach/tooling/defects4j/framework/projects/defects4j.build.xml

sanity.check:

init:
     [echo] -------- joda-time 2.0 --------

getjunit:

installjunit:
     [echo] Installing junit in /usr/share/ant/lib
     [copy] Copying 1 file to /usr/share/ant/lib
Attempt to copy /home/serenach/tooling/defects4j/framework/projects/lib/junit-4.11.jar to /usr/share/ant/lib/junit-4.11.jar using NIO Channels failed due to '/usr/share/ant/lib/junit-4.11.jar'.  Falling back to streams.

BUILD FAILED
/home/serenach/MultiEdit_Experiments/tmp/Time-027/buggy/build.xml:141: Failed to copy /home/serenach/tooling/defects4j/framework/projects/lib/junit-4.11.jar to /usr/share/ant/lib/junit-4.11.jar due to java.nio.file.AccessDeniedException /usr/share/ant/lib/junit-4.11.jar

Total time: 0 seconds
Executed command:  cd /home/serenach/MultiEdit_Experiments/tmp/Time-027/buggy && ant -f /home/serenach/tooling/defects4j/framework/projects/defects4j.build.xml -Dd4j.home=/home/serenach/tooling/defects4j -Dbasedir=/home/serenach/MultiEdit_Experiments/tmp/Time-027/buggy -Dfile.export=/home/serenach/MultiEdit_Experiments/tmp/Time-027/buggy/.export.cp.test export.cp.test 2>&1
Cannot export property cp.test at /home/serenach/tooling/defects4j/framework/bin/d4j/d4j-export line 112.
Compilation failed in require at /home/serenach/tooling/defects4j/framework/bin/defects4j line 155.
Running ant (compile)...................................................... OK
Running ant (compile.tests)................................................ OK
Running ant (export.dir.src.classes)....................................... OK

Running ant (export.dir.bin.classes)....................................... OK

Running ant (export.dir.bin.tests)......................................... OK

Running ant (export.cp.compile)............................................ FAIL
Buildfile: /home/serenach/tooling/defects4j/framework/projects/defects4j.build.xml

sanity.check:

init:
     [echo] -------- joda-time 2.0 --------

getjunit:

installjunit:
     [echo] Installing junit in /usr/share/ant/lib
     [copy] Copying 1 file to /usr/share/ant/lib
Attempt to copy /home/serenach/tooling/defects4j/framework/projects/lib/junit-4.11.jar to /usr/share/ant/lib/junit-4.11.jar using NIO Channels failed due to '/usr/share/ant/lib/junit-4.11.jar'.  Falling back to streams.

BUILD FAILED
/home/serenach/MultiEdit_Experiments/tmp/Time-027/patched/build.xml:141: Failed to copy /home/serenach/tooling/defects4j/framework/projects/lib/junit-4.11.jar to /usr/share/ant/lib/junit-4.11.jar due to java.nio.file.AccessDeniedException /usr/share/ant/lib/junit-4.11.jar

Total time: 0 seconds
Executed command:  cd /home/serenach/MultiEdit_Experiments/tmp/Time-027/patched && ant -f /home/serenach/tooling/defects4j/framework/projects/defects4j.build.xml -Dd4j.home=/home/serenach/tooling/defects4j -Dbasedir=/home/serenach/MultiEdit_Experiments/tmp/Time-027/patched -Dfile.export=/home/serenach/MultiEdit_Experiments/tmp/Time-027/patched/.export.cp.compile export.cp.compile 2>&1
Cannot export property cp.compile at /home/serenach/tooling/defects4j/framework/bin/d4j/d4j-export line 112.
Compilation failed in require at /home/serenach/tooling/defects4j/framework/bin/defects4j line 155.
Running ant (export.cp.test)............................................... FAIL
Buildfile: /home/serenach/tooling/defects4j/framework/projects/defects4j.build.xml

sanity.check:

init:
     [echo] -------- joda-time 2.0 --------

getjunit:

installjunit:
     [echo] Installing junit in /usr/share/ant/lib
     [copy] Copying 1 file to /usr/share/ant/lib
Attempt to copy /home/serenach/tooling/defects4j/framework/projects/lib/junit-4.11.jar to /usr/share/ant/lib/junit-4.11.jar using NIO Channels failed due to '/usr/share/ant/lib/junit-4.11.jar'.  Falling back to streams.

BUILD FAILED
/home/serenach/MultiEdit_Experiments/tmp/Time-027/patched/build.xml:141: Failed to copy /home/serenach/tooling/defects4j/framework/projects/lib/junit-4.11.jar to /usr/share/ant/lib/junit-4.11.jar due to java.nio.file.AccessDeniedException /usr/share/ant/lib/junit-4.11.jar

Total time: 0 seconds
Executed command:  cd /home/serenach/MultiEdit_Experiments/tmp/Time-027/patched && ant -f /home/serenach/tooling/defects4j/framework/projects/defects4j.build.xml -Dd4j.home=/home/serenach/tooling/defects4j -Dbasedir=/home/serenach/MultiEdit_Experiments/tmp/Time-027/patched -Dfile.export=/home/serenach/MultiEdit_Experiments/tmp/Time-027/patched/.export.cp.test export.cp.test 2>&1
Cannot export property cp.test at /home/serenach/tooling/defects4j/framework/bin/d4j/d4j-export line 112.
Compilation failed in require at /home/serenach/tooling/defects4j/framework/bin/defects4j line 155.
java.lang.RuntimeException: Failed to checkout D4J Project: TIME 27
	at projects.Defects4JPatch.<init>(Defects4JPatch.java:38)
	at multiedit.faultloc.DoCoverageExperiments.main(DoCoverageExperiments.java:32)
Caused by: java.lang.ArrayIndexOutOfBoundsException: 1
	at projects.Defects4JPatch.lambda$parseFields$0(Defects4JPatch.java:123)
	at projects.Defects4JPatch.lineIterator(Defects4JPatch.java:169)
	at projects.Defects4JPatch.parseFields(Defects4JPatch.java:121)
	at projects.Defects4JPatch.<init>(Defects4JPatch.java:36)
	... 1 more
FAILED: TIME 27
