src/main/bash/checkoutD4J.sh Mockito 3 tmp/Mockito-003
[java, -classpath, target/classes:tmp/Mockito-003/patched/build/classes/main:tmp/Mockito-003/patched/build/classes/test:/home/serenach/MultiEdit_Experiments/tmp/Mockito-003/patched/build/classes/main:/home/serenach/tooling/defects4j/framework/projects/Mockito/lib/asm-all-5.0.4.jar:/home/serenach/tooling/defects4j/framework/projects/Mockito/lib/assertj-core-2.1.0.jar:/home/serenach/tooling/defects4j/framework/projects/Mockito/lib/cglib-and-asm-1.0.jar:/home/serenach/tooling/defects4j/framework/projects/Mockito/lib/cobertura-2.0.3.jar:/home/serenach/tooling/defects4j/framework/projects/Mockito/lib/fest-assert-1.3.jar:/home/serenach/tooling/defects4j/framework/projects/Mockito/lib/fest-util-1.1.4.jar:/home/serenach/tooling/defects4j/framework/projects/Mockito/lib/hamcrest-all-1.3.jar:/home/serenach/tooling/defects4j/framework/projects/Mockito/lib/hamcrest-core-1.1.jar:/home/serenach/tooling/defects4j/framework/projects/Mockito/lib/objenesis-2.1.jar:/home/serenach/tooling/defects4j/framework/projects/Mockito/lib/objenesis-2.2.jar:/home/serenach/tooling/defects4j/framework/projects/Mockito/lib/powermock-reflect-1.2.5.jar:/home/serenach/MultiEdit_Experiments/tmp/Mockito-003/patched/compileLib/byte-buddy-0.6.8.jar:/home/serenach/tooling/defects4j/framework/projects/lib/junit-4.11.jar:/home/serenach/MultiEdit_Experiments/tmp/Mockito-003/patched/build/classes/main:/home/serenach/MultiEdit_Experiments/tmp/Mockito-003/patched/build/classes/test:/home/serenach/tooling/defects4j/framework/projects/Mockito/lib/asm-all-5.0.4.jar:/home/serenach/tooling/defects4j/framework/projects/Mockito/lib/assertj-core-2.1.0.jar:/home/serenach/tooling/defects4j/framework/projects/Mockito/lib/cglib-and-asm-1.0.jar:/home/serenach/tooling/defects4j/framework/projects/Mockito/lib/cobertura-2.0.3.jar:/home/serenach/tooling/defects4j/framework/projects/Mockito/lib/fest-assert-1.3.jar:/home/serenach/tooling/defects4j/framework/projects/Mockito/lib/fest-util-1.1.4.jar:/home/serenach/tooling/defects4j/framework/projects/Mockito/lib/hamcrest-all-1.3.jar:/home/serenach/tooling/defects4j/framework/projects/Mockito/lib/hamcrest-core-1.1.jar:/home/serenach/tooling/defects4j/framework/projects/Mockito/lib/objenesis-2.1.jar:/home/serenach/tooling/defects4j/framework/projects/Mockito/lib/objenesis-2.2.jar:/home/serenach/tooling/defects4j/framework/projects/Mockito/lib/powermock-reflect-1.2.5.jar:/home/serenach/MultiEdit_Experiments/tmp/Mockito-003/patched/compileLib/byte-buddy-0.6.8.jar:lib/junit-4.13-rc-2.jar, -Xmx1024m, -javaagent:lib/jacocoagent.jar=excludes=org.junit.*,append=false, util.JUnitTestRunner, org.mockito.internal.invocation.InvocationMatcherTest::should_capture_varargs_as_vararg]
OUTPUT: org.mockito.internal.invocation.InvocationMatcherTest::should_capture_varargs_as_vararg
Test Class: org.mockito.internal.invocation.InvocationMatcherTest::should_capture_varargs_as_vararg
class org.mockito.internal.invocation.InvocationMatcherTest
should_capture_varargs_as_vararg
Requested #: 1
[SUCCESS]:true
[TOTAL]:1
[FAILURE]:0

[]

[java, -classpath, target/classes:tmp/Mockito-003/patched/build/classes/main:tmp/Mockito-003/patched/build/classes/test:/home/serenach/MultiEdit_Experiments/tmp/Mockito-003/patched/build/classes/main:/home/serenach/tooling/defects4j/framework/projects/Mockito/lib/asm-all-5.0.4.jar:/home/serenach/tooling/defects4j/framework/projects/Mockito/lib/assertj-core-2.1.0.jar:/home/serenach/tooling/defects4j/framework/projects/Mockito/lib/cglib-and-asm-1.0.jar:/home/serenach/tooling/defects4j/framework/projects/Mockito/lib/cobertura-2.0.3.jar:/home/serenach/tooling/defects4j/framework/projects/Mockito/lib/fest-assert-1.3.jar:/home/serenach/tooling/defects4j/framework/projects/Mockito/lib/fest-util-1.1.4.jar:/home/serenach/tooling/defects4j/framework/projects/Mockito/lib/hamcrest-all-1.3.jar:/home/serenach/tooling/defects4j/framework/projects/Mockito/lib/hamcrest-core-1.1.jar:/home/serenach/tooling/defects4j/framework/projects/Mockito/lib/objenesis-2.1.jar:/home/serenach/tooling/defects4j/framework/projects/Mockito/lib/objenesis-2.2.jar:/home/serenach/tooling/defects4j/framework/projects/Mockito/lib/powermock-reflect-1.2.5.jar:/home/serenach/MultiEdit_Experiments/tmp/Mockito-003/patched/compileLib/byte-buddy-0.6.8.jar:/home/serenach/tooling/defects4j/framework/projects/lib/junit-4.11.jar:/home/serenach/MultiEdit_Experiments/tmp/Mockito-003/patched/build/classes/main:/home/serenach/MultiEdit_Experiments/tmp/Mockito-003/patched/build/classes/test:/home/serenach/tooling/defects4j/framework/projects/Mockito/lib/asm-all-5.0.4.jar:/home/serenach/tooling/defects4j/framework/projects/Mockito/lib/assertj-core-2.1.0.jar:/home/serenach/tooling/defects4j/framework/projects/Mockito/lib/cglib-and-asm-1.0.jar:/home/serenach/tooling/defects4j/framework/projects/Mockito/lib/cobertura-2.0.3.jar:/home/serenach/tooling/defects4j/framework/projects/Mockito/lib/fest-assert-1.3.jar:/home/serenach/tooling/defects4j/framework/projects/Mockito/lib/fest-util-1.1.4.jar:/home/serenach/tooling/defects4j/framework/projects/Mockito/lib/hamcrest-all-1.3.jar:/home/serenach/tooling/defects4j/framework/projects/Mockito/lib/hamcrest-core-1.1.jar:/home/serenach/tooling/defects4j/framework/projects/Mockito/lib/objenesis-2.1.jar:/home/serenach/tooling/defects4j/framework/projects/Mockito/lib/objenesis-2.2.jar:/home/serenach/tooling/defects4j/framework/projects/Mockito/lib/powermock-reflect-1.2.5.jar:/home/serenach/MultiEdit_Experiments/tmp/Mockito-003/patched/compileLib/byte-buddy-0.6.8.jar:lib/junit-4.13-rc-2.jar, -Xmx1024m, -javaagent:lib/jacocoagent.jar=excludes=org.junit.*,append=false, util.JUnitTestRunner, org.mockitousage.bugs.varargs.VarargsAndAnyObjectPicksUpExtraInvocationsTest::shouldVerifyCorrectlyNumberOfInvocationsWithVarargs]
OUTPUT: org.mockitousage.bugs.varargs.VarargsAndAnyObjectPicksUpExtraInvocationsTest::shouldVerifyCorrectlyNumberOfInvocationsWithVarargs
Test Class: org.mockitousage.bugs.varargs.VarargsAndAnyObjectPicksUpExtraInvocationsTest::shouldVerifyCorrectlyNumberOfInvocationsWithVarargs
class org.mockitousage.bugs.varargs.VarargsAndAnyObjectPicksUpExtraInvocationsTest
shouldVerifyCorrectlyNumberOfInvocationsWithVarargs
Requested #: 1
[SUCCESS]:true
[TOTAL]:1
[FAILURE]:0

[]

[java, -classpath, target/classes:tmp/Mockito-003/patched/build/classes/main:tmp/Mockito-003/patched/build/classes/test:/home/serenach/MultiEdit_Experiments/tmp/Mockito-003/patched/build/classes/main:/home/serenach/tooling/defects4j/framework/projects/Mockito/lib/asm-all-5.0.4.jar:/home/serenach/tooling/defects4j/framework/projects/Mockito/lib/assertj-core-2.1.0.jar:/home/serenach/tooling/defects4j/framework/projects/Mockito/lib/cglib-and-asm-1.0.jar:/home/serenach/tooling/defects4j/framework/projects/Mockito/lib/cobertura-2.0.3.jar:/home/serenach/tooling/defects4j/framework/projects/Mockito/lib/fest-assert-1.3.jar:/home/serenach/tooling/defects4j/framework/projects/Mockito/lib/fest-util-1.1.4.jar:/home/serenach/tooling/defects4j/framework/projects/Mockito/lib/hamcrest-all-1.3.jar:/home/serenach/tooling/defects4j/framework/projects/Mockito/lib/hamcrest-core-1.1.jar:/home/serenach/tooling/defects4j/framework/projects/Mockito/lib/objenesis-2.1.jar:/home/serenach/tooling/defects4j/framework/projects/Mockito/lib/objenesis-2.2.jar:/home/serenach/tooling/defects4j/framework/projects/Mockito/lib/powermock-reflect-1.2.5.jar:/home/serenach/MultiEdit_Experiments/tmp/Mockito-003/patched/compileLib/byte-buddy-0.6.8.jar:/home/serenach/tooling/defects4j/framework/projects/lib/junit-4.11.jar:/home/serenach/MultiEdit_Experiments/tmp/Mockito-003/patched/build/classes/main:/home/serenach/MultiEdit_Experiments/tmp/Mockito-003/patched/build/classes/test:/home/serenach/tooling/defects4j/framework/projects/Mockito/lib/asm-all-5.0.4.jar:/home/serenach/tooling/defects4j/framework/projects/Mockito/lib/assertj-core-2.1.0.jar:/home/serenach/tooling/defects4j/framework/projects/Mockito/lib/cglib-and-asm-1.0.jar:/home/serenach/tooling/defects4j/framework/projects/Mockito/lib/cobertura-2.0.3.jar:/home/serenach/tooling/defects4j/framework/projects/Mockito/lib/fest-assert-1.3.jar:/home/serenach/tooling/defects4j/framework/projects/Mockito/lib/fest-util-1.1.4.jar:/home/serenach/tooling/defects4j/framework/projects/Mockito/lib/hamcrest-all-1.3.jar:/home/serenach/tooling/defects4j/framework/projects/Mockito/lib/hamcrest-core-1.1.jar:/home/serenach/tooling/defects4j/framework/projects/Mockito/lib/objenesis-2.1.jar:/home/serenach/tooling/defects4j/framework/projects/Mockito/lib/objenesis-2.2.jar:/home/serenach/tooling/defects4j/framework/projects/Mockito/lib/powermock-reflect-1.2.5.jar:/home/serenach/MultiEdit_Experiments/tmp/Mockito-003/patched/compileLib/byte-buddy-0.6.8.jar:lib/junit-4.13-rc-2.jar, -Xmx1024m, -javaagent:lib/jacocoagent.jar=excludes=org.junit.*,append=false, util.JUnitTestRunner, org.mockitousage.bugs.varargs.VarargsNotPlayingWithAnyObjectTest::shouldMatchAnyVararg]
OUTPUT: org.mockitousage.bugs.varargs.VarargsNotPlayingWithAnyObjectTest::shouldMatchAnyVararg
Test Class: org.mockitousage.bugs.varargs.VarargsNotPlayingWithAnyObjectTest::shouldMatchAnyVararg
class org.mockitousage.bugs.varargs.VarargsNotPlayingWithAnyObjectTest
shouldMatchAnyVararg
Requested #: 1
[SUCCESS]:true
[TOTAL]:1
[FAILURE]:0

[]

[java, -classpath, target/classes:tmp/Mockito-003/patched/build/classes/main:tmp/Mockito-003/patched/build/classes/test:/home/serenach/MultiEdit_Experiments/tmp/Mockito-003/patched/build/classes/main:/home/serenach/tooling/defects4j/framework/projects/Mockito/lib/asm-all-5.0.4.jar:/home/serenach/tooling/defects4j/framework/projects/Mockito/lib/assertj-core-2.1.0.jar:/home/serenach/tooling/defects4j/framework/projects/Mockito/lib/cglib-and-asm-1.0.jar:/home/serenach/tooling/defects4j/framework/projects/Mockito/lib/cobertura-2.0.3.jar:/home/serenach/tooling/defects4j/framework/projects/Mockito/lib/fest-assert-1.3.jar:/home/serenach/tooling/defects4j/framework/projects/Mockito/lib/fest-util-1.1.4.jar:/home/serenach/tooling/defects4j/framework/projects/Mockito/lib/hamcrest-all-1.3.jar:/home/serenach/tooling/defects4j/framework/projects/Mockito/lib/hamcrest-core-1.1.jar:/home/serenach/tooling/defects4j/framework/projects/Mockito/lib/objenesis-2.1.jar:/home/serenach/tooling/defects4j/framework/projects/Mockito/lib/objenesis-2.2.jar:/home/serenach/tooling/defects4j/framework/projects/Mockito/lib/powermock-reflect-1.2.5.jar:/home/serenach/MultiEdit_Experiments/tmp/Mockito-003/patched/compileLib/byte-buddy-0.6.8.jar:/home/serenach/tooling/defects4j/framework/projects/lib/junit-4.11.jar:/home/serenach/MultiEdit_Experiments/tmp/Mockito-003/patched/build/classes/main:/home/serenach/MultiEdit_Experiments/tmp/Mockito-003/patched/build/classes/test:/home/serenach/tooling/defects4j/framework/projects/Mockito/lib/asm-all-5.0.4.jar:/home/serenach/tooling/defects4j/framework/projects/Mockito/lib/assertj-core-2.1.0.jar:/home/serenach/tooling/defects4j/framework/projects/Mockito/lib/cglib-and-asm-1.0.jar:/home/serenach/tooling/defects4j/framework/projects/Mockito/lib/cobertura-2.0.3.jar:/home/serenach/tooling/defects4j/framework/projects/Mockito/lib/fest-assert-1.3.jar:/home/serenach/tooling/defects4j/framework/projects/Mockito/lib/fest-util-1.1.4.jar:/home/serenach/tooling/defects4j/framework/projects/Mockito/lib/hamcrest-all-1.3.jar:/home/serenach/tooling/defects4j/framework/projects/Mockito/lib/hamcrest-core-1.1.jar:/home/serenach/tooling/defects4j/framework/projects/Mockito/lib/objenesis-2.1.jar:/home/serenach/tooling/defects4j/framework/projects/Mockito/lib/objenesis-2.2.jar:/home/serenach/tooling/defects4j/framework/projects/Mockito/lib/powermock-reflect-1.2.5.jar:/home/serenach/MultiEdit_Experiments/tmp/Mockito-003/patched/compileLib/byte-buddy-0.6.8.jar:lib/junit-4.13-rc-2.jar, -Xmx1024m, -javaagent:lib/jacocoagent.jar=excludes=org.junit.*,append=false, util.JUnitTestRunner, org.mockitousage.matchers.CapturingArgumentsTest::should_capture_all_vararg]
OUTPUT: org.mockitousage.matchers.CapturingArgumentsTest::should_capture_all_vararg
Test Class: org.mockitousage.matchers.CapturingArgumentsTest::should_capture_all_vararg
class org.mockitousage.matchers.CapturingArgumentsTest
should_capture_all_vararg
Requested #: 1
[SUCCESS]:true
[TOTAL]:1
[FAILURE]:0

[]

[java, -classpath, target/classes:tmp/Mockito-003/patched/build/classes/main:tmp/Mockito-003/patched/build/classes/test:/home/serenach/MultiEdit_Experiments/tmp/Mockito-003/patched/build/classes/main:/home/serenach/tooling/defects4j/framework/projects/Mockito/lib/asm-all-5.0.4.jar:/home/serenach/tooling/defects4j/framework/projects/Mockito/lib/assertj-core-2.1.0.jar:/home/serenach/tooling/defects4j/framework/projects/Mockito/lib/cglib-and-asm-1.0.jar:/home/serenach/tooling/defects4j/framework/projects/Mockito/lib/cobertura-2.0.3.jar:/home/serenach/tooling/defects4j/framework/projects/Mockito/lib/fest-assert-1.3.jar:/home/serenach/tooling/defects4j/framework/projects/Mockito/lib/fest-util-1.1.4.jar:/home/serenach/tooling/defects4j/framework/projects/Mockito/lib/hamcrest-all-1.3.jar:/home/serenach/tooling/defects4j/framework/projects/Mockito/lib/hamcrest-core-1.1.jar:/home/serenach/tooling/defects4j/framework/projects/Mockito/lib/objenesis-2.1.jar:/home/serenach/tooling/defects4j/framework/projects/Mockito/lib/objenesis-2.2.jar:/home/serenach/tooling/defects4j/framework/projects/Mockito/lib/powermock-reflect-1.2.5.jar:/home/serenach/MultiEdit_Experiments/tmp/Mockito-003/patched/compileLib/byte-buddy-0.6.8.jar:/home/serenach/tooling/defects4j/framework/projects/lib/junit-4.11.jar:/home/serenach/MultiEdit_Experiments/tmp/Mockito-003/patched/build/classes/main:/home/serenach/MultiEdit_Experiments/tmp/Mockito-003/patched/build/classes/test:/home/serenach/tooling/defects4j/framework/projects/Mockito/lib/asm-all-5.0.4.jar:/home/serenach/tooling/defects4j/framework/projects/Mockito/lib/assertj-core-2.1.0.jar:/home/serenach/tooling/defects4j/framework/projects/Mockito/lib/cglib-and-asm-1.0.jar:/home/serenach/tooling/defects4j/framework/projects/Mockito/lib/cobertura-2.0.3.jar:/home/serenach/tooling/defects4j/framework/projects/Mockito/lib/fest-assert-1.3.jar:/home/serenach/tooling/defects4j/framework/projects/Mockito/lib/fest-util-1.1.4.jar:/home/serenach/tooling/defects4j/framework/projects/Mockito/lib/hamcrest-all-1.3.jar:/home/serenach/tooling/defects4j/framework/projects/Mockito/lib/hamcrest-core-1.1.jar:/home/serenach/tooling/defects4j/framework/projects/Mockito/lib/objenesis-2.1.jar:/home/serenach/tooling/defects4j/framework/projects/Mockito/lib/objenesis-2.2.jar:/home/serenach/tooling/defects4j/framework/projects/Mockito/lib/powermock-reflect-1.2.5.jar:/home/serenach/MultiEdit_Experiments/tmp/Mockito-003/patched/compileLib/byte-buddy-0.6.8.jar:lib/junit-4.13-rc-2.jar, -Xmx1024m, -javaagent:lib/jacocoagent.jar=excludes=org.junit.*,append=false, util.JUnitTestRunner, org.mockitousage.matchers.CapturingArgumentsTest::captures_correctly_when_captor_used_multiple_times]
OUTPUT: org.mockitousage.matchers.CapturingArgumentsTest::captures_correctly_when_captor_used_multiple_times
Test Class: org.mockitousage.matchers.CapturingArgumentsTest::captures_correctly_when_captor_used_multiple_times
class org.mockitousage.matchers.CapturingArgumentsTest
captures_correctly_when_captor_used_multiple_times
Requested #: 1
[SUCCESS]:true
[TOTAL]:1
[FAILURE]:0

[]

[java, -classpath, target/classes:tmp/Mockito-003/patched/build/classes/main:tmp/Mockito-003/patched/build/classes/test:/home/serenach/MultiEdit_Experiments/tmp/Mockito-003/patched/build/classes/main:/home/serenach/tooling/defects4j/framework/projects/Mockito/lib/asm-all-5.0.4.jar:/home/serenach/tooling/defects4j/framework/projects/Mockito/lib/assertj-core-2.1.0.jar:/home/serenach/tooling/defects4j/framework/projects/Mockito/lib/cglib-and-asm-1.0.jar:/home/serenach/tooling/defects4j/framework/projects/Mockito/lib/cobertura-2.0.3.jar:/home/serenach/tooling/defects4j/framework/projects/Mockito/lib/fest-assert-1.3.jar:/home/serenach/tooling/defects4j/framework/projects/Mockito/lib/fest-util-1.1.4.jar:/home/serenach/tooling/defects4j/framework/projects/Mockito/lib/hamcrest-all-1.3.jar:/home/serenach/tooling/defects4j/framework/projects/Mockito/lib/hamcrest-core-1.1.jar:/home/serenach/tooling/defects4j/framework/projects/Mockito/lib/objenesis-2.1.jar:/home/serenach/tooling/defects4j/framework/projects/Mockito/lib/objenesis-2.2.jar:/home/serenach/tooling/defects4j/framework/projects/Mockito/lib/powermock-reflect-1.2.5.jar:/home/serenach/MultiEdit_Experiments/tmp/Mockito-003/patched/compileLib/byte-buddy-0.6.8.jar:/home/serenach/tooling/defects4j/framework/projects/lib/junit-4.11.jar:/home/serenach/MultiEdit_Experiments/tmp/Mockito-003/patched/build/classes/main:/home/serenach/MultiEdit_Experiments/tmp/Mockito-003/patched/build/classes/test:/home/serenach/tooling/defects4j/framework/projects/Mockito/lib/asm-all-5.0.4.jar:/home/serenach/tooling/defects4j/framework/projects/Mockito/lib/assertj-core-2.1.0.jar:/home/serenach/tooling/defects4j/framework/projects/Mockito/lib/cglib-and-asm-1.0.jar:/home/serenach/tooling/defects4j/framework/projects/Mockito/lib/cobertura-2.0.3.jar:/home/serenach/tooling/defects4j/framework/projects/Mockito/lib/fest-assert-1.3.jar:/home/serenach/tooling/defects4j/framework/projects/Mockito/lib/fest-util-1.1.4.jar:/home/serenach/tooling/defects4j/framework/projects/Mockito/lib/hamcrest-all-1.3.jar:/home/serenach/tooling/defects4j/framework/projects/Mockito/lib/hamcrest-core-1.1.jar:/home/serenach/tooling/defects4j/framework/projects/Mockito/lib/objenesis-2.1.jar:/home/serenach/tooling/defects4j/framework/projects/Mockito/lib/objenesis-2.2.jar:/home/serenach/tooling/defects4j/framework/projects/Mockito/lib/powermock-reflect-1.2.5.jar:/home/serenach/MultiEdit_Experiments/tmp/Mockito-003/patched/compileLib/byte-buddy-0.6.8.jar:lib/junit-4.13-rc-2.jar, -Xmx1024m, -javaagent:lib/jacocoagent.jar=excludes=org.junit.*,append=false, util.JUnitTestRunner, org.mockitousage.matchers.CapturingArgumentsTest::should_capture_vararg]
OUTPUT: org.mockitousage.matchers.CapturingArgumentsTest::should_capture_vararg
Test Class: org.mockitousage.matchers.CapturingArgumentsTest::should_capture_vararg
class org.mockitousage.matchers.CapturingArgumentsTest
should_capture_vararg
Requested #: 1
[SUCCESS]:true
[TOTAL]:1
[FAILURE]:0

[]

[java, -classpath, target/classes:tmp/Mockito-003/patched/build/classes/main:tmp/Mockito-003/patched/build/classes/test:/home/serenach/MultiEdit_Experiments/tmp/Mockito-003/patched/build/classes/main:/home/serenach/tooling/defects4j/framework/projects/Mockito/lib/asm-all-5.0.4.jar:/home/serenach/tooling/defects4j/framework/projects/Mockito/lib/assertj-core-2.1.0.jar:/home/serenach/tooling/defects4j/framework/projects/Mockito/lib/cglib-and-asm-1.0.jar:/home/serenach/tooling/defects4j/framework/projects/Mockito/lib/cobertura-2.0.3.jar:/home/serenach/tooling/defects4j/framework/projects/Mockito/lib/fest-assert-1.3.jar:/home/serenach/tooling/defects4j/framework/projects/Mockito/lib/fest-util-1.1.4.jar:/home/serenach/tooling/defects4j/framework/projects/Mockito/lib/hamcrest-all-1.3.jar:/home/serenach/tooling/defects4j/framework/projects/Mockito/lib/hamcrest-core-1.1.jar:/home/serenach/tooling/defects4j/framework/projects/Mockito/lib/objenesis-2.1.jar:/home/serenach/tooling/defects4j/framework/projects/Mockito/lib/objenesis-2.2.jar:/home/serenach/tooling/defects4j/framework/projects/Mockito/lib/powermock-reflect-1.2.5.jar:/home/serenach/MultiEdit_Experiments/tmp/Mockito-003/patched/compileLib/byte-buddy-0.6.8.jar:/home/serenach/tooling/defects4j/framework/projects/lib/junit-4.11.jar:/home/serenach/MultiEdit_Experiments/tmp/Mockito-003/patched/build/classes/main:/home/serenach/MultiEdit_Experiments/tmp/Mockito-003/patched/build/classes/test:/home/serenach/tooling/defects4j/framework/projects/Mockito/lib/asm-all-5.0.4.jar:/home/serenach/tooling/defects4j/framework/projects/Mockito/lib/assertj-core-2.1.0.jar:/home/serenach/tooling/defects4j/framework/projects/Mockito/lib/cglib-and-asm-1.0.jar:/home/serenach/tooling/defects4j/framework/projects/Mockito/lib/cobertura-2.0.3.jar:/home/serenach/tooling/defects4j/framework/projects/Mockito/lib/fest-assert-1.3.jar:/home/serenach/tooling/defects4j/framework/projects/Mockito/lib/fest-util-1.1.4.jar:/home/serenach/tooling/defects4j/framework/projects/Mockito/lib/hamcrest-all-1.3.jar:/home/serenach/tooling/defects4j/framework/projects/Mockito/lib/hamcrest-core-1.1.jar:/home/serenach/tooling/defects4j/framework/projects/Mockito/lib/objenesis-2.1.jar:/home/serenach/tooling/defects4j/framework/projects/Mockito/lib/objenesis-2.2.jar:/home/serenach/tooling/defects4j/framework/projects/Mockito/lib/powermock-reflect-1.2.5.jar:/home/serenach/MultiEdit_Experiments/tmp/Mockito-003/patched/compileLib/byte-buddy-0.6.8.jar:lib/junit-4.13-rc-2.jar, -Xmx1024m, -javaagent:lib/jacocoagent.jar=excludes=org.junit.*,append=false, util.JUnitTestRunner, org.mockitousage.matchers.CapturingArgumentsTest::captures_correctly_when_captor_used_on_pure_vararg_method]
OUTPUT: org.mockitousage.matchers.CapturingArgumentsTest::captures_correctly_when_captor_used_on_pure_vararg_method
Test Class: org.mockitousage.matchers.CapturingArgumentsTest::captures_correctly_when_captor_used_on_pure_vararg_method
class org.mockitousage.matchers.CapturingArgumentsTest
captures_correctly_when_captor_used_on_pure_vararg_method
Requested #: 1
[SUCCESS]:true
[TOTAL]:1
[FAILURE]:0

[]

[java, -classpath, target/classes:tmp/Mockito-003/patched/build/classes/main:tmp/Mockito-003/patched/build/classes/test:/home/serenach/MultiEdit_Experiments/tmp/Mockito-003/patched/build/classes/main:/home/serenach/tooling/defects4j/framework/projects/Mockito/lib/asm-all-5.0.4.jar:/home/serenach/tooling/defects4j/framework/projects/Mockito/lib/assertj-core-2.1.0.jar:/home/serenach/tooling/defects4j/framework/projects/Mockito/lib/cglib-and-asm-1.0.jar:/home/serenach/tooling/defects4j/framework/projects/Mockito/lib/cobertura-2.0.3.jar:/home/serenach/tooling/defects4j/framework/projects/Mockito/lib/fest-assert-1.3.jar:/home/serenach/tooling/defects4j/framework/projects/Mockito/lib/fest-util-1.1.4.jar:/home/serenach/tooling/defects4j/framework/projects/Mockito/lib/hamcrest-all-1.3.jar:/home/serenach/tooling/defects4j/framework/projects/Mockito/lib/hamcrest-core-1.1.jar:/home/serenach/tooling/defects4j/framework/projects/Mockito/lib/objenesis-2.1.jar:/home/serenach/tooling/defects4j/framework/projects/Mockito/lib/objenesis-2.2.jar:/home/serenach/tooling/defects4j/framework/projects/Mockito/lib/powermock-reflect-1.2.5.jar:/home/serenach/MultiEdit_Experiments/tmp/Mockito-003/patched/compileLib/byte-buddy-0.6.8.jar:/home/serenach/tooling/defects4j/framework/projects/lib/junit-4.11.jar:/home/serenach/MultiEdit_Experiments/tmp/Mockito-003/patched/build/classes/main:/home/serenach/MultiEdit_Experiments/tmp/Mockito-003/patched/build/classes/test:/home/serenach/tooling/defects4j/framework/projects/Mockito/lib/asm-all-5.0.4.jar:/home/serenach/tooling/defects4j/framework/projects/Mockito/lib/assertj-core-2.1.0.jar:/home/serenach/tooling/defects4j/framework/projects/Mockito/lib/cglib-and-asm-1.0.jar:/home/serenach/tooling/defects4j/framework/projects/Mockito/lib/cobertura-2.0.3.jar:/home/serenach/tooling/defects4j/framework/projects/Mockito/lib/fest-assert-1.3.jar:/home/serenach/tooling/defects4j/framework/projects/Mockito/lib/fest-util-1.1.4.jar:/home/serenach/tooling/defects4j/framework/projects/Mockito/lib/hamcrest-all-1.3.jar:/home/serenach/tooling/defects4j/framework/projects/Mockito/lib/hamcrest-core-1.1.jar:/home/serenach/tooling/defects4j/framework/projects/Mockito/lib/objenesis-2.1.jar:/home/serenach/tooling/defects4j/framework/projects/Mockito/lib/objenesis-2.2.jar:/home/serenach/tooling/defects4j/framework/projects/Mockito/lib/powermock-reflect-1.2.5.jar:/home/serenach/MultiEdit_Experiments/tmp/Mockito-003/patched/compileLib/byte-buddy-0.6.8.jar:lib/junit-4.13-rc-2.jar, -Xmx1024m, -javaagent:lib/jacocoagent.jar=excludes=org.junit.*,append=false, util.JUnitTestRunner, org.mockitousage.matchers.CapturingArgumentsTest::should_capture_byte_vararg_by_creating_captor_with_primitive_wrapper]
OUTPUT: org.mockitousage.matchers.CapturingArgumentsTest::should_capture_byte_vararg_by_creating_captor_with_primitive_wrapper
Test Class: org.mockitousage.matchers.CapturingArgumentsTest::should_capture_byte_vararg_by_creating_captor_with_primitive_wrapper
class org.mockitousage.matchers.CapturingArgumentsTest
should_capture_byte_vararg_by_creating_captor_with_primitive_wrapper
Requested #: 1
[SUCCESS]:true
[TOTAL]:1
[FAILURE]:0

[]

[java, -classpath, target/classes:tmp/Mockito-003/patched/build/classes/main:tmp/Mockito-003/patched/build/classes/test:/home/serenach/MultiEdit_Experiments/tmp/Mockito-003/patched/build/classes/main:/home/serenach/tooling/defects4j/framework/projects/Mockito/lib/asm-all-5.0.4.jar:/home/serenach/tooling/defects4j/framework/projects/Mockito/lib/assertj-core-2.1.0.jar:/home/serenach/tooling/defects4j/framework/projects/Mockito/lib/cglib-and-asm-1.0.jar:/home/serenach/tooling/defects4j/framework/projects/Mockito/lib/cobertura-2.0.3.jar:/home/serenach/tooling/defects4j/framework/projects/Mockito/lib/fest-assert-1.3.jar:/home/serenach/tooling/defects4j/framework/projects/Mockito/lib/fest-util-1.1.4.jar:/home/serenach/tooling/defects4j/framework/projects/Mockito/lib/hamcrest-all-1.3.jar:/home/serenach/tooling/defects4j/framework/projects/Mockito/lib/hamcrest-core-1.1.jar:/home/serenach/tooling/defects4j/framework/projects/Mockito/lib/objenesis-2.1.jar:/home/serenach/tooling/defects4j/framework/projects/Mockito/lib/objenesis-2.2.jar:/home/serenach/tooling/defects4j/framework/projects/Mockito/lib/powermock-reflect-1.2.5.jar:/home/serenach/MultiEdit_Experiments/tmp/Mockito-003/patched/compileLib/byte-buddy-0.6.8.jar:/home/serenach/tooling/defects4j/framework/projects/lib/junit-4.11.jar:/home/serenach/MultiEdit_Experiments/tmp/Mockito-003/patched/build/classes/main:/home/serenach/MultiEdit_Experiments/tmp/Mockito-003/patched/build/classes/test:/home/serenach/tooling/defects4j/framework/projects/Mockito/lib/asm-all-5.0.4.jar:/home/serenach/tooling/defects4j/framework/projects/Mockito/lib/assertj-core-2.1.0.jar:/home/serenach/tooling/defects4j/framework/projects/Mockito/lib/cglib-and-asm-1.0.jar:/home/serenach/tooling/defects4j/framework/projects/Mockito/lib/cobertura-2.0.3.jar:/home/serenach/tooling/defects4j/framework/projects/Mockito/lib/fest-assert-1.3.jar:/home/serenach/tooling/defects4j/framework/projects/Mockito/lib/fest-util-1.1.4.jar:/home/serenach/tooling/defects4j/framework/projects/Mockito/lib/hamcrest-all-1.3.jar:/home/serenach/tooling/defects4j/framework/projects/Mockito/lib/hamcrest-core-1.1.jar:/home/serenach/tooling/defects4j/framework/projects/Mockito/lib/objenesis-2.1.jar:/home/serenach/tooling/defects4j/framework/projects/Mockito/lib/objenesis-2.2.jar:/home/serenach/tooling/defects4j/framework/projects/Mockito/lib/powermock-reflect-1.2.5.jar:/home/serenach/MultiEdit_Experiments/tmp/Mockito-003/patched/compileLib/byte-buddy-0.6.8.jar:lib/junit-4.13-rc-2.jar, -Xmx1024m, -javaagent:lib/jacocoagent.jar=excludes=org.junit.*,append=false, util.JUnitTestRunner, org.mockitousage.matchers.CapturingArgumentsTest::should_capture_byte_vararg_by_creating_captor_with_primitive]
OUTPUT: org.mockitousage.matchers.CapturingArgumentsTest::should_capture_byte_vararg_by_creating_captor_with_primitive
Test Class: org.mockitousage.matchers.CapturingArgumentsTest::should_capture_byte_vararg_by_creating_captor_with_primitive
class org.mockitousage.matchers.CapturingArgumentsTest
should_capture_byte_vararg_by_creating_captor_with_primitive
Requested #: 1
[SUCCESS]:true
[TOTAL]:1
[FAILURE]:0

[]

[rm, -rf, tmp/Mockito-003]
[rm, -rf, tmp/Mockito-003]

src/main/bash/checkoutD4J.sh Mockito 4 tmp/Mockito-004
[java, -classpath, target/classes:tmp/Mockito-004/patched/build/classes/main:tmp/Mockito-004/patched/build/classes/test:/home/serenach/MultiEdit_Experiments/tmp/Mockito-004/patched/build/classes/main:/home/serenach/tooling/defects4j/framework/projects/Mockito/lib/asm-all-5.0.4.jar:/home/serenach/tooling/defects4j/framework/projects/Mockito/lib/assertj-core-2.1.0.jar:/home/serenach/tooling/defects4j/framework/projects/Mockito/lib/cglib-and-asm-1.0.jar:/home/serenach/tooling/defects4j/framework/projects/Mockito/lib/cobertura-2.0.3.jar:/home/serenach/tooling/defects4j/framework/projects/Mockito/lib/fest-assert-1.3.jar:/home/serenach/tooling/defects4j/framework/projects/Mockito/lib/fest-util-1.1.4.jar:/home/serenach/tooling/defects4j/framework/projects/Mockito/lib/hamcrest-all-1.3.jar:/home/serenach/tooling/defects4j/framework/projects/Mockito/lib/hamcrest-core-1.1.jar:/home/serenach/tooling/defects4j/framework/projects/Mockito/lib/objenesis-2.1.jar:/home/serenach/tooling/defects4j/framework/projects/Mockito/lib/objenesis-2.2.jar:/home/serenach/tooling/defects4j/framework/projects/Mockito/lib/powermock-reflect-1.2.5.jar:/home/serenach/tooling/defects4j/framework/projects/lib/junit-4.11.jar:/home/serenach/MultiEdit_Experiments/tmp/Mockito-004/patched/build/classes/main:/home/serenach/MultiEdit_Experiments/tmp/Mockito-004/patched/build/classes/test:/home/serenach/tooling/defects4j/framework/projects/Mockito/lib/asm-all-5.0.4.jar:/home/serenach/tooling/defects4j/framework/projects/Mockito/lib/assertj-core-2.1.0.jar:/home/serenach/tooling/defects4j/framework/projects/Mockito/lib/cglib-and-asm-1.0.jar:/home/serenach/tooling/defects4j/framework/projects/Mockito/lib/cobertura-2.0.3.jar:/home/serenach/tooling/defects4j/framework/projects/Mockito/lib/fest-assert-1.3.jar:/home/serenach/tooling/defects4j/framework/projects/Mockito/lib/fest-util-1.1.4.jar:/home/serenach/tooling/defects4j/framework/projects/Mockito/lib/hamcrest-all-1.3.jar:/home/serenach/tooling/defects4j/framework/projects/Mockito/lib/hamcrest-core-1.1.jar:/home/serenach/tooling/defects4j/framework/projects/Mockito/lib/objenesis-2.1.jar:/home/serenach/tooling/defects4j/framework/projects/Mockito/lib/objenesis-2.2.jar:/home/serenach/tooling/defects4j/framework/projects/Mockito/lib/powermock-reflect-1.2.5.jar:lib/junit-4.13-rc-2.jar, -Xmx1024m, -javaagent:lib/jacocoagent.jar=excludes=org.junit.*,append=false, util.JUnitTestRunner, org.mockito.exceptions.ReporterTest::can_use_print_mock_name_even_when_mock_bogus_default_answer_and_when_reporting_no_more_interaction_wanted_in_order]
OUTPUT: org.mockito.exceptions.ReporterTest::can_use_print_mock_name_even_when_mock_bogus_default_answer_and_when_reporting_no_more_interaction_wanted_in_order
Test Class: org.mockito.exceptions.ReporterTest::can_use_print_mock_name_even_when_mock_bogus_default_answer_and_when_reporting_no_more_interaction_wanted_in_order
class org.mockito.exceptions.ReporterTest
can_use_print_mock_name_even_when_mock_bogus_default_answer_and_when_reporting_no_more_interaction_wanted_in_order
Requested #: 1
[SUCCESS]:true
[TOTAL]:1
[FAILURE]:0

[]

[java, -classpath, target/classes:tmp/Mockito-004/patched/build/classes/main:tmp/Mockito-004/patched/build/classes/test:/home/serenach/MultiEdit_Experiments/tmp/Mockito-004/patched/build/classes/main:/home/serenach/tooling/defects4j/framework/projects/Mockito/lib/asm-all-5.0.4.jar:/home/serenach/tooling/defects4j/framework/projects/Mockito/lib/assertj-core-2.1.0.jar:/home/serenach/tooling/defects4j/framework/projects/Mockito/lib/cglib-and-asm-1.0.jar:/home/serenach/tooling/defects4j/framework/projects/Mockito/lib/cobertura-2.0.3.jar:/home/serenach/tooling/defects4j/framework/projects/Mockito/lib/fest-assert-1.3.jar:/home/serenach/tooling/defects4j/framework/projects/Mockito/lib/fest-util-1.1.4.jar:/home/serenach/tooling/defects4j/framework/projects/Mockito/lib/hamcrest-all-1.3.jar:/home/serenach/tooling/defects4j/framework/projects/Mockito/lib/hamcrest-core-1.1.jar:/home/serenach/tooling/defects4j/framework/projects/Mockito/lib/objenesis-2.1.jar:/home/serenach/tooling/defects4j/framework/projects/Mockito/lib/objenesis-2.2.jar:/home/serenach/tooling/defects4j/framework/projects/Mockito/lib/powermock-reflect-1.2.5.jar:/home/serenach/tooling/defects4j/framework/projects/lib/junit-4.11.jar:/home/serenach/MultiEdit_Experiments/tmp/Mockito-004/patched/build/classes/main:/home/serenach/MultiEdit_Experiments/tmp/Mockito-004/patched/build/classes/test:/home/serenach/tooling/defects4j/framework/projects/Mockito/lib/asm-all-5.0.4.jar:/home/serenach/tooling/defects4j/framework/projects/Mockito/lib/assertj-core-2.1.0.jar:/home/serenach/tooling/defects4j/framework/projects/Mockito/lib/cglib-and-asm-1.0.jar:/home/serenach/tooling/defects4j/framework/projects/Mockito/lib/cobertura-2.0.3.jar:/home/serenach/tooling/defects4j/framework/projects/Mockito/lib/fest-assert-1.3.jar:/home/serenach/tooling/defects4j/framework/projects/Mockito/lib/fest-util-1.1.4.jar:/home/serenach/tooling/defects4j/framework/projects/Mockito/lib/hamcrest-all-1.3.jar:/home/serenach/tooling/defects4j/framework/projects/Mockito/lib/hamcrest-core-1.1.jar:/home/serenach/tooling/defects4j/framework/projects/Mockito/lib/objenesis-2.1.jar:/home/serenach/tooling/defects4j/framework/projects/Mockito/lib/objenesis-2.2.jar:/home/serenach/tooling/defects4j/framework/projects/Mockito/lib/powermock-reflect-1.2.5.jar:lib/junit-4.13-rc-2.jar, -Xmx1024m, -javaagent:lib/jacocoagent.jar=excludes=org.junit.*,append=false, util.JUnitTestRunner, org.mockito.exceptions.ReporterTest::can_use_print_mock_name_even_when_mock_bogus_default_answer_and_when_reporting_injection_failure]
OUTPUT: org.mockito.exceptions.ReporterTest::can_use_print_mock_name_even_when_mock_bogus_default_answer_and_when_reporting_injection_failure
Test Class: org.mockito.exceptions.ReporterTest::can_use_print_mock_name_even_when_mock_bogus_default_answer_and_when_reporting_injection_failure
class org.mockito.exceptions.ReporterTest
can_use_print_mock_name_even_when_mock_bogus_default_answer_and_when_reporting_injection_failure
Requested #: 1
[SUCCESS]:true
[TOTAL]:1
[FAILURE]:0

[]

[java, -classpath, target/classes:tmp/Mockito-004/patched/build/classes/main:tmp/Mockito-004/patched/build/classes/test:/home/serenach/MultiEdit_Experiments/tmp/Mockito-004/patched/build/classes/main:/home/serenach/tooling/defects4j/framework/projects/Mockito/lib/asm-all-5.0.4.jar:/home/serenach/tooling/defects4j/framework/projects/Mockito/lib/assertj-core-2.1.0.jar:/home/serenach/tooling/defects4j/framework/projects/Mockito/lib/cglib-and-asm-1.0.jar:/home/serenach/tooling/defects4j/framework/projects/Mockito/lib/cobertura-2.0.3.jar:/home/serenach/tooling/defects4j/framework/projects/Mockito/lib/fest-assert-1.3.jar:/home/serenach/tooling/defects4j/framework/projects/Mockito/lib/fest-util-1.1.4.jar:/home/serenach/tooling/defects4j/framework/projects/Mockito/lib/hamcrest-all-1.3.jar:/home/serenach/tooling/defects4j/framework/projects/Mockito/lib/hamcrest-core-1.1.jar:/home/serenach/tooling/defects4j/framework/projects/Mockito/lib/objenesis-2.1.jar:/home/serenach/tooling/defects4j/framework/projects/Mockito/lib/objenesis-2.2.jar:/home/serenach/tooling/defects4j/framework/projects/Mockito/lib/powermock-reflect-1.2.5.jar:/home/serenach/tooling/defects4j/framework/projects/lib/junit-4.11.jar:/home/serenach/MultiEdit_Experiments/tmp/Mockito-004/patched/build/classes/main:/home/serenach/MultiEdit_Experiments/tmp/Mockito-004/patched/build/classes/test:/home/serenach/tooling/defects4j/framework/projects/Mockito/lib/asm-all-5.0.4.jar:/home/serenach/tooling/defects4j/framework/projects/Mockito/lib/assertj-core-2.1.0.jar:/home/serenach/tooling/defects4j/framework/projects/Mockito/lib/cglib-and-asm-1.0.jar:/home/serenach/tooling/defects4j/framework/projects/Mockito/lib/cobertura-2.0.3.jar:/home/serenach/tooling/defects4j/framework/projects/Mockito/lib/fest-assert-1.3.jar:/home/serenach/tooling/defects4j/framework/projects/Mockito/lib/fest-util-1.1.4.jar:/home/serenach/tooling/defects4j/framework/projects/Mockito/lib/hamcrest-all-1.3.jar:/home/serenach/tooling/defects4j/framework/projects/Mockito/lib/hamcrest-core-1.1.jar:/home/serenach/tooling/defects4j/framework/projects/Mockito/lib/objenesis-2.1.jar:/home/serenach/tooling/defects4j/framework/projects/Mockito/lib/objenesis-2.2.jar:/home/serenach/tooling/defects4j/framework/projects/Mockito/lib/powermock-reflect-1.2.5.jar:lib/junit-4.13-rc-2.jar, -Xmx1024m, -javaagent:lib/jacocoagent.jar=excludes=org.junit.*,append=false, util.JUnitTestRunner, org.mockito.exceptions.ReporterTest::can_use_mock_name_even_when_mock_bogus_default_answer_and_when_reporting_no_more_interaction_wanted]
OUTPUT: org.mockito.exceptions.ReporterTest::can_use_mock_name_even_when_mock_bogus_default_answer_and_when_reporting_no_more_interaction_wanted
Test Class: org.mockito.exceptions.ReporterTest::can_use_mock_name_even_when_mock_bogus_default_answer_and_when_reporting_no_more_interaction_wanted
class org.mockito.exceptions.ReporterTest
can_use_mock_name_even_when_mock_bogus_default_answer_and_when_reporting_no_more_interaction_wanted
Requested #: 1
[SUCCESS]:true
[TOTAL]:1
[FAILURE]:0

[]

[java, -classpath, target/classes:tmp/Mockito-004/patched/build/classes/main:tmp/Mockito-004/patched/build/classes/test:/home/serenach/MultiEdit_Experiments/tmp/Mockito-004/patched/build/classes/main:/home/serenach/tooling/defects4j/framework/projects/Mockito/lib/asm-all-5.0.4.jar:/home/serenach/tooling/defects4j/framework/projects/Mockito/lib/assertj-core-2.1.0.jar:/home/serenach/tooling/defects4j/framework/projects/Mockito/lib/cglib-and-asm-1.0.jar:/home/serenach/tooling/defects4j/framework/projects/Mockito/lib/cobertura-2.0.3.jar:/home/serenach/tooling/defects4j/framework/projects/Mockito/lib/fest-assert-1.3.jar:/home/serenach/tooling/defects4j/framework/projects/Mockito/lib/fest-util-1.1.4.jar:/home/serenach/tooling/defects4j/framework/projects/Mockito/lib/hamcrest-all-1.3.jar:/home/serenach/tooling/defects4j/framework/projects/Mockito/lib/hamcrest-core-1.1.jar:/home/serenach/tooling/defects4j/framework/projects/Mockito/lib/objenesis-2.1.jar:/home/serenach/tooling/defects4j/framework/projects/Mockito/lib/objenesis-2.2.jar:/home/serenach/tooling/defects4j/framework/projects/Mockito/lib/powermock-reflect-1.2.5.jar:/home/serenach/tooling/defects4j/framework/projects/lib/junit-4.11.jar:/home/serenach/MultiEdit_Experiments/tmp/Mockito-004/patched/build/classes/main:/home/serenach/MultiEdit_Experiments/tmp/Mockito-004/patched/build/classes/test:/home/serenach/tooling/defects4j/framework/projects/Mockito/lib/asm-all-5.0.4.jar:/home/serenach/tooling/defects4j/framework/projects/Mockito/lib/assertj-core-2.1.0.jar:/home/serenach/tooling/defects4j/framework/projects/Mockito/lib/cglib-and-asm-1.0.jar:/home/serenach/tooling/defects4j/framework/projects/Mockito/lib/cobertura-2.0.3.jar:/home/serenach/tooling/defects4j/framework/projects/Mockito/lib/fest-assert-1.3.jar:/home/serenach/tooling/defects4j/framework/projects/Mockito/lib/fest-util-1.1.4.jar:/home/serenach/tooling/defects4j/framework/projects/Mockito/lib/hamcrest-all-1.3.jar:/home/serenach/tooling/defects4j/framework/projects/Mockito/lib/hamcrest-core-1.1.jar:/home/serenach/tooling/defects4j/framework/projects/Mockito/lib/objenesis-2.1.jar:/home/serenach/tooling/defects4j/framework/projects/Mockito/lib/objenesis-2.2.jar:/home/serenach/tooling/defects4j/framework/projects/Mockito/lib/powermock-reflect-1.2.5.jar:lib/junit-4.13-rc-2.jar, -Xmx1024m, -javaagent:lib/jacocoagent.jar=excludes=org.junit.*,append=false, util.JUnitTestRunner, org.mockitousage.bugs.ClassCastExOnVerifyZeroInteractionsTest::should_not_throw_a_ClassCastException]
OUTPUT: org.mockitousage.bugs.ClassCastExOnVerifyZeroInteractionsTest::should_not_throw_a_ClassCastException
Test Class: org.mockitousage.bugs.ClassCastExOnVerifyZeroInteractionsTest::should_not_throw_a_ClassCastException
class org.mockitousage.bugs.ClassCastExOnVerifyZeroInteractionsTest
should_not_throw_a_ClassCastException
Requested #: 1
[SUCCESS]:true
[TOTAL]:1
[FAILURE]:0

[]

[rm, -rf, tmp/Mockito-004]
[rm, -rf, tmp/Mockito-004]

src/main/bash/checkoutD4J.sh Mockito 11 tmp/Mockito-011
[java, -classpath, target/classes:tmp/Mockito-011/patched/build/classes/main:tmp/Mockito-011/patched/build/classes/test:/home/serenach/MultiEdit_Experiments/tmp/Mockito-011/patched/build/classes/main:/home/serenach/tooling/defects4j/framework/projects/Mockito/lib/asm-all-5.0.4.jar:/home/serenach/tooling/defects4j/framework/projects/Mockito/lib/assertj-core-2.1.0.jar:/home/serenach/tooling/defects4j/framework/projects/Mockito/lib/cglib-and-asm-1.0.jar:/home/serenach/tooling/defects4j/framework/projects/Mockito/lib/cobertura-2.0.3.jar:/home/serenach/tooling/defects4j/framework/projects/Mockito/lib/fest-assert-1.3.jar:/home/serenach/tooling/defects4j/framework/projects/Mockito/lib/fest-util-1.1.4.jar:/home/serenach/tooling/defects4j/framework/projects/Mockito/lib/hamcrest-all-1.3.jar:/home/serenach/tooling/defects4j/framework/projects/Mockito/lib/hamcrest-core-1.1.jar:/home/serenach/tooling/defects4j/framework/projects/Mockito/lib/objenesis-2.1.jar:/home/serenach/tooling/defects4j/framework/projects/Mockito/lib/objenesis-2.2.jar:/home/serenach/tooling/defects4j/framework/projects/Mockito/lib/powermock-reflect-1.2.5.jar:/home/serenach/tooling/defects4j/framework/projects/lib/junit-4.11.jar:/home/serenach/MultiEdit_Experiments/tmp/Mockito-011/patched/build/classes/main:/home/serenach/MultiEdit_Experiments/tmp/Mockito-011/patched/build/classes/test:/home/serenach/tooling/defects4j/framework/projects/Mockito/lib/asm-all-5.0.4.jar:/home/serenach/tooling/defects4j/framework/projects/Mockito/lib/assertj-core-2.1.0.jar:/home/serenach/tooling/defects4j/framework/projects/Mockito/lib/cglib-and-asm-1.0.jar:/home/serenach/tooling/defects4j/framework/projects/Mockito/lib/cobertura-2.0.3.jar:/home/serenach/tooling/defects4j/framework/projects/Mockito/lib/fest-assert-1.3.jar:/home/serenach/tooling/defects4j/framework/projects/Mockito/lib/fest-util-1.1.4.jar:/home/serenach/tooling/defects4j/framework/projects/Mockito/lib/hamcrest-all-1.3.jar:/home/serenach/tooling/defects4j/framework/projects/Mockito/lib/hamcrest-core-1.1.jar:/home/serenach/tooling/defects4j/framework/projects/Mockito/lib/objenesis-2.1.jar:/home/serenach/tooling/defects4j/framework/projects/Mockito/lib/objenesis-2.2.jar:/home/serenach/tooling/defects4j/framework/projects/Mockito/lib/powermock-reflect-1.2.5.jar:lib/junit-4.13-rc-2.jar, -Xmx1024m, -javaagent:lib/jacocoagent.jar=excludes=org.junit.*,append=false, util.JUnitTestRunner, org.mockito.internal.creation.DelegatingMethodTest::equals_should_return_true_when_equal]
OUTPUT: org.mockito.internal.creation.DelegatingMethodTest::equals_should_return_true_when_equal
Test Class: org.mockito.internal.creation.DelegatingMethodTest::equals_should_return_true_when_equal
class org.mockito.internal.creation.DelegatingMethodTest
equals_should_return_true_when_equal
Requested #: 1
[SUCCESS]:true
[TOTAL]:1
[FAILURE]:0

[]

[java, -classpath, target/classes:tmp/Mockito-011/patched/build/classes/main:tmp/Mockito-011/patched/build/classes/test:/home/serenach/MultiEdit_Experiments/tmp/Mockito-011/patched/build/classes/main:/home/serenach/tooling/defects4j/framework/projects/Mockito/lib/asm-all-5.0.4.jar:/home/serenach/tooling/defects4j/framework/projects/Mockito/lib/assertj-core-2.1.0.jar:/home/serenach/tooling/defects4j/framework/projects/Mockito/lib/cglib-and-asm-1.0.jar:/home/serenach/tooling/defects4j/framework/projects/Mockito/lib/cobertura-2.0.3.jar:/home/serenach/tooling/defects4j/framework/projects/Mockito/lib/fest-assert-1.3.jar:/home/serenach/tooling/defects4j/framework/projects/Mockito/lib/fest-util-1.1.4.jar:/home/serenach/tooling/defects4j/framework/projects/Mockito/lib/hamcrest-all-1.3.jar:/home/serenach/tooling/defects4j/framework/projects/Mockito/lib/hamcrest-core-1.1.jar:/home/serenach/tooling/defects4j/framework/projects/Mockito/lib/objenesis-2.1.jar:/home/serenach/tooling/defects4j/framework/projects/Mockito/lib/objenesis-2.2.jar:/home/serenach/tooling/defects4j/framework/projects/Mockito/lib/powermock-reflect-1.2.5.jar:/home/serenach/tooling/defects4j/framework/projects/lib/junit-4.11.jar:/home/serenach/MultiEdit_Experiments/tmp/Mockito-011/patched/build/classes/main:/home/serenach/MultiEdit_Experiments/tmp/Mockito-011/patched/build/classes/test:/home/serenach/tooling/defects4j/framework/projects/Mockito/lib/asm-all-5.0.4.jar:/home/serenach/tooling/defects4j/framework/projects/Mockito/lib/assertj-core-2.1.0.jar:/home/serenach/tooling/defects4j/framework/projects/Mockito/lib/cglib-and-asm-1.0.jar:/home/serenach/tooling/defects4j/framework/projects/Mockito/lib/cobertura-2.0.3.jar:/home/serenach/tooling/defects4j/framework/projects/Mockito/lib/fest-assert-1.3.jar:/home/serenach/tooling/defects4j/framework/projects/Mockito/lib/fest-util-1.1.4.jar:/home/serenach/tooling/defects4j/framework/projects/Mockito/lib/hamcrest-all-1.3.jar:/home/serenach/tooling/defects4j/framework/projects/Mockito/lib/hamcrest-core-1.1.jar:/home/serenach/tooling/defects4j/framework/projects/Mockito/lib/objenesis-2.1.jar:/home/serenach/tooling/defects4j/framework/projects/Mockito/lib/objenesis-2.2.jar:/home/serenach/tooling/defects4j/framework/projects/Mockito/lib/powermock-reflect-1.2.5.jar:lib/junit-4.13-rc-2.jar, -Xmx1024m, -javaagent:lib/jacocoagent.jar=excludes=org.junit.*,append=false, util.JUnitTestRunner, org.mockito.internal.creation.DelegatingMethodTest::equals_should_return_true_when_self]
OUTPUT: org.mockito.internal.creation.DelegatingMethodTest::equals_should_return_true_when_self
Test Class: org.mockito.internal.creation.DelegatingMethodTest::equals_should_return_true_when_self
class org.mockito.internal.creation.DelegatingMethodTest
equals_should_return_true_when_self
Requested #: 1
[SUCCESS]:true
[TOTAL]:1
[FAILURE]:0

[]

[rm, -rf, tmp/Mockito-011]
[rm, -rf, tmp/Mockito-011]

src/main/bash/checkoutD4J.sh Mockito 20 tmp/Mockito-020
[java, -classpath, target/classes:tmp/Mockito-020/patched/build/classes/main:tmp/Mockito-020/patched/build/classes/test:/home/serenach/MultiEdit_Experiments/tmp/Mockito-020/patched/build/classes/main:/home/serenach/tooling/defects4j/framework/projects/Mockito/lib/asm-all-5.0.4.jar:/home/serenach/tooling/defects4j/framework/projects/Mockito/lib/assertj-core-2.1.0.jar:/home/serenach/tooling/defects4j/framework/projects/Mockito/lib/cglib-and-asm-1.0.jar:/home/serenach/tooling/defects4j/framework/projects/Mockito/lib/cobertura-2.0.3.jar:/home/serenach/tooling/defects4j/framework/projects/Mockito/lib/fest-assert-1.3.jar:/home/serenach/tooling/defects4j/framework/projects/Mockito/lib/fest-util-1.1.4.jar:/home/serenach/tooling/defects4j/framework/projects/Mockito/lib/hamcrest-all-1.3.jar:/home/serenach/tooling/defects4j/framework/projects/Mockito/lib/hamcrest-core-1.1.jar:/home/serenach/tooling/defects4j/framework/projects/Mockito/lib/objenesis-2.1.jar:/home/serenach/tooling/defects4j/framework/projects/Mockito/lib/objenesis-2.2.jar:/home/serenach/tooling/defects4j/framework/projects/Mockito/lib/powermock-reflect-1.2.5.jar:/home/serenach/MultiEdit_Experiments/tmp/Mockito-020/patched/compileLib/byte-buddy-0.2.1.jar:/home/serenach/tooling/defects4j/framework/projects/lib/junit-4.11.jar:/home/serenach/MultiEdit_Experiments/tmp/Mockito-020/patched/build/classes/main:/home/serenach/MultiEdit_Experiments/tmp/Mockito-020/patched/build/classes/test:/home/serenach/tooling/defects4j/framework/projects/Mockito/lib/asm-all-5.0.4.jar:/home/serenach/tooling/defects4j/framework/projects/Mockito/lib/assertj-core-2.1.0.jar:/home/serenach/tooling/defects4j/framework/projects/Mockito/lib/cglib-and-asm-1.0.jar:/home/serenach/tooling/defects4j/framework/projects/Mockito/lib/cobertura-2.0.3.jar:/home/serenach/tooling/defects4j/framework/projects/Mockito/lib/fest-assert-1.3.jar:/home/serenach/tooling/defects4j/framework/projects/Mockito/lib/fest-util-1.1.4.jar:/home/serenach/tooling/defects4j/framework/projects/Mockito/lib/hamcrest-all-1.3.jar:/home/serenach/tooling/defects4j/framework/projects/Mockito/lib/hamcrest-core-1.1.jar:/home/serenach/tooling/defects4j/framework/projects/Mockito/lib/objenesis-2.1.jar:/home/serenach/tooling/defects4j/framework/projects/Mockito/lib/objenesis-2.2.jar:/home/serenach/tooling/defects4j/framework/projects/Mockito/lib/powermock-reflect-1.2.5.jar:/home/serenach/MultiEdit_Experiments/tmp/Mockito-020/patched/compileLib/byte-buddy-0.2.1.jar:lib/junit-4.13-rc-2.jar, -Xmx1024m, -javaagent:lib/jacocoagent.jar=excludes=org.junit.*,append=false, util.JUnitTestRunner, org.mockitousage.annotation.SpyAnnotationTest::should_spy_inner_class]
OUTPUT: org.mockitousage.annotation.SpyAnnotationTest::should_spy_inner_class
Test Class: org.mockitousage.annotation.SpyAnnotationTest::should_spy_inner_class
class org.mockitousage.annotation.SpyAnnotationTest
should_spy_inner_class
Requested #: 1
[SUCCESS]:true
[TOTAL]:1
[FAILURE]:0

[]

[java, -classpath, target/classes:tmp/Mockito-020/patched/build/classes/main:tmp/Mockito-020/patched/build/classes/test:/home/serenach/MultiEdit_Experiments/tmp/Mockito-020/patched/build/classes/main:/home/serenach/tooling/defects4j/framework/projects/Mockito/lib/asm-all-5.0.4.jar:/home/serenach/tooling/defects4j/framework/projects/Mockito/lib/assertj-core-2.1.0.jar:/home/serenach/tooling/defects4j/framework/projects/Mockito/lib/cglib-and-asm-1.0.jar:/home/serenach/tooling/defects4j/framework/projects/Mockito/lib/cobertura-2.0.3.jar:/home/serenach/tooling/defects4j/framework/projects/Mockito/lib/fest-assert-1.3.jar:/home/serenach/tooling/defects4j/framework/projects/Mockito/lib/fest-util-1.1.4.jar:/home/serenach/tooling/defects4j/framework/projects/Mockito/lib/hamcrest-all-1.3.jar:/home/serenach/tooling/defects4j/framework/projects/Mockito/lib/hamcrest-core-1.1.jar:/home/serenach/tooling/defects4j/framework/projects/Mockito/lib/objenesis-2.1.jar:/home/serenach/tooling/defects4j/framework/projects/Mockito/lib/objenesis-2.2.jar:/home/serenach/tooling/defects4j/framework/projects/Mockito/lib/powermock-reflect-1.2.5.jar:/home/serenach/MultiEdit_Experiments/tmp/Mockito-020/patched/compileLib/byte-buddy-0.2.1.jar:/home/serenach/tooling/defects4j/framework/projects/lib/junit-4.11.jar:/home/serenach/MultiEdit_Experiments/tmp/Mockito-020/patched/build/classes/main:/home/serenach/MultiEdit_Experiments/tmp/Mockito-020/patched/build/classes/test:/home/serenach/tooling/defects4j/framework/projects/Mockito/lib/asm-all-5.0.4.jar:/home/serenach/tooling/defects4j/framework/projects/Mockito/lib/assertj-core-2.1.0.jar:/home/serenach/tooling/defects4j/framework/projects/Mockito/lib/cglib-and-asm-1.0.jar:/home/serenach/tooling/defects4j/framework/projects/Mockito/lib/cobertura-2.0.3.jar:/home/serenach/tooling/defects4j/framework/projects/Mockito/lib/fest-assert-1.3.jar:/home/serenach/tooling/defects4j/framework/projects/Mockito/lib/fest-util-1.1.4.jar:/home/serenach/tooling/defects4j/framework/projects/Mockito/lib/hamcrest-all-1.3.jar:/home/serenach/tooling/defects4j/framework/projects/Mockito/lib/hamcrest-core-1.1.jar:/home/serenach/tooling/defects4j/framework/projects/Mockito/lib/objenesis-2.1.jar:/home/serenach/tooling/defects4j/framework/projects/Mockito/lib/objenesis-2.2.jar:/home/serenach/tooling/defects4j/framework/projects/Mockito/lib/powermock-reflect-1.2.5.jar:/home/serenach/MultiEdit_Experiments/tmp/Mockito-020/patched/compileLib/byte-buddy-0.2.1.jar:lib/junit-4.13-rc-2.jar, -Xmx1024m, -javaagent:lib/jacocoagent.jar=excludes=org.junit.*,append=false, util.JUnitTestRunner, org.mockitousage.annotation.SpyAnnotationTest::should_report_when_constructor_is_explosive]
OUTPUT: org.mockitousage.annotation.SpyAnnotationTest::should_report_when_constructor_is_explosive
Test Class: org.mockitousage.annotation.SpyAnnotationTest::should_report_when_constructor_is_explosive
class org.mockitousage.annotation.SpyAnnotationTest
should_report_when_constructor_is_explosive
Requested #: 1
[SUCCESS]:true
[TOTAL]:1
[FAILURE]:0

[]

[java, -classpath, target/classes:tmp/Mockito-020/patched/build/classes/main:tmp/Mockito-020/patched/build/classes/test:/home/serenach/MultiEdit_Experiments/tmp/Mockito-020/patched/build/classes/main:/home/serenach/tooling/defects4j/framework/projects/Mockito/lib/asm-all-5.0.4.jar:/home/serenach/tooling/defects4j/framework/projects/Mockito/lib/assertj-core-2.1.0.jar:/home/serenach/tooling/defects4j/framework/projects/Mockito/lib/cglib-and-asm-1.0.jar:/home/serenach/tooling/defects4j/framework/projects/Mockito/lib/cobertura-2.0.3.jar:/home/serenach/tooling/defects4j/framework/projects/Mockito/lib/fest-assert-1.3.jar:/home/serenach/tooling/defects4j/framework/projects/Mockito/lib/fest-util-1.1.4.jar:/home/serenach/tooling/defects4j/framework/projects/Mockito/lib/hamcrest-all-1.3.jar:/home/serenach/tooling/defects4j/framework/projects/Mockito/lib/hamcrest-core-1.1.jar:/home/serenach/tooling/defects4j/framework/projects/Mockito/lib/objenesis-2.1.jar:/home/serenach/tooling/defects4j/framework/projects/Mockito/lib/objenesis-2.2.jar:/home/serenach/tooling/defects4j/framework/projects/Mockito/lib/powermock-reflect-1.2.5.jar:/home/serenach/MultiEdit_Experiments/tmp/Mockito-020/patched/compileLib/byte-buddy-0.2.1.jar:/home/serenach/tooling/defects4j/framework/projects/lib/junit-4.11.jar:/home/serenach/MultiEdit_Experiments/tmp/Mockito-020/patched/build/classes/main:/home/serenach/MultiEdit_Experiments/tmp/Mockito-020/patched/build/classes/test:/home/serenach/tooling/defects4j/framework/projects/Mockito/lib/asm-all-5.0.4.jar:/home/serenach/tooling/defects4j/framework/projects/Mockito/lib/assertj-core-2.1.0.jar:/home/serenach/tooling/defects4j/framework/projects/Mockito/lib/cglib-and-asm-1.0.jar:/home/serenach/tooling/defects4j/framework/projects/Mockito/lib/cobertura-2.0.3.jar:/home/serenach/tooling/defects4j/framework/projects/Mockito/lib/fest-assert-1.3.jar:/home/serenach/tooling/defects4j/framework/projects/Mockito/lib/fest-util-1.1.4.jar:/home/serenach/tooling/defects4j/framework/projects/Mockito/lib/hamcrest-all-1.3.jar:/home/serenach/tooling/defects4j/framework/projects/Mockito/lib/hamcrest-core-1.1.jar:/home/serenach/tooling/defects4j/framework/projects/Mockito/lib/objenesis-2.1.jar:/home/serenach/tooling/defects4j/framework/projects/Mockito/lib/objenesis-2.2.jar:/home/serenach/tooling/defects4j/framework/projects/Mockito/lib/powermock-reflect-1.2.5.jar:/home/serenach/MultiEdit_Experiments/tmp/Mockito-020/patched/compileLib/byte-buddy-0.2.1.jar:lib/junit-4.13-rc-2.jar, -Xmx1024m, -javaagent:lib/jacocoagent.jar=excludes=org.junit.*,append=false, util.JUnitTestRunner, org.mockitousage.constructor.CreatingMocksWithConstructorTest::can_spy_abstract_classes]
OUTPUT: org.mockitousage.constructor.CreatingMocksWithConstructorTest::can_spy_abstract_classes
Test Class: org.mockitousage.constructor.CreatingMocksWithConstructorTest::can_spy_abstract_classes
class org.mockitousage.constructor.CreatingMocksWithConstructorTest
can_spy_abstract_classes
Requested #: 1
[SUCCESS]:true
[TOTAL]:1
[FAILURE]:0

[]

[java, -classpath, target/classes:tmp/Mockito-020/patched/build/classes/main:tmp/Mockito-020/patched/build/classes/test:/home/serenach/MultiEdit_Experiments/tmp/Mockito-020/patched/build/classes/main:/home/serenach/tooling/defects4j/framework/projects/Mockito/lib/asm-all-5.0.4.jar:/home/serenach/tooling/defects4j/framework/projects/Mockito/lib/assertj-core-2.1.0.jar:/home/serenach/tooling/defects4j/framework/projects/Mockito/lib/cglib-and-asm-1.0.jar:/home/serenach/tooling/defects4j/framework/projects/Mockito/lib/cobertura-2.0.3.jar:/home/serenach/tooling/defects4j/framework/projects/Mockito/lib/fest-assert-1.3.jar:/home/serenach/tooling/defects4j/framework/projects/Mockito/lib/fest-util-1.1.4.jar:/home/serenach/tooling/defects4j/framework/projects/Mockito/lib/hamcrest-all-1.3.jar:/home/serenach/tooling/defects4j/framework/projects/Mockito/lib/hamcrest-core-1.1.jar:/home/serenach/tooling/defects4j/framework/projects/Mockito/lib/objenesis-2.1.jar:/home/serenach/tooling/defects4j/framework/projects/Mockito/lib/objenesis-2.2.jar:/home/serenach/tooling/defects4j/framework/projects/Mockito/lib/powermock-reflect-1.2.5.jar:/home/serenach/MultiEdit_Experiments/tmp/Mockito-020/patched/compileLib/byte-buddy-0.2.1.jar:/home/serenach/tooling/defects4j/framework/projects/lib/junit-4.11.jar:/home/serenach/MultiEdit_Experiments/tmp/Mockito-020/patched/build/classes/main:/home/serenach/MultiEdit_Experiments/tmp/Mockito-020/patched/build/classes/test:/home/serenach/tooling/defects4j/framework/projects/Mockito/lib/asm-all-5.0.4.jar:/home/serenach/tooling/defects4j/framework/projects/Mockito/lib/assertj-core-2.1.0.jar:/home/serenach/tooling/defects4j/framework/projects/Mockito/lib/cglib-and-asm-1.0.jar:/home/serenach/tooling/defects4j/framework/projects/Mockito/lib/cobertura-2.0.3.jar:/home/serenach/tooling/defects4j/framework/projects/Mockito/lib/fest-assert-1.3.jar:/home/serenach/tooling/defects4j/framework/projects/Mockito/lib/fest-util-1.1.4.jar:/home/serenach/tooling/defects4j/framework/projects/Mockito/lib/hamcrest-all-1.3.jar:/home/serenach/tooling/defects4j/framework/projects/Mockito/lib/hamcrest-core-1.1.jar:/home/serenach/tooling/defects4j/framework/projects/Mockito/lib/objenesis-2.1.jar:/home/serenach/tooling/defects4j/framework/projects/Mockito/lib/objenesis-2.2.jar:/home/serenach/tooling/defects4j/framework/projects/Mockito/lib/powermock-reflect-1.2.5.jar:/home/serenach/MultiEdit_Experiments/tmp/Mockito-020/patched/compileLib/byte-buddy-0.2.1.jar:lib/junit-4.13-rc-2.jar, -Xmx1024m, -javaagent:lib/jacocoagent.jar=excludes=org.junit.*,append=false, util.JUnitTestRunner, org.mockitousage.constructor.CreatingMocksWithConstructorTest::exception_message_when_constructor_not_found]
OUTPUT: org.mockitousage.constructor.CreatingMocksWithConstructorTest::exception_message_when_constructor_not_found
Test Class: org.mockitousage.constructor.CreatingMocksWithConstructorTest::exception_message_when_constructor_not_found
class org.mockitousage.constructor.CreatingMocksWithConstructorTest
exception_message_when_constructor_not_found
Requested #: 1
[SUCCESS]:true
[TOTAL]:1
[FAILURE]:0

[]

[java, -classpath, target/classes:tmp/Mockito-020/patched/build/classes/main:tmp/Mockito-020/patched/build/classes/test:/home/serenach/MultiEdit_Experiments/tmp/Mockito-020/patched/build/classes/main:/home/serenach/tooling/defects4j/framework/projects/Mockito/lib/asm-all-5.0.4.jar:/home/serenach/tooling/defects4j/framework/projects/Mockito/lib/assertj-core-2.1.0.jar:/home/serenach/tooling/defects4j/framework/projects/Mockito/lib/cglib-and-asm-1.0.jar:/home/serenach/tooling/defects4j/framework/projects/Mockito/lib/cobertura-2.0.3.jar:/home/serenach/tooling/defects4j/framework/projects/Mockito/lib/fest-assert-1.3.jar:/home/serenach/tooling/defects4j/framework/projects/Mockito/lib/fest-util-1.1.4.jar:/home/serenach/tooling/defects4j/framework/projects/Mockito/lib/hamcrest-all-1.3.jar:/home/serenach/tooling/defects4j/framework/projects/Mockito/lib/hamcrest-core-1.1.jar:/home/serenach/tooling/defects4j/framework/projects/Mockito/lib/objenesis-2.1.jar:/home/serenach/tooling/defects4j/framework/projects/Mockito/lib/objenesis-2.2.jar:/home/serenach/tooling/defects4j/framework/projects/Mockito/lib/powermock-reflect-1.2.5.jar:/home/serenach/MultiEdit_Experiments/tmp/Mockito-020/patched/compileLib/byte-buddy-0.2.1.jar:/home/serenach/tooling/defects4j/framework/projects/lib/junit-4.11.jar:/home/serenach/MultiEdit_Experiments/tmp/Mockito-020/patched/build/classes/main:/home/serenach/MultiEdit_Experiments/tmp/Mockito-020/patched/build/classes/test:/home/serenach/tooling/defects4j/framework/projects/Mockito/lib/asm-all-5.0.4.jar:/home/serenach/tooling/defects4j/framework/projects/Mockito/lib/assertj-core-2.1.0.jar:/home/serenach/tooling/defects4j/framework/projects/Mockito/lib/cglib-and-asm-1.0.jar:/home/serenach/tooling/defects4j/framework/projects/Mockito/lib/cobertura-2.0.3.jar:/home/serenach/tooling/defects4j/framework/projects/Mockito/lib/fest-assert-1.3.jar:/home/serenach/tooling/defects4j/framework/projects/Mockito/lib/fest-util-1.1.4.jar:/home/serenach/tooling/defects4j/framework/projects/Mockito/lib/hamcrest-all-1.3.jar:/home/serenach/tooling/defects4j/framework/projects/Mockito/lib/hamcrest-core-1.1.jar:/home/serenach/tooling/defects4j/framework/projects/Mockito/lib/objenesis-2.1.jar:/home/serenach/tooling/defects4j/framework/projects/Mockito/lib/objenesis-2.2.jar:/home/serenach/tooling/defects4j/framework/projects/Mockito/lib/powermock-reflect-1.2.5.jar:/home/serenach/MultiEdit_Experiments/tmp/Mockito-020/patched/compileLib/byte-buddy-0.2.1.jar:lib/junit-4.13-rc-2.jar, -Xmx1024m, -javaagent:lib/jacocoagent.jar=excludes=org.junit.*,append=false, util.JUnitTestRunner, org.mockitousage.constructor.CreatingMocksWithConstructorTest::can_create_mock_with_constructor]
OUTPUT: org.mockitousage.constructor.CreatingMocksWithConstructorTest::can_create_mock_with_constructor
Test Class: org.mockitousage.constructor.CreatingMocksWithConstructorTest::can_create_mock_with_constructor
class org.mockitousage.constructor.CreatingMocksWithConstructorTest
can_create_mock_with_constructor
Requested #: 1
[SUCCESS]:true
[TOTAL]:1
[FAILURE]:0

[]

[java, -classpath, target/classes:tmp/Mockito-020/patched/build/classes/main:tmp/Mockito-020/patched/build/classes/test:/home/serenach/MultiEdit_Experiments/tmp/Mockito-020/patched/build/classes/main:/home/serenach/tooling/defects4j/framework/projects/Mockito/lib/asm-all-5.0.4.jar:/home/serenach/tooling/defects4j/framework/projects/Mockito/lib/assertj-core-2.1.0.jar:/home/serenach/tooling/defects4j/framework/projects/Mockito/lib/cglib-and-asm-1.0.jar:/home/serenach/tooling/defects4j/framework/projects/Mockito/lib/cobertura-2.0.3.jar:/home/serenach/tooling/defects4j/framework/projects/Mockito/lib/fest-assert-1.3.jar:/home/serenach/tooling/defects4j/framework/projects/Mockito/lib/fest-util-1.1.4.jar:/home/serenach/tooling/defects4j/framework/projects/Mockito/lib/hamcrest-all-1.3.jar:/home/serenach/tooling/defects4j/framework/projects/Mockito/lib/hamcrest-core-1.1.jar:/home/serenach/tooling/defects4j/framework/projects/Mockito/lib/objenesis-2.1.jar:/home/serenach/tooling/defects4j/framework/projects/Mockito/lib/objenesis-2.2.jar:/home/serenach/tooling/defects4j/framework/projects/Mockito/lib/powermock-reflect-1.2.5.jar:/home/serenach/MultiEdit_Experiments/tmp/Mockito-020/patched/compileLib/byte-buddy-0.2.1.jar:/home/serenach/tooling/defects4j/framework/projects/lib/junit-4.11.jar:/home/serenach/MultiEdit_Experiments/tmp/Mockito-020/patched/build/classes/main:/home/serenach/MultiEdit_Experiments/tmp/Mockito-020/patched/build/classes/test:/home/serenach/tooling/defects4j/framework/projects/Mockito/lib/asm-all-5.0.4.jar:/home/serenach/tooling/defects4j/framework/projects/Mockito/lib/assertj-core-2.1.0.jar:/home/serenach/tooling/defects4j/framework/projects/Mockito/lib/cglib-and-asm-1.0.jar:/home/serenach/tooling/defects4j/framework/projects/Mockito/lib/cobertura-2.0.3.jar:/home/serenach/tooling/defects4j/framework/projects/Mockito/lib/fest-assert-1.3.jar:/home/serenach/tooling/defects4j/framework/projects/Mockito/lib/fest-util-1.1.4.jar:/home/serenach/tooling/defects4j/framework/projects/Mockito/lib/hamcrest-all-1.3.jar:/home/serenach/tooling/defects4j/framework/projects/Mockito/lib/hamcrest-core-1.1.jar:/home/serenach/tooling/defects4j/framework/projects/Mockito/lib/objenesis-2.1.jar:/home/serenach/tooling/defects4j/framework/projects/Mockito/lib/objenesis-2.2.jar:/home/serenach/tooling/defects4j/framework/projects/Mockito/lib/powermock-reflect-1.2.5.jar:/home/serenach/MultiEdit_Experiments/tmp/Mockito-020/patched/compileLib/byte-buddy-0.2.1.jar:lib/junit-4.13-rc-2.jar, -Xmx1024m, -javaagent:lib/jacocoagent.jar=excludes=org.junit.*,append=false, util.JUnitTestRunner, org.mockitousage.constructor.CreatingMocksWithConstructorTest::can_mock_inner_classes]
OUTPUT: org.mockitousage.constructor.CreatingMocksWithConstructorTest::can_mock_inner_classes
Test Class: org.mockitousage.constructor.CreatingMocksWithConstructorTest::can_mock_inner_classes
class org.mockitousage.constructor.CreatingMocksWithConstructorTest
can_mock_inner_classes
Requested #: 1
[SUCCESS]:true
[TOTAL]:1
[FAILURE]:0

[]

[java, -classpath, target/classes:tmp/Mockito-020/patched/build/classes/main:tmp/Mockito-020/patched/build/classes/test:/home/serenach/MultiEdit_Experiments/tmp/Mockito-020/patched/build/classes/main:/home/serenach/tooling/defects4j/framework/projects/Mockito/lib/asm-all-5.0.4.jar:/home/serenach/tooling/defects4j/framework/projects/Mockito/lib/assertj-core-2.1.0.jar:/home/serenach/tooling/defects4j/framework/projects/Mockito/lib/cglib-and-asm-1.0.jar:/home/serenach/tooling/defects4j/framework/projects/Mockito/lib/cobertura-2.0.3.jar:/home/serenach/tooling/defects4j/framework/projects/Mockito/lib/fest-assert-1.3.jar:/home/serenach/tooling/defects4j/framework/projects/Mockito/lib/fest-util-1.1.4.jar:/home/serenach/tooling/defects4j/framework/projects/Mockito/lib/hamcrest-all-1.3.jar:/home/serenach/tooling/defects4j/framework/projects/Mockito/lib/hamcrest-core-1.1.jar:/home/serenach/tooling/defects4j/framework/projects/Mockito/lib/objenesis-2.1.jar:/home/serenach/tooling/defects4j/framework/projects/Mockito/lib/objenesis-2.2.jar:/home/serenach/tooling/defects4j/framework/projects/Mockito/lib/powermock-reflect-1.2.5.jar:/home/serenach/MultiEdit_Experiments/tmp/Mockito-020/patched/compileLib/byte-buddy-0.2.1.jar:/home/serenach/tooling/defects4j/framework/projects/lib/junit-4.11.jar:/home/serenach/MultiEdit_Experiments/tmp/Mockito-020/patched/build/classes/main:/home/serenach/MultiEdit_Experiments/tmp/Mockito-020/patched/build/classes/test:/home/serenach/tooling/defects4j/framework/projects/Mockito/lib/asm-all-5.0.4.jar:/home/serenach/tooling/defects4j/framework/projects/Mockito/lib/assertj-core-2.1.0.jar:/home/serenach/tooling/defects4j/framework/projects/Mockito/lib/cglib-and-asm-1.0.jar:/home/serenach/tooling/defects4j/framework/projects/Mockito/lib/cobertura-2.0.3.jar:/home/serenach/tooling/defects4j/framework/projects/Mockito/lib/fest-assert-1.3.jar:/home/serenach/tooling/defects4j/framework/projects/Mockito/lib/fest-util-1.1.4.jar:/home/serenach/tooling/defects4j/framework/projects/Mockito/lib/hamcrest-all-1.3.jar:/home/serenach/tooling/defects4j/framework/projects/Mockito/lib/hamcrest-core-1.1.jar:/home/serenach/tooling/defects4j/framework/projects/Mockito/lib/objenesis-2.1.jar:/home/serenach/tooling/defects4j/framework/projects/Mockito/lib/objenesis-2.2.jar:/home/serenach/tooling/defects4j/framework/projects/Mockito/lib/powermock-reflect-1.2.5.jar:/home/serenach/MultiEdit_Experiments/tmp/Mockito-020/patched/compileLib/byte-buddy-0.2.1.jar:lib/junit-4.13-rc-2.jar, -Xmx1024m, -javaagent:lib/jacocoagent.jar=excludes=org.junit.*,append=false, util.JUnitTestRunner, org.mockitousage.constructor.CreatingMocksWithConstructorTest::mocking_inner_classes_with_wrong_outer_instance]
OUTPUT: org.mockitousage.constructor.CreatingMocksWithConstructorTest::mocking_inner_classes_with_wrong_outer_instance
Test Class: org.mockitousage.constructor.CreatingMocksWithConstructorTest::mocking_inner_classes_with_wrong_outer_instance
class org.mockitousage.constructor.CreatingMocksWithConstructorTest
mocking_inner_classes_with_wrong_outer_instance
Requested #: 1
[SUCCESS]:true
[TOTAL]:1
[FAILURE]:0

[]

[java, -classpath, target/classes:tmp/Mockito-020/patched/build/classes/main:tmp/Mockito-020/patched/build/classes/test:/home/serenach/MultiEdit_Experiments/tmp/Mockito-020/patched/build/classes/main:/home/serenach/tooling/defects4j/framework/projects/Mockito/lib/asm-all-5.0.4.jar:/home/serenach/tooling/defects4j/framework/projects/Mockito/lib/assertj-core-2.1.0.jar:/home/serenach/tooling/defects4j/framework/projects/Mockito/lib/cglib-and-asm-1.0.jar:/home/serenach/tooling/defects4j/framework/projects/Mockito/lib/cobertura-2.0.3.jar:/home/serenach/tooling/defects4j/framework/projects/Mockito/lib/fest-assert-1.3.jar:/home/serenach/tooling/defects4j/framework/projects/Mockito/lib/fest-util-1.1.4.jar:/home/serenach/tooling/defects4j/framework/projects/Mockito/lib/hamcrest-all-1.3.jar:/home/serenach/tooling/defects4j/framework/projects/Mockito/lib/hamcrest-core-1.1.jar:/home/serenach/tooling/defects4j/framework/projects/Mockito/lib/objenesis-2.1.jar:/home/serenach/tooling/defects4j/framework/projects/Mockito/lib/objenesis-2.2.jar:/home/serenach/tooling/defects4j/framework/projects/Mockito/lib/powermock-reflect-1.2.5.jar:/home/serenach/MultiEdit_Experiments/tmp/Mockito-020/patched/compileLib/byte-buddy-0.2.1.jar:/home/serenach/tooling/defects4j/framework/projects/lib/junit-4.11.jar:/home/serenach/MultiEdit_Experiments/tmp/Mockito-020/patched/build/classes/main:/home/serenach/MultiEdit_Experiments/tmp/Mockito-020/patched/build/classes/test:/home/serenach/tooling/defects4j/framework/projects/Mockito/lib/asm-all-5.0.4.jar:/home/serenach/tooling/defects4j/framework/projects/Mockito/lib/assertj-core-2.1.0.jar:/home/serenach/tooling/defects4j/framework/projects/Mockito/lib/cglib-and-asm-1.0.jar:/home/serenach/tooling/defects4j/framework/projects/Mockito/lib/cobertura-2.0.3.jar:/home/serenach/tooling/defects4j/framework/projects/Mockito/lib/fest-assert-1.3.jar:/home/serenach/tooling/defects4j/framework/projects/Mockito/lib/fest-util-1.1.4.jar:/home/serenach/tooling/defects4j/framework/projects/Mockito/lib/hamcrest-all-1.3.jar:/home/serenach/tooling/defects4j/framework/projects/Mockito/lib/hamcrest-core-1.1.jar:/home/serenach/tooling/defects4j/framework/projects/Mockito/lib/objenesis-2.1.jar:/home/serenach/tooling/defects4j/framework/projects/Mockito/lib/objenesis-2.2.jar:/home/serenach/tooling/defects4j/framework/projects/Mockito/lib/powermock-reflect-1.2.5.jar:/home/serenach/MultiEdit_Experiments/tmp/Mockito-020/patched/compileLib/byte-buddy-0.2.1.jar:lib/junit-4.13-rc-2.jar, -Xmx1024m, -javaagent:lib/jacocoagent.jar=excludes=org.junit.*,append=false, util.JUnitTestRunner, org.mockitousage.constructor.CreatingMocksWithConstructorTest::can_mock_abstract_classes]
OUTPUT: org.mockitousage.constructor.CreatingMocksWithConstructorTest::can_mock_abstract_classes
Test Class: org.mockitousage.constructor.CreatingMocksWithConstructorTest::can_mock_abstract_classes
class org.mockitousage.constructor.CreatingMocksWithConstructorTest
can_mock_abstract_classes
Requested #: 1
[SUCCESS]:true
[TOTAL]:1
[FAILURE]:0

[]

[rm, -rf, tmp/Mockito-020]
[rm, -rf, tmp/Mockito-020]

src/main/bash/checkoutD4J.sh Mockito 23 tmp/Mockito-023
[java, -classpath, target/classes:tmp/Mockito-023/patched/target/classes:tmp/Mockito-023/patched/target/test-classes:/home/serenach/MultiEdit_Experiments/tmp/Mockito-023/patched/target/classes:/home/serenach/tooling/defects4j/framework/projects/Mockito/lib/asm-all-5.0.4.jar:/home/serenach/tooling/defects4j/framework/projects/Mockito/lib/assertj-core-2.1.0.jar:/home/serenach/tooling/defects4j/framework/projects/Mockito/lib/cglib-and-asm-1.0.jar:/home/serenach/tooling/defects4j/framework/projects/Mockito/lib/cobertura-2.0.3.jar:/home/serenach/tooling/defects4j/framework/projects/Mockito/lib/fest-assert-1.3.jar:/home/serenach/tooling/defects4j/framework/projects/Mockito/lib/fest-util-1.1.4.jar:/home/serenach/tooling/defects4j/framework/projects/Mockito/lib/hamcrest-all-1.3.jar:/home/serenach/tooling/defects4j/framework/projects/Mockito/lib/hamcrest-core-1.1.jar:/home/serenach/tooling/defects4j/framework/projects/Mockito/lib/objenesis-2.1.jar:/home/serenach/tooling/defects4j/framework/projects/Mockito/lib/objenesis-2.2.jar:/home/serenach/tooling/defects4j/framework/projects/Mockito/lib/powermock-reflect-1.2.5.jar:/home/serenach/tooling/defects4j/framework/projects/lib/junit-4.11.jar:/home/serenach/MultiEdit_Experiments/tmp/Mockito-023/patched/target/classes:/home/serenach/MultiEdit_Experiments/tmp/Mockito-023/patched/target/test-classes:/home/serenach/tooling/defects4j/framework/projects/Mockito/lib/asm-all-5.0.4.jar:/home/serenach/tooling/defects4j/framework/projects/Mockito/lib/assertj-core-2.1.0.jar:/home/serenach/tooling/defects4j/framework/projects/Mockito/lib/cglib-and-asm-1.0.jar:/home/serenach/tooling/defects4j/framework/projects/Mockito/lib/cobertura-2.0.3.jar:/home/serenach/tooling/defects4j/framework/projects/Mockito/lib/fest-assert-1.3.jar:/home/serenach/tooling/defects4j/framework/projects/Mockito/lib/fest-util-1.1.4.jar:/home/serenach/tooling/defects4j/framework/projects/Mockito/lib/hamcrest-all-1.3.jar:/home/serenach/tooling/defects4j/framework/projects/Mockito/lib/hamcrest-core-1.1.jar:/home/serenach/tooling/defects4j/framework/projects/Mockito/lib/objenesis-2.1.jar:/home/serenach/tooling/defects4j/framework/projects/Mockito/lib/objenesis-2.2.jar:/home/serenach/tooling/defects4j/framework/projects/Mockito/lib/powermock-reflect-1.2.5.jar:lib/junit-4.13-rc-2.jar, -Xmx1024m, -javaagent:lib/jacocoagent.jar=excludes=org.junit.*,append=false, util.JUnitTestRunner, org.mockitousage.stubbing.DeepStubsSerializableTest::should_serialize_and_deserialize_mock_created_by_deep_stubs]
OUTPUT: org.mockitousage.stubbing.DeepStubsSerializableTest::should_serialize_and_deserialize_mock_created_by_deep_stubs
Test Class: org.mockitousage.stubbing.DeepStubsSerializableTest::should_serialize_and_deserialize_mock_created_by_deep_stubs
class org.mockitousage.stubbing.DeepStubsSerializableTest
should_serialize_and_deserialize_mock_created_by_deep_stubs
Requested #: 1
[SUCCESS]:true
[TOTAL]:1
[FAILURE]:0

[]

[rm, -rf, tmp/Mockito-023]
[rm, -rf, tmp/Mockito-023]

src/main/bash/checkoutD4J.sh Mockito 35 tmp/Mockito-035
[java, -classpath, target/classes:tmp/Mockito-035/patched/target/classes:tmp/Mockito-035/patched/target/test-classes:/home/serenach/MultiEdit_Experiments/tmp/Mockito-035/patched/target/classes:/home/serenach/tooling/defects4j/framework/projects/Mockito/lib/asm-all-5.0.4.jar:/home/serenach/tooling/defects4j/framework/projects/Mockito/lib/assertj-core-2.1.0.jar:/home/serenach/tooling/defects4j/framework/projects/Mockito/lib/cglib-and-asm-1.0.jar:/home/serenach/tooling/defects4j/framework/projects/Mockito/lib/cobertura-2.0.3.jar:/home/serenach/tooling/defects4j/framework/projects/Mockito/lib/fest-assert-1.3.jar:/home/serenach/tooling/defects4j/framework/projects/Mockito/lib/fest-util-1.1.4.jar:/home/serenach/tooling/defects4j/framework/projects/Mockito/lib/hamcrest-all-1.3.jar:/home/serenach/tooling/defects4j/framework/projects/Mockito/lib/hamcrest-core-1.1.jar:/home/serenach/tooling/defects4j/framework/projects/Mockito/lib/objenesis-2.1.jar:/home/serenach/tooling/defects4j/framework/projects/Mockito/lib/objenesis-2.2.jar:/home/serenach/tooling/defects4j/framework/projects/Mockito/lib/powermock-reflect-1.2.5.jar:/home/serenach/tooling/defects4j/framework/projects/lib/junit-4.11.jar:/home/serenach/MultiEdit_Experiments/tmp/Mockito-035/patched/target/classes:/home/serenach/MultiEdit_Experiments/tmp/Mockito-035/patched/target/test-classes:/home/serenach/tooling/defects4j/framework/projects/Mockito/lib/asm-all-5.0.4.jar:/home/serenach/tooling/defects4j/framework/projects/Mockito/lib/assertj-core-2.1.0.jar:/home/serenach/tooling/defects4j/framework/projects/Mockito/lib/cglib-and-asm-1.0.jar:/home/serenach/tooling/defects4j/framework/projects/Mockito/lib/cobertura-2.0.3.jar:/home/serenach/tooling/defects4j/framework/projects/Mockito/lib/fest-assert-1.3.jar:/home/serenach/tooling/defects4j/framework/projects/Mockito/lib/fest-util-1.1.4.jar:/home/serenach/tooling/defects4j/framework/projects/Mockito/lib/hamcrest-all-1.3.jar:/home/serenach/tooling/defects4j/framework/projects/Mockito/lib/hamcrest-core-1.1.jar:/home/serenach/tooling/defects4j/framework/projects/Mockito/lib/objenesis-2.1.jar:/home/serenach/tooling/defects4j/framework/projects/Mockito/lib/objenesis-2.2.jar:/home/serenach/tooling/defects4j/framework/projects/Mockito/lib/powermock-reflect-1.2.5.jar:lib/junit-4.13-rc-2.jar, -Xmx1024m, -javaagent:lib/jacocoagent.jar=excludes=org.junit.*,append=false, util.JUnitTestRunner, org.mockitousage.bugs.NPEWithCertainMatchersTest::shouldNotThrowNPEWhenIntPassed]
OUTPUT: org.mockitousage.bugs.NPEWithCertainMatchersTest::shouldNotThrowNPEWhenIntPassed
Test Class: org.mockitousage.bugs.NPEWithCertainMatchersTest::shouldNotThrowNPEWhenIntPassed
class org.mockitousage.bugs.NPEWithCertainMatchersTest
shouldNotThrowNPEWhenIntPassed
Requested #: 1
[SUCCESS]:true
[TOTAL]:1
[FAILURE]:0

[]

[java, -classpath, target/classes:tmp/Mockito-035/patched/target/classes:tmp/Mockito-035/patched/target/test-classes:/home/serenach/MultiEdit_Experiments/tmp/Mockito-035/patched/target/classes:/home/serenach/tooling/defects4j/framework/projects/Mockito/lib/asm-all-5.0.4.jar:/home/serenach/tooling/defects4j/framework/projects/Mockito/lib/assertj-core-2.1.0.jar:/home/serenach/tooling/defects4j/framework/projects/Mockito/lib/cglib-and-asm-1.0.jar:/home/serenach/tooling/defects4j/framework/projects/Mockito/lib/cobertura-2.0.3.jar:/home/serenach/tooling/defects4j/framework/projects/Mockito/lib/fest-assert-1.3.jar:/home/serenach/tooling/defects4j/framework/projects/Mockito/lib/fest-util-1.1.4.jar:/home/serenach/tooling/defects4j/framework/projects/Mockito/lib/hamcrest-all-1.3.jar:/home/serenach/tooling/defects4j/framework/projects/Mockito/lib/hamcrest-core-1.1.jar:/home/serenach/tooling/defects4j/framework/projects/Mockito/lib/objenesis-2.1.jar:/home/serenach/tooling/defects4j/framework/projects/Mockito/lib/objenesis-2.2.jar:/home/serenach/tooling/defects4j/framework/projects/Mockito/lib/powermock-reflect-1.2.5.jar:/home/serenach/tooling/defects4j/framework/projects/lib/junit-4.11.jar:/home/serenach/MultiEdit_Experiments/tmp/Mockito-035/patched/target/classes:/home/serenach/MultiEdit_Experiments/tmp/Mockito-035/patched/target/test-classes:/home/serenach/tooling/defects4j/framework/projects/Mockito/lib/asm-all-5.0.4.jar:/home/serenach/tooling/defects4j/framework/projects/Mockito/lib/assertj-core-2.1.0.jar:/home/serenach/tooling/defects4j/framework/projects/Mockito/lib/cglib-and-asm-1.0.jar:/home/serenach/tooling/defects4j/framework/projects/Mockito/lib/cobertura-2.0.3.jar:/home/serenach/tooling/defects4j/framework/projects/Mockito/lib/fest-assert-1.3.jar:/home/serenach/tooling/defects4j/framework/projects/Mockito/lib/fest-util-1.1.4.jar:/home/serenach/tooling/defects4j/framework/projects/Mockito/lib/hamcrest-all-1.3.jar:/home/serenach/tooling/defects4j/framework/projects/Mockito/lib/hamcrest-core-1.1.jar:/home/serenach/tooling/defects4j/framework/projects/Mockito/lib/objenesis-2.1.jar:/home/serenach/tooling/defects4j/framework/projects/Mockito/lib/objenesis-2.2.jar:/home/serenach/tooling/defects4j/framework/projects/Mockito/lib/powermock-reflect-1.2.5.jar:lib/junit-4.13-rc-2.jar, -Xmx1024m, -javaagent:lib/jacocoagent.jar=excludes=org.junit.*,append=false, util.JUnitTestRunner, org.mockitousage.bugs.NPEWithCertainMatchersTest::shouldNotThrowNPEWhenIntegerPassed]
OUTPUT: org.mockitousage.bugs.NPEWithCertainMatchersTest::shouldNotThrowNPEWhenIntegerPassed
Test Class: org.mockitousage.bugs.NPEWithCertainMatchersTest::shouldNotThrowNPEWhenIntegerPassed
class org.mockitousage.bugs.NPEWithCertainMatchersTest
shouldNotThrowNPEWhenIntegerPassed
Requested #: 1
[SUCCESS]:true
[TOTAL]:1
[FAILURE]:0

[]

[java, -classpath, target/classes:tmp/Mockito-035/patched/target/classes:tmp/Mockito-035/patched/target/test-classes:/home/serenach/MultiEdit_Experiments/tmp/Mockito-035/patched/target/classes:/home/serenach/tooling/defects4j/framework/projects/Mockito/lib/asm-all-5.0.4.jar:/home/serenach/tooling/defects4j/framework/projects/Mockito/lib/assertj-core-2.1.0.jar:/home/serenach/tooling/defects4j/framework/projects/Mockito/lib/cglib-and-asm-1.0.jar:/home/serenach/tooling/defects4j/framework/projects/Mockito/lib/cobertura-2.0.3.jar:/home/serenach/tooling/defects4j/framework/projects/Mockito/lib/fest-assert-1.3.jar:/home/serenach/tooling/defects4j/framework/projects/Mockito/lib/fest-util-1.1.4.jar:/home/serenach/tooling/defects4j/framework/projects/Mockito/lib/hamcrest-all-1.3.jar:/home/serenach/tooling/defects4j/framework/projects/Mockito/lib/hamcrest-core-1.1.jar:/home/serenach/tooling/defects4j/framework/projects/Mockito/lib/objenesis-2.1.jar:/home/serenach/tooling/defects4j/framework/projects/Mockito/lib/objenesis-2.2.jar:/home/serenach/tooling/defects4j/framework/projects/Mockito/lib/powermock-reflect-1.2.5.jar:/home/serenach/tooling/defects4j/framework/projects/lib/junit-4.11.jar:/home/serenach/MultiEdit_Experiments/tmp/Mockito-035/patched/target/classes:/home/serenach/MultiEdit_Experiments/tmp/Mockito-035/patched/target/test-classes:/home/serenach/tooling/defects4j/framework/projects/Mockito/lib/asm-all-5.0.4.jar:/home/serenach/tooling/defects4j/framework/projects/Mockito/lib/assertj-core-2.1.0.jar:/home/serenach/tooling/defects4j/framework/projects/Mockito/lib/cglib-and-asm-1.0.jar:/home/serenach/tooling/defects4j/framework/projects/Mockito/lib/cobertura-2.0.3.jar:/home/serenach/tooling/defects4j/framework/projects/Mockito/lib/fest-assert-1.3.jar:/home/serenach/tooling/defects4j/framework/projects/Mockito/lib/fest-util-1.1.4.jar:/home/serenach/tooling/defects4j/framework/projects/Mockito/lib/hamcrest-all-1.3.jar:/home/serenach/tooling/defects4j/framework/projects/Mockito/lib/hamcrest-core-1.1.jar:/home/serenach/tooling/defects4j/framework/projects/Mockito/lib/objenesis-2.1.jar:/home/serenach/tooling/defects4j/framework/projects/Mockito/lib/objenesis-2.2.jar:/home/serenach/tooling/defects4j/framework/projects/Mockito/lib/powermock-reflect-1.2.5.jar:lib/junit-4.13-rc-2.jar, -Xmx1024m, -javaagent:lib/jacocoagent.jar=excludes=org.junit.*,append=false, util.JUnitTestRunner, org.mockitousage.bugs.NPEWithCertainMatchersTest::shouldNotThrowNPEWhenIntegerPassedToEq]
OUTPUT: org.mockitousage.bugs.NPEWithCertainMatchersTest::shouldNotThrowNPEWhenIntegerPassedToEq
Test Class: org.mockitousage.bugs.NPEWithCertainMatchersTest::shouldNotThrowNPEWhenIntegerPassedToEq
class org.mockitousage.bugs.NPEWithCertainMatchersTest
shouldNotThrowNPEWhenIntegerPassedToEq
Requested #: 1
[SUCCESS]:true
[TOTAL]:1
[FAILURE]:0

[]

[java, -classpath, target/classes:tmp/Mockito-035/patched/target/classes:tmp/Mockito-035/patched/target/test-classes:/home/serenach/MultiEdit_Experiments/tmp/Mockito-035/patched/target/classes:/home/serenach/tooling/defects4j/framework/projects/Mockito/lib/asm-all-5.0.4.jar:/home/serenach/tooling/defects4j/framework/projects/Mockito/lib/assertj-core-2.1.0.jar:/home/serenach/tooling/defects4j/framework/projects/Mockito/lib/cglib-and-asm-1.0.jar:/home/serenach/tooling/defects4j/framework/projects/Mockito/lib/cobertura-2.0.3.jar:/home/serenach/tooling/defects4j/framework/projects/Mockito/lib/fest-assert-1.3.jar:/home/serenach/tooling/defects4j/framework/projects/Mockito/lib/fest-util-1.1.4.jar:/home/serenach/tooling/defects4j/framework/projects/Mockito/lib/hamcrest-all-1.3.jar:/home/serenach/tooling/defects4j/framework/projects/Mockito/lib/hamcrest-core-1.1.jar:/home/serenach/tooling/defects4j/framework/projects/Mockito/lib/objenesis-2.1.jar:/home/serenach/tooling/defects4j/framework/projects/Mockito/lib/objenesis-2.2.jar:/home/serenach/tooling/defects4j/framework/projects/Mockito/lib/powermock-reflect-1.2.5.jar:/home/serenach/tooling/defects4j/framework/projects/lib/junit-4.11.jar:/home/serenach/MultiEdit_Experiments/tmp/Mockito-035/patched/target/classes:/home/serenach/MultiEdit_Experiments/tmp/Mockito-035/patched/target/test-classes:/home/serenach/tooling/defects4j/framework/projects/Mockito/lib/asm-all-5.0.4.jar:/home/serenach/tooling/defects4j/framework/projects/Mockito/lib/assertj-core-2.1.0.jar:/home/serenach/tooling/defects4j/framework/projects/Mockito/lib/cglib-and-asm-1.0.jar:/home/serenach/tooling/defects4j/framework/projects/Mockito/lib/cobertura-2.0.3.jar:/home/serenach/tooling/defects4j/framework/projects/Mockito/lib/fest-assert-1.3.jar:/home/serenach/tooling/defects4j/framework/projects/Mockito/lib/fest-util-1.1.4.jar:/home/serenach/tooling/defects4j/framework/projects/Mockito/lib/hamcrest-all-1.3.jar:/home/serenach/tooling/defects4j/framework/projects/Mockito/lib/hamcrest-core-1.1.jar:/home/serenach/tooling/defects4j/framework/projects/Mockito/lib/objenesis-2.1.jar:/home/serenach/tooling/defects4j/framework/projects/Mockito/lib/objenesis-2.2.jar:/home/serenach/tooling/defects4j/framework/projects/Mockito/lib/powermock-reflect-1.2.5.jar:lib/junit-4.13-rc-2.jar, -Xmx1024m, -javaagent:lib/jacocoagent.jar=excludes=org.junit.*,append=false, util.JUnitTestRunner, org.mockitousage.bugs.NPEWithCertainMatchersTest::shouldNotThrowNPEWhenIntegerPassedToSame]
OUTPUT: org.mockitousage.bugs.NPEWithCertainMatchersTest::shouldNotThrowNPEWhenIntegerPassedToSame
Test Class: org.mockitousage.bugs.NPEWithCertainMatchersTest::shouldNotThrowNPEWhenIntegerPassedToSame
class org.mockitousage.bugs.NPEWithCertainMatchersTest
shouldNotThrowNPEWhenIntegerPassedToSame
Requested #: 1
[SUCCESS]:true
[TOTAL]:1
[FAILURE]:0

[]

[rm, -rf, tmp/Mockito-035]
[rm, -rf, tmp/Mockito-035]

